#
# A fatal error has been detected by the Java Runtime Environment:
#
#  EXCEPTION_ACCESS_VIOLATION (0xc0000005) at pc=0x00007ffafa45f74a, pid=1804, tid=10632
#
# JRE version: OpenJDK Runtime Environment AdoptOpenJDK (14.0.2+12) (build 14.0.2+12)
# Java VM: OpenJDK 64-Bit Server VM AdoptOpenJDK (14.0.2+12, mixed mode, sharing, tiered, compressed oops, g1 gc, windows-amd64)
# Problematic frame:
# C  [awt.dll+0x8f74a]
#
# No core dump will be written. Minidumps are not enabled by default on client versions of Windows
#
# If you would like to submit a bug report, please visit:
#   https://github.com/AdoptOpenJDK/openjdk-support/issues
# The crash happened outside the Java Virtual Machine in native code.
# See problematic frame for where to report the bug.
#

---------------  S U M M A R Y ------------

Command Line: -Dfile.encoding=UTF-8 -XX:+ShowCodeDetailsInExceptionMessages Pazzsample

Host: Intel(R) Core(TM) i5-8250U CPU @ 1.60GHz, 8 cores, 7G,  Windows 10 , 64 bit Build 19041 (10.0.19041.546)
Time: Wed Dec  9 11:42:10 2020 ìåãû (ïWèÄéû) elapsed time: 0 seconds (0d 0h 0m 0s)

---------------  T H R E A D  ---------------

Current thread (0x00000225ea9ee800):  JavaThread "AWT-EventQueue-0" [_thread_in_native, id=10632, stack(0x0000003556500000,0x0000003556600000)]

Stack: [0x0000003556500000,0x0000003556600000],  sp=0x00000035565fe9a0,  free space=1018k
Native frames: (J=compiled Java code, j=interpreted, Vv=VM code, C=native code)
C  [awt.dll+0x8f74a]

Java frames: (J=compiled Java code, j=interpreted, Vv=VM code)
j  sun.awt.windows.WComponentPeer._setFont(Ljava/awt/Font;)V+0 java.desktop@14.0.2
j  sun.awt.windows.WComponentPeer.setFont(Ljava/awt/Font;)V+7 java.desktop@14.0.2
j  sun.awt.windows.WWindowPeer.initialize()V+42 java.desktop@14.0.2
j  sun.awt.windows.WFramePeer.initialize()V+1 java.desktop@14.0.2
j  sun.awt.windows.WComponentPeer.<init>(Ljava/awt/Component;)V+83 java.desktop@14.0.2
j  sun.awt.windows.WCanvasPeer.<init>(Ljava/awt/Component;)V+2 java.desktop@14.0.2
j  sun.awt.windows.WPanelPeer.<init>(Ljava/awt/Component;)V+2 java.desktop@14.0.2
j  sun.awt.windows.WWindowPeer.<init>(Ljava/awt/Window;)V+2 java.desktop@14.0.2
j  sun.awt.windows.WFramePeer.<init>(Ljava/awt/Frame;)V+2 java.desktop@14.0.2
j  sun.awt.windows.WToolkit.createFrame(Ljava/awt/Frame;)Ljava/awt/peer/FramePeer;+5 java.desktop@14.0.2
j  java.awt.Frame.addNotify()V+20 java.desktop@14.0.2
j  java.awt.Window.show()V+8 java.desktop@14.0.2
j  java.awt.Component.show(Z)V+5 java.desktop@14.0.2
j  java.awt.Component.setVisible(Z)V+2 java.desktop@14.0.2
j  java.awt.Window.setVisible(Z)V+2 java.desktop@14.0.2
j  Pazzsample$1.run()V+10
j  java.awt.event.InvocationEvent.dispatch()V+47 java.desktop@14.0.2
j  java.awt.EventQueue.dispatchEventImpl(Ljava/awt/AWTEvent;Ljava/lang/Object;)V+21 java.desktop@14.0.2
j  java.awt.EventQueue$4.run()Ljava/lang/Void;+32 java.desktop@14.0.2
j  java.awt.EventQueue$4.run()Ljava/lang/Object;+1 java.desktop@14.0.2
j  java.security.AccessController.executePrivileged(Ljava/security/PrivilegedAction;Ljava/security/AccessControlContext;Ljava/lang/Class;)Ljava/lang/Object;+29 java.base@14.0.2
j  java.security.AccessController.doPrivileged(Ljava/security/PrivilegedAction;Ljava/security/AccessControlContext;)Ljava/lang/Object;+13 java.base@14.0.2
j  java.security.ProtectionDomain$JavaSecurityAccessImpl.doIntersectionPrivilege(Ljava/security/PrivilegedAction;Ljava/security/AccessControlContext;Ljava/security/AccessControlContext;)Ljava/lang/Object;+18 java.base@14.0.2
j  java.awt.EventQueue.dispatchEvent(Ljava/awt/AWTEvent;)V+46 java.desktop@14.0.2
j  java.awt.EventDispatchThread.pumpOneEventForFilters(I)V+78 java.desktop@14.0.2
j  java.awt.EventDispatchThread.pumpEventsForFilter(ILjava/awt/Conditional;Ljava/awt/EventFilter;)V+35 java.desktop@14.0.2
j  java.awt.EventDispatchThread.pumpEventsForHierarchy(ILjava/awt/Conditional;Ljava/awt/Component;)V+11 java.desktop@14.0.2
j  java.awt.EventDispatchThread.pumpEvents(ILjava/awt/Conditional;)V+4 java.desktop@14.0.2
j  java.awt.EventDispatchThread.pumpEvents(Ljava/awt/Conditional;)V+3 java.desktop@14.0.2
j  java.awt.EventDispatchThread.run()V+9 java.desktop@14.0.2
v  ~StubRoutines::call_stub

siginfo: EXCEPTION_ACCESS_VIOLATION (0xc0000005), reading address 0x0000000000000058


Register to memory mapping:

RIP=0x00007ffafa45f74a awt.dll
RAX=0x00007ffafa4db660 awt.dll
RBX=0x00000225ea9eeb10 points into unknown readable memory: 20 dc 8b e3 fa 7f 00 00
RCX=0x00000225ebedc2b0 points into unknown readable memory: 60 b6 4d fa fa 7f 00 00
RDX=0x0 is NULL
RSP=0x00000035565fe9a0 is pointing into the stack for thread: 0x00000225ea9ee800
RBP=0x0 is NULL
RSI=0x00000225ebd3e1f8 is a global jni handle
RDI=0x00000225ebd3e200 is a global jni handle
R8 =0x0000000000000042 is an unknown value
R9 =0x0000000800b4ea20 is a pointer to class: 
java.awt.Font {0x0000000800b4ea28}
R10=0x0000000000008000 is an unknown value
R11=0x00000035565fe9a0 is pointing into the stack for thread: 0x00000225ea9ee800
R12=0x0 is NULL
R13={method} {0x00000225e9efb600} '_setFont' '(Ljava/awt/Font;)V' in 'sun/awt/windows/WComponentPeer'
R14=0x00000225ebedc2b0 points into unknown readable memory: 60 b6 4d fa fa 7f 00 00
R15=0x00000225ebf1bd80 points into unknown readable memory: f8 e1 d3 eb 25 02 00 00


Registers:
RAX=0x00007ffafa4db660, RBX=0x00000225ea9eeb10, RCX=0x00000225ebedc2b0, RDX=0x0000000000000000
RSP=0x00000035565fe9a0, RBP=0x0000000000000000, RSI=0x00000225ebd3e1f8, RDI=0x00000225ebd3e200
R8 =0x0000000000000042, R9 =0x0000000800b4ea20, R10=0x0000000000008000, R11=0x00000035565fe9a0
R12=0x0000000000000000, R13=0x00000225e9efb5f8, R14=0x00000225ebedc2b0, R15=0x00000225ebf1bd80
RIP=0x00007ffafa45f74a, EFLAGS=0x0000000000010206

Top of Stack: (sp=0x00000035565fe9a0)
0x00000035565fe9a0:   00000225ebf1bd80 00000225ebedc2b0
0x00000035565fe9b0:   00000225ebf1bd80 00000225ebedc2b0
0x00000035565fe9c0:   00000225ebd3e200 00007ffafa464655
0x00000035565fe9d0:   00000225ea9eeb10 00000225ea9eeb10
0x00000035565fe9e0:   0000000000000000 00000225ebd3e1f8
0x00000035565fe9f0:   00000225ea9ee800 00000035565feb48
0x00000035565fea00:   00000225ebf1bd80 00007ffafa49d59b
0x00000035565fea10:   00007ffafa520018 00000035565feb20
0x00000035565fea20:   00007ffafa464528 0000000000000000
0x00000035565fea30:   fffffffffffffffe fffffffffffffffe
0x00000035565fea40:   00000225ebd3e1f8 00007ffafa46581c
0x00000035565fea50:   00000225ebd3e200 00000035565feb40
0x00000035565fea60:   00000035565feb40 00007ffafa520018
0x00000035565fea70:   fffffffffffffffe 00007ffae31c97c9
0x00000035565fea80:   00000225d2cca1b3 00000225d2cd00b4
0x00000035565fea90:   00000225e9efb5f8 0000000000000000 

Instructions: (pc=0x00007ffafa45f74a)
0x00007ffafa45f64a:   00 48 8b d9 e8 d9 dc ff ff 48 8b f8 48 85 c0 75
0x00007ffafa45f65a:   04 48 8b 7b 48 48 8b cf e8 b3 16 05 00 48 8b d8
0x00007ffafa45f66a:   48 85 c0 74 60 83 64 24 20 00 0f 57 c0 83 64 24
0x00007ffafa45f67a:   34 00 b9 11 00 00 00 83 64 24 38 00 f3 0f 7f 44
0x00007ffafa45f68a:   24 24 ff 15 86 cc 0b 00 4c 8d 44 24 40 ba 5c 00
0x00007ffafa45f69a:   00 00 48 8b c8 ff 15 2b cf 0b 00 83 f8 5c 75 0d
0x00007ffafa45f6aa:   48 8d 54 24 40 48 8b cb e8 12 17 05 00 48 8d 54
0x00007ffafa45f6ba:   24 20 48 8b cb e8 29 17 05 00 48 8b d3 48 8b cf
0x00007ffafa45f6ca:   e8 d6 16 05 00 48 8b 8c 24 a0 00 00 00 48 33 cc
0x00007ffafa45f6da:   e8 01 24 05 00 48 8b 9c 24 c8 00 00 00 48 81 c4
0x00007ffafa45f6ea:   b0 00 00 00 5f c3 40 53 48 83 ec 20 48 8b d9 ff
0x00007ffafa45f6fa:   15 69 d4 0b 00 48 85 c0 75 0a 48 8b 4b 48 ff 15
0x00007ffafa45f70a:   52 d4 0b 00 48 83 c4 20 5b c3 4c 63 c2 48 8b 15
0x00007ffafa45f71a:   2a b8 0b 00 48 ff 25 e3 d2 0b 00 cc cc cc 48 8b
0x00007ffafa45f72a:   d1 48 8b 0d 1e e8 0b 00 48 89 15 17 e8 0b 00 e9
0x00007ffafa45f73a:   f6 63 04 00 cc cc 48 89 5c 24 08 57 48 83 ec 20
0x00007ffafa45f74a:   83 7a 58 00 48 8b da 48 8b f9 7d 08 48 8b ca e8
0x00007ffafa45f75a:   4a 95 01 00 4c 8b 43 48 45 33 c9 48 8b 4f 48 4d
0x00007ffafa45f76a:   8b 00 41 8d 51 30 ff 15 5a d5 0b 00 48 8b 4f 48
0x00007ffafa45f77a:   33 d2 44 8d 42 01 48 8b 5c 24 30 48 83 c4 20 5f
0x00007ffafa45f78a:   48 ff 25 f7 d3 0b 00 cc cc cc 48 8b c4 48 89 58
0x00007ffafa45f79a:   08 48 89 68 10 48 89 70 18 48 89 78 20 41 56 48
0x00007ffafa45f7aa:   83 ec 20 4c 8b f2 48 8b f9 48 8b 0d 3e 06 0c 00
0x00007ffafa45f7ba:   ba 02 00 01 00 41 8b e8 e8 24 22 05 00 48 8b 97
0x00007ffafa45f7ca:   c0 00 00 00 33 db 48 8b f0 48 85 d2 74 0d 4c 8b
0x00007ffafa45f7da:   08 48 8b c8 41 ff 91 b0 00 00 00 4d 85 f6 74 14
0x00007ffafa45f7ea:   48 8b 06 49 8b d6 48 8b ce ff 90 a8 00 00 00 48
0x00007ffafa45f7fa:   8b d8 eb 05 bd 01 00 00 00 48 89 9f c0 00 00 00
0x00007ffafa45f80a:   89 af c8 00 00 00 48 8b 5c 24 30 48 8b 6c 24 38
0x00007ffafa45f81a:   48 8b 74 24 40 48 8b 7c 24 48 48 83 c4 20 41 5e
0x00007ffafa45f82a:   c3 cc 48 89 5c 24 08 48 89 6c 24 10 48 89 74 24
0x00007ffafa45f83a:   18 57 48 83 ec 20 33 db 48 8b f9 48 85 c9 75 09 


Stack slot to memory mapping:
stack at sp + 0 slots: 0x00000225ebf1bd80 points into unknown readable memory: f8 e1 d3 eb 25 02 00 00
stack at sp + 1 slots: 0x00000225ebedc2b0 points into unknown readable memory: 60 b6 4d fa fa 7f 00 00
stack at sp + 2 slots: 0x00000225ebf1bd80 points into unknown readable memory: f8 e1 d3 eb 25 02 00 00
stack at sp + 3 slots: 0x00000225ebedc2b0 points into unknown readable memory: 60 b6 4d fa fa 7f 00 00
stack at sp + 4 slots: 0x00000225ebd3e200 is a global jni handle
stack at sp + 5 slots: 0x00007ffafa464655 awt.dll
stack at sp + 6 slots: 0x00000225ea9eeb10 points into unknown readable memory: 20 dc 8b e3 fa 7f 00 00
stack at sp + 7 slots: 0x00000225ea9eeb10 points into unknown readable memory: 20 dc 8b e3 fa 7f 00 00


---------------  P R O C E S S  ---------------

Threads class SMR info:
_java_thread_list=0x00000225ea700fb0, length=17, elements={
0x00000225e9d74800, 0x00000225e9d76000, 0x00000225e9d92800, 0x00000225e9d93800,
0x00000225e9d96800, 0x00000225e9d99000, 0x00000225e9d9d000, 0x00000225e9da8800,
0x00000225ea78b000, 0x00000225ea7b1800, 0x00000225ea9c8000, 0x00000225ea9cb000,
0x00000225ea9d0000, 0x00000225ea9ee800, 0x00000225c8a89800, 0x00000225eaa66800,
0x00000225ebe58800
}

Java Threads: ( => current thread )
  0x00000225e9d74800 JavaThread "Reference Handler" daemon [_thread_blocked, id=3328, stack(0x0000003555700000,0x0000003555800000)]
  0x00000225e9d76000 JavaThread "Finalizer" daemon [_thread_blocked, id=11004, stack(0x0000003555800000,0x0000003555900000)]
  0x00000225e9d92800 JavaThread "Signal Dispatcher" daemon [_thread_blocked, id=11844, stack(0x0000003555900000,0x0000003555a00000)]
  0x00000225e9d93800 JavaThread "Attach Listener" daemon [_thread_blocked, id=2244, stack(0x0000003555a00000,0x0000003555b00000)]
  0x00000225e9d96800 JavaThread "Service Thread" daemon [_thread_blocked, id=14180, stack(0x0000003555b00000,0x0000003555c00000)]
  0x00000225e9d99000 JavaThread "C2 CompilerThread0" daemon [_thread_blocked, id=12236, stack(0x0000003555c00000,0x0000003555d00000)]
  0x00000225e9d9d000 JavaThread "C1 CompilerThread0" daemon [_thread_blocked, id=10588, stack(0x0000003555d00000,0x0000003555e00000)]
  0x00000225e9da8800 JavaThread "Sweeper thread" daemon [_thread_blocked, id=8684, stack(0x0000003555e00000,0x0000003555f00000)]
  0x00000225ea78b000 JavaThread "Notification Thread" daemon [_thread_blocked, id=3316, stack(0x0000003555f00000,0x0000003556000000)]
  0x00000225ea7b1800 JavaThread "Common-Cleaner" daemon [_thread_blocked, id=3112, stack(0x0000003556100000,0x0000003556200000)]
  0x00000225ea9c8000 JavaThread "Java2D Disposer" daemon [_thread_blocked, id=14236, stack(0x0000003556200000,0x0000003556300000)]
  0x00000225ea9cb000 JavaThread "AWT-Shutdown" [_thread_blocked, id=7220, stack(0x0000003556300000,0x0000003556400000)]
  0x00000225ea9d0000 JavaThread "AWT-Windows" daemon [_thread_in_native, id=7412, stack(0x0000003556400000,0x0000003556500000)]
=>0x00000225ea9ee800 JavaThread "AWT-EventQueue-0" [_thread_in_native, id=10632, stack(0x0000003556500000,0x0000003556600000)]
  0x00000225c8a89800 JavaThread "DestroyJavaVM" [_thread_blocked, id=7896, stack(0x0000003555000000,0x0000003555100000)]
  0x00000225eaa66800 JavaThread "Image Fetcher 0" daemon [_thread_blocked, id=684, stack(0x0000003556600000,0x0000003556700000)]
  0x00000225ebe58800 JavaThread "C2 CompilerThread1" daemon [_thread_blocked, id=13412, stack(0x0000003556700000,0x0000003556800000)]

Other Threads:
  0x00000225e9d72800 VMThread "VM Thread" [stack: 0x0000003555600000,0x0000003555700000] [id=7548]
  0x00000225ea7ac800 WatcherThread [stack: 0x0000003556000000,0x0000003556100000] [id=160]
  0x00000225c8acf000 GCTaskThread "GC Thread#0" [stack: 0x0000003555100000,0x0000003555200000] [id=12864]
  0x00000225c8ae2800 ConcurrentGCThread "G1 Main Marker" [stack: 0x0000003555200000,0x0000003555300000] [id=8904]
  0x00000225c8ae4000 ConcurrentGCThread "G1 Conc#0" [stack: 0x0000003555300000,0x0000003555400000] [id=12644]
  0x00000225e9be6800 ConcurrentGCThread "G1 Refine#0" [stack: 0x0000003555400000,0x0000003555500000] [id=1384]
  0x00000225c8b6e800 ConcurrentGCThread "G1 Young RemSet Sampling" [stack: 0x0000003555500000,0x0000003555600000] [id=10408]

Threads with active compile tasks:

VM state:not at safepoint (normal execution)

VM Mutex/Monitor currently owned by a thread: None

Heap address: 0x0000000081200000, size: 2030 MB, Compressed Oops mode: 32-bit
Narrow klass base: 0x0000000800000000, Narrow klass shift: 3
Compressed class space size: 1073741824 Address: 0x0000000800b30000

Heap:
 garbage-first heap   total 131072K, used 10240K [0x0000000081200000, 0x0000000100000000)
  region size 1024K, 12 young (12288K), 0 survivors (0K)
 Metaspace       used 7264K, capacity 7480K, committed 7680K, reserved 1056768K
  class space    used 841K, capacity 973K, committed 1024K, reserved 1048576K
Heap Regions: E=young(eden), S=young(survivor), O=old, HS=humongous(starts), HC=humongous(continues), CS=collection set, F=free, OA=open archive, CA=closed archive, TAMS=top-at-mark-start (previous, next)
|   0|0x0000000081200000, 0x0000000081200000, 0x0000000081300000|  0%| F|  |TAMS 0x0000000081200000, 0x0000000081200000| Untracked 
|   1|0x0000000081300000, 0x0000000081300000, 0x0000000081400000|  0%| F|  |TAMS 0x0000000081300000, 0x0000000081300000| Untracked 
|   2|0x0000000081400000, 0x0000000081400000, 0x0000000081500000|  0%| F|  |TAMS 0x0000000081400000, 0x0000000081400000| Untracked 
|   3|0x0000000081500000, 0x0000000081500000, 0x0000000081600000|  0%| F|  |TAMS 0x0000000081500000, 0x0000000081500000| Untracked 
|   4|0x0000000081600000, 0x0000000081600000, 0x0000000081700000|  0%| F|  |TAMS 0x0000000081600000, 0x0000000081600000| Untracked 
|   5|0x0000000081700000, 0x0000000081700000, 0x0000000081800000|  0%| F|  |TAMS 0x0000000081700000, 0x0000000081700000| Untracked 
|   6|0x0000000081800000, 0x0000000081800000, 0x0000000081900000|  0%| F|  |TAMS 0x0000000081800000, 0x0000000081800000| Untracked 
|   7|0x0000000081900000, 0x0000000081900000, 0x0000000081a00000|  0%| F|  |TAMS 0x0000000081900000, 0x0000000081900000| Untracked 
|   8|0x0000000081a00000, 0x0000000081a00000, 0x0000000081b00000|  0%| F|  |TAMS 0x0000000081a00000, 0x0000000081a00000| Untracked 
|   9|0x0000000081b00000, 0x0000000081b00000, 0x0000000081c00000|  0%| F|  |TAMS 0x0000000081b00000, 0x0000000081b00000| Untracked 
|  10|0x0000000081c00000, 0x0000000081c00000, 0x0000000081d00000|  0%| F|  |TAMS 0x0000000081c00000, 0x0000000081c00000| Untracked 
|  11|0x0000000081d00000, 0x0000000081d00000, 0x0000000081e00000|  0%| F|  |TAMS 0x0000000081d00000, 0x0000000081d00000| Untracked 
|  12|0x0000000081e00000, 0x0000000081e00000, 0x0000000081f00000|  0%| F|  |TAMS 0x0000000081e00000, 0x0000000081e00000| Untracked 
|  13|0x0000000081f00000, 0x0000000081f00000, 0x0000000082000000|  0%| F|  |TAMS 0x0000000081f00000, 0x0000000081f00000| Untracked 
|  14|0x0000000082000000, 0x0000000082000000, 0x0000000082100000|  0%| F|  |TAMS 0x0000000082000000, 0x0000000082000000| Untracked 
|  15|0x0000000082100000, 0x0000000082100000, 0x0000000082200000|  0%| F|  |TAMS 0x0000000082100000, 0x0000000082100000| Untracked 
|  16|0x0000000082200000, 0x0000000082200000, 0x0000000082300000|  0%| F|  |TAMS 0x0000000082200000, 0x0000000082200000| Untracked 
|  17|0x0000000082300000, 0x0000000082300000, 0x0000000082400000|  0%| F|  |TAMS 0x0000000082300000, 0x0000000082300000| Untracked 
|  18|0x0000000082400000, 0x0000000082400000, 0x0000000082500000|  0%| F|  |TAMS 0x0000000082400000, 0x0000000082400000| Untracked 
|  19|0x0000000082500000, 0x0000000082500000, 0x0000000082600000|  0%| F|  |TAMS 0x0000000082500000, 0x0000000082500000| Untracked 
|  20|0x0000000082600000, 0x0000000082600000, 0x0000000082700000|  0%| F|  |TAMS 0x0000000082600000, 0x0000000082600000| Untracked 
|  21|0x0000000082700000, 0x0000000082700000, 0x0000000082800000|  0%| F|  |TAMS 0x0000000082700000, 0x0000000082700000| Untracked 
|  22|0x0000000082800000, 0x0000000082800000, 0x0000000082900000|  0%| F|  |TAMS 0x0000000082800000, 0x0000000082800000| Untracked 
|  23|0x0000000082900000, 0x0000000082900000, 0x0000000082a00000|  0%| F|  |TAMS 0x0000000082900000, 0x0000000082900000| Untracked 
|  24|0x0000000082a00000, 0x0000000082a00000, 0x0000000082b00000|  0%| F|  |TAMS 0x0000000082a00000, 0x0000000082a00000| Untracked 
|  25|0x0000000082b00000, 0x0000000082b00000, 0x0000000082c00000|  0%| F|  |TAMS 0x0000000082b00000, 0x0000000082b00000| Untracked 
|  26|0x0000000082c00000, 0x0000000082c00000, 0x0000000082d00000|  0%| F|  |TAMS 0x0000000082c00000, 0x0000000082c00000| Untracked 
|  27|0x0000000082d00000, 0x0000000082d00000, 0x0000000082e00000|  0%| F|  |TAMS 0x0000000082d00000, 0x0000000082d00000| Untracked 
|  28|0x0000000082e00000, 0x0000000082e00000, 0x0000000082f00000|  0%| F|  |TAMS 0x0000000082e00000, 0x0000000082e00000| Untracked 
|  29|0x0000000082f00000, 0x0000000082f00000, 0x0000000083000000|  0%| F|  |TAMS 0x0000000082f00000, 0x0000000082f00000| Untracked 
|  30|0x0000000083000000, 0x0000000083000000, 0x0000000083100000|  0%| F|  |TAMS 0x0000000083000000, 0x0000000083000000| Untracked 
|  31|0x0000000083100000, 0x0000000083100000, 0x0000000083200000|  0%| F|  |TAMS 0x0000000083100000, 0x0000000083100000| Untracked 
|  32|0x0000000083200000, 0x0000000083200000, 0x0000000083300000|  0%| F|  |TAMS 0x0000000083200000, 0x0000000083200000| Untracked 
|  33|0x0000000083300000, 0x0000000083300000, 0x0000000083400000|  0%| F|  |TAMS 0x0000000083300000, 0x0000000083300000| Untracked 
|  34|0x0000000083400000, 0x0000000083400000, 0x0000000083500000|  0%| F|  |TAMS 0x0000000083400000, 0x0000000083400000| Untracked 
|  35|0x0000000083500000, 0x0000000083500000, 0x0000000083600000|  0%| F|  |TAMS 0x0000000083500000, 0x0000000083500000| Untracked 
|  36|0x0000000083600000, 0x0000000083600000, 0x0000000083700000|  0%| F|  |TAMS 0x0000000083600000, 0x0000000083600000| Untracked 
|  37|0x0000000083700000, 0x0000000083700000, 0x0000000083800000|  0%| F|  |TAMS 0x0000000083700000, 0x0000000083700000| Untracked 
|  38|0x0000000083800000, 0x0000000083800000, 0x0000000083900000|  0%| F|  |TAMS 0x0000000083800000, 0x0000000083800000| Untracked 
|  39|0x0000000083900000, 0x0000000083900000, 0x0000000083a00000|  0%| F|  |TAMS 0x0000000083900000, 0x0000000083900000| Untracked 
|  40|0x0000000083a00000, 0x0000000083a00000, 0x0000000083b00000|  0%| F|  |TAMS 0x0000000083a00000, 0x0000000083a00000| Untracked 
|  41|0x0000000083b00000, 0x0000000083b00000, 0x0000000083c00000|  0%| F|  |TAMS 0x0000000083b00000, 0x0000000083b00000| Untracked 
|  42|0x0000000083c00000, 0x0000000083c00000, 0x0000000083d00000|  0%| F|  |TAMS 0x0000000083c00000, 0x0000000083c00000| Untracked 
|  43|0x0000000083d00000, 0x0000000083d00000, 0x0000000083e00000|  0%| F|  |TAMS 0x0000000083d00000, 0x0000000083d00000| Untracked 
|  44|0x0000000083e00000, 0x0000000083e00000, 0x0000000083f00000|  0%| F|  |TAMS 0x0000000083e00000, 0x0000000083e00000| Untracked 
|  45|0x0000000083f00000, 0x0000000083f00000, 0x0000000084000000|  0%| F|  |TAMS 0x0000000083f00000, 0x0000000083f00000| Untracked 
|  46|0x0000000084000000, 0x0000000084000000, 0x0000000084100000|  0%| F|  |TAMS 0x0000000084000000, 0x0000000084000000| Untracked 
|  47|0x0000000084100000, 0x0000000084100000, 0x0000000084200000|  0%| F|  |TAMS 0x0000000084100000, 0x0000000084100000| Untracked 
|  48|0x0000000084200000, 0x0000000084200000, 0x0000000084300000|  0%| F|  |TAMS 0x0000000084200000, 0x0000000084200000| Untracked 
|  49|0x0000000084300000, 0x0000000084300000, 0x0000000084400000|  0%| F|  |TAMS 0x0000000084300000, 0x0000000084300000| Untracked 
|  50|0x0000000084400000, 0x0000000084400000, 0x0000000084500000|  0%| F|  |TAMS 0x0000000084400000, 0x0000000084400000| Untracked 
|  51|0x0000000084500000, 0x0000000084500000, 0x0000000084600000|  0%| F|  |TAMS 0x0000000084500000, 0x0000000084500000| Untracked 
|  52|0x0000000084600000, 0x0000000084600000, 0x0000000084700000|  0%| F|  |TAMS 0x0000000084600000, 0x0000000084600000| Untracked 
|  53|0x0000000084700000, 0x0000000084700000, 0x0000000084800000|  0%| F|  |TAMS 0x0000000084700000, 0x0000000084700000| Untracked 
|  54|0x0000000084800000, 0x0000000084800000, 0x0000000084900000|  0%| F|  |TAMS 0x0000000084800000, 0x0000000084800000| Untracked 
|  55|0x0000000084900000, 0x0000000084900000, 0x0000000084a00000|  0%| F|  |TAMS 0x0000000084900000, 0x0000000084900000| Untracked 
|  56|0x0000000084a00000, 0x0000000084a00000, 0x0000000084b00000|  0%| F|  |TAMS 0x0000000084a00000, 0x0000000084a00000| Untracked 
|  57|0x0000000084b00000, 0x0000000084b00000, 0x0000000084c00000|  0%| F|  |TAMS 0x0000000084b00000, 0x0000000084b00000| Untracked 
|  58|0x0000000084c00000, 0x0000000084c00000, 0x0000000084d00000|  0%| F|  |TAMS 0x0000000084c00000, 0x0000000084c00000| Untracked 
|  59|0x0000000084d00000, 0x0000000084d00000, 0x0000000084e00000|  0%| F|  |TAMS 0x0000000084d00000, 0x0000000084d00000| Untracked 
|  60|0x0000000084e00000, 0x0000000084e00000, 0x0000000084f00000|  0%| F|  |TAMS 0x0000000084e00000, 0x0000000084e00000| Untracked 
|  61|0x0000000084f00000, 0x0000000084f00000, 0x0000000085000000|  0%| F|  |TAMS 0x0000000084f00000, 0x0000000084f00000| Untracked 
|  62|0x0000000085000000, 0x0000000085000000, 0x0000000085100000|  0%| F|  |TAMS 0x0000000085000000, 0x0000000085000000| Untracked 
|  63|0x0000000085100000, 0x0000000085100000, 0x0000000085200000|  0%| F|  |TAMS 0x0000000085100000, 0x0000000085100000| Untracked 
|  64|0x0000000085200000, 0x0000000085200000, 0x0000000085300000|  0%| F|  |TAMS 0x0000000085200000, 0x0000000085200000| Untracked 
|  65|0x0000000085300000, 0x0000000085300000, 0x0000000085400000|  0%| F|  |TAMS 0x0000000085300000, 0x0000000085300000| Untracked 
|  66|0x0000000085400000, 0x0000000085400000, 0x0000000085500000|  0%| F|  |TAMS 0x0000000085400000, 0x0000000085400000| Untracked 
|  67|0x0000000085500000, 0x0000000085500000, 0x0000000085600000|  0%| F|  |TAMS 0x0000000085500000, 0x0000000085500000| Untracked 
|  68|0x0000000085600000, 0x0000000085600000, 0x0000000085700000|  0%| F|  |TAMS 0x0000000085600000, 0x0000000085600000| Untracked 
|  69|0x0000000085700000, 0x0000000085700000, 0x0000000085800000|  0%| F|  |TAMS 0x0000000085700000, 0x0000000085700000| Untracked 
|  70|0x0000000085800000, 0x0000000085800000, 0x0000000085900000|  0%| F|  |TAMS 0x0000000085800000, 0x0000000085800000| Untracked 
|  71|0x0000000085900000, 0x0000000085900000, 0x0000000085a00000|  0%| F|  |TAMS 0x0000000085900000, 0x0000000085900000| Untracked 
|  72|0x0000000085a00000, 0x0000000085a00000, 0x0000000085b00000|  0%| F|  |TAMS 0x0000000085a00000, 0x0000000085a00000| Untracked 
|  73|0x0000000085b00000, 0x0000000085b00000, 0x0000000085c00000|  0%| F|  |TAMS 0x0000000085b00000, 0x0000000085b00000| Untracked 
|  74|0x0000000085c00000, 0x0000000085c00000, 0x0000000085d00000|  0%| F|  |TAMS 0x0000000085c00000, 0x0000000085c00000| Untracked 
|  75|0x0000000085d00000, 0x0000000085d00000, 0x0000000085e00000|  0%| F|  |TAMS 0x0000000085d00000, 0x0000000085d00000| Untracked 
|  76|0x0000000085e00000, 0x0000000085e00000, 0x0000000085f00000|  0%| F|  |TAMS 0x0000000085e00000, 0x0000000085e00000| Untracked 
|  77|0x0000000085f00000, 0x0000000085f00000, 0x0000000086000000|  0%| F|  |TAMS 0x0000000085f00000, 0x0000000085f00000| Untracked 
|  78|0x0000000086000000, 0x0000000086000000, 0x0000000086100000|  0%| F|  |TAMS 0x0000000086000000, 0x0000000086000000| Untracked 
|  79|0x0000000086100000, 0x0000000086100000, 0x0000000086200000|  0%| F|  |TAMS 0x0000000086100000, 0x0000000086100000| Untracked 
|  80|0x0000000086200000, 0x0000000086200000, 0x0000000086300000|  0%| F|  |TAMS 0x0000000086200000, 0x0000000086200000| Untracked 
|  81|0x0000000086300000, 0x0000000086300000, 0x0000000086400000|  0%| F|  |TAMS 0x0000000086300000, 0x0000000086300000| Untracked 
|  82|0x0000000086400000, 0x0000000086400000, 0x0000000086500000|  0%| F|  |TAMS 0x0000000086400000, 0x0000000086400000| Untracked 
|  83|0x0000000086500000, 0x0000000086500000, 0x0000000086600000|  0%| F|  |TAMS 0x0000000086500000, 0x0000000086500000| Untracked 
|  84|0x0000000086600000, 0x0000000086600000, 0x0000000086700000|  0%| F|  |TAMS 0x0000000086600000, 0x0000000086600000| Untracked 
|  85|0x0000000086700000, 0x0000000086700000, 0x0000000086800000|  0%| F|  |TAMS 0x0000000086700000, 0x0000000086700000| Untracked 
|  86|0x0000000086800000, 0x0000000086800000, 0x0000000086900000|  0%| F|  |TAMS 0x0000000086800000, 0x0000000086800000| Untracked 
|  87|0x0000000086900000, 0x0000000086900000, 0x0000000086a00000|  0%| F|  |TAMS 0x0000000086900000, 0x0000000086900000| Untracked 
|  88|0x0000000086a00000, 0x0000000086a00000, 0x0000000086b00000|  0%| F|  |TAMS 0x0000000086a00000, 0x0000000086a00000| Untracked 
|  89|0x0000000086b00000, 0x0000000086b00000, 0x0000000086c00000|  0%| F|  |TAMS 0x0000000086b00000, 0x0000000086b00000| Untracked 
|  90|0x0000000086c00000, 0x0000000086c00000, 0x0000000086d00000|  0%| F|  |TAMS 0x0000000086c00000, 0x0000000086c00000| Untracked 
|  91|0x0000000086d00000, 0x0000000086d00000, 0x0000000086e00000|  0%| F|  |TAMS 0x0000000086d00000, 0x0000000086d00000| Untracked 
|  92|0x0000000086e00000, 0x0000000086e00000, 0x0000000086f00000|  0%| F|  |TAMS 0x0000000086e00000, 0x0000000086e00000| Untracked 
|  93|0x0000000086f00000, 0x0000000086f00000, 0x0000000087000000|  0%| F|  |TAMS 0x0000000086f00000, 0x0000000086f00000| Untracked 
|  94|0x0000000087000000, 0x0000000087000000, 0x0000000087100000|  0%| F|  |TAMS 0x0000000087000000, 0x0000000087000000| Untracked 
|  95|0x0000000087100000, 0x0000000087100000, 0x0000000087200000|  0%| F|  |TAMS 0x0000000087100000, 0x0000000087100000| Untracked 
|  96|0x0000000087200000, 0x0000000087200000, 0x0000000087300000|  0%| F|  |TAMS 0x0000000087200000, 0x0000000087200000| Untracked 
|  97|0x0000000087300000, 0x0000000087300000, 0x0000000087400000|  0%| F|  |TAMS 0x0000000087300000, 0x0000000087300000| Untracked 
|  98|0x0000000087400000, 0x0000000087400000, 0x0000000087500000|  0%| F|  |TAMS 0x0000000087400000, 0x0000000087400000| Untracked 
|  99|0x0000000087500000, 0x0000000087500000, 0x0000000087600000|  0%| F|  |TAMS 0x0000000087500000, 0x0000000087500000| Untracked 
| 100|0x0000000087600000, 0x0000000087600000, 0x0000000087700000|  0%| F|  |TAMS 0x0000000087600000, 0x0000000087600000| Untracked 
| 101|0x0000000087700000, 0x0000000087700000, 0x0000000087800000|  0%| F|  |TAMS 0x0000000087700000, 0x0000000087700000| Untracked 
| 102|0x0000000087800000, 0x0000000087800000, 0x0000000087900000|  0%| F|  |TAMS 0x0000000087800000, 0x0000000087800000| Untracked 
| 103|0x0000000087900000, 0x0000000087900000, 0x0000000087a00000|  0%| F|  |TAMS 0x0000000087900000, 0x0000000087900000| Untracked 
| 104|0x0000000087a00000, 0x0000000087a00000, 0x0000000087b00000|  0%| F|  |TAMS 0x0000000087a00000, 0x0000000087a00000| Untracked 
| 105|0x0000000087b00000, 0x0000000087b00000, 0x0000000087c00000|  0%| F|  |TAMS 0x0000000087b00000, 0x0000000087b00000| Untracked 
| 106|0x0000000087c00000, 0x0000000087c00000, 0x0000000087d00000|  0%| F|  |TAMS 0x0000000087c00000, 0x0000000087c00000| Untracked 
| 107|0x0000000087d00000, 0x0000000087d00000, 0x0000000087e00000|  0%| F|  |TAMS 0x0000000087d00000, 0x0000000087d00000| Untracked 
| 108|0x0000000087e00000, 0x0000000087e00000, 0x0000000087f00000|  0%| F|  |TAMS 0x0000000087e00000, 0x0000000087e00000| Untracked 
| 109|0x0000000087f00000, 0x0000000087f00000, 0x0000000088000000|  0%| F|  |TAMS 0x0000000087f00000, 0x0000000087f00000| Untracked 
| 110|0x0000000088000000, 0x0000000088000000, 0x0000000088100000|  0%| F|  |TAMS 0x0000000088000000, 0x0000000088000000| Untracked 
| 111|0x0000000088100000, 0x0000000088100000, 0x0000000088200000|  0%| F|  |TAMS 0x0000000088100000, 0x0000000088100000| Untracked 
| 112|0x0000000088200000, 0x0000000088200000, 0x0000000088300000|  0%| F|  |TAMS 0x0000000088200000, 0x0000000088200000| Untracked 
| 113|0x0000000088300000, 0x0000000088300000, 0x0000000088400000|  0%| F|  |TAMS 0x0000000088300000, 0x0000000088300000| Untracked 
| 114|0x0000000088400000, 0x0000000088400000, 0x0000000088500000|  0%| F|  |TAMS 0x0000000088400000, 0x0000000088400000| Untracked 
| 115|0x0000000088500000, 0x0000000088500000, 0x0000000088600000|  0%| F|  |TAMS 0x0000000088500000, 0x0000000088500000| Untracked 
| 116|0x0000000088600000, 0x0000000088700000, 0x0000000088700000|100%| E|  |TAMS 0x0000000088600000, 0x0000000088600000| Complete 
| 117|0x0000000088700000, 0x0000000088800000, 0x0000000088800000|100%| E|  |TAMS 0x0000000088700000, 0x0000000088700000| Complete 
| 118|0x0000000088800000, 0x0000000088900000, 0x0000000088900000|100%| E|CS|TAMS 0x0000000088800000, 0x0000000088800000| Complete 
| 119|0x0000000088900000, 0x0000000088a00000, 0x0000000088a00000|100%| E|CS|TAMS 0x0000000088900000, 0x0000000088900000| Complete 
| 120|0x0000000088a00000, 0x0000000088b00000, 0x0000000088b00000|100%| E|CS|TAMS 0x0000000088a00000, 0x0000000088a00000| Complete 
| 121|0x0000000088b00000, 0x0000000088c00000, 0x0000000088c00000|100%| E|CS|TAMS 0x0000000088b00000, 0x0000000088b00000| Complete 
| 122|0x0000000088c00000, 0x0000000088d00000, 0x0000000088d00000|100%| E|CS|TAMS 0x0000000088c00000, 0x0000000088c00000| Complete 
| 123|0x0000000088d00000, 0x0000000088e00000, 0x0000000088e00000|100%| E|CS|TAMS 0x0000000088d00000, 0x0000000088d00000| Complete 
| 124|0x0000000088e00000, 0x0000000088f00000, 0x0000000088f00000|100%| E|CS|TAMS 0x0000000088e00000, 0x0000000088e00000| Complete 
| 125|0x0000000088f00000, 0x0000000089000000, 0x0000000089000000|100%| E|CS|TAMS 0x0000000088f00000, 0x0000000088f00000| Complete 
| 126|0x0000000089000000, 0x0000000089100000, 0x0000000089100000|100%| E|CS|TAMS 0x0000000089000000, 0x0000000089000000| Complete 
| 127|0x0000000089100000, 0x0000000089200000, 0x0000000089200000|100%| E|CS|TAMS 0x0000000089100000, 0x0000000089100000| Complete 

Card table byte_map: [0x00000225e2b20000,0x00000225e2f20000] _byte_map_base: 0x00000225e2717000

Marking Bits (Prev, Next): (CMBitMap*) 0x00000225c8ad07c8, (CMBitMap*) 0x00000225c8ad0808
 Prev Bits: [0x00000225e3320000, 0x00000225e52d8000)
 Next Bits: [0x00000225e52e0000, 0x00000225e7298000)

Polling page: 0x00000225c8920000

Metaspace:

Usage:
  Non-class:      6.35 MB capacity,     6.27 MB ( 99%) used,    64.58 KB ( <1%) free+waste,    19.50 KB ( <1%) overhead. 
      Class:    973.00 KB capacity,   841.68 KB ( 87%) used,   118.07 KB ( 12%) free+waste,    13.25 KB (  1%) overhead. 
       Both:      7.30 MB capacity,     7.09 MB ( 97%) used,   182.65 KB (  2%) free+waste,    32.75 KB ( <1%) overhead. 

Virtual space:
  Non-class space:        8.00 MB reserved,       6.50 MB ( 81%) committed 
      Class space:        1.00 GB reserved,       1.00 MB ( <1%) committed 
             Both:        1.01 GB reserved,       7.50 MB ( <1%) committed 

Chunk freelists:
   Non-Class:  21.00 KB
       Class:  19.00 KB
        Both:  40.00 KB

MaxMetaspaceSize: 17179869184.00 GB
CompressedClassSpaceSize: 1.00 GB

CodeHeap 'non-profiled nmethods': size=120000Kb used=234Kb max_used=234Kb free=119765Kb
 bounds [0x00000225da790000, 0x00000225daa00000, 0x00000225e1cc0000]
CodeHeap 'profiled nmethods': size=120000Kb used=1222Kb max_used=1222Kb free=118777Kb
 bounds [0x00000225d3260000, 0x00000225d34d0000, 0x00000225da790000]
CodeHeap 'non-nmethods': size=5760Kb used=1255Kb max_used=1282Kb free=4504Kb
 bounds [0x00000225d2cc0000, 0x00000225d2f30000, 0x00000225d3260000]
 total_blobs=1249 nmethods=711 adapters=451
 compilation: enabled
              stopped_count=0, restarted_count=0
 full_count=0

Compilation events (20 events):
Event: 0.425 Thread 0x00000225e9d9d000 nmethod 699 0x00000225d338a610 code [0x00000225d338a800, 0x00000225d338abe8]
Event: 0.425 Thread 0x00000225e9d9d000  700       3       java.util.ArrayList$Itr::checkForComodification (23 bytes)
Event: 0.425 Thread 0x00000225e9d9d000 nmethod 700 0x00000225d338ae10 code [0x00000225d338afc0, 0x00000225d338b1a8]
Event: 0.427 Thread 0x00000225e9d9d000  701       3       java.lang.invoke.MethodTypeForm::canonicalize (64 bytes)
Event: 0.427 Thread 0x00000225e9d9d000 nmethod 701 0x00000225d338b290 code [0x00000225d338b460, 0x00000225d338b748]
Event: 0.427 Thread 0x00000225e9d9d000  702       3       java.lang.invoke.MethodType$ConcurrentWeakInternSet::add (66 bytes)
Event: 0.428 Thread 0x00000225e9d9d000 nmethod 702 0x00000225d338b890 code [0x00000225d338bb20, 0x00000225d338ca88]
Event: 0.428 Thread 0x00000225e9d9d000  704       3       java.lang.invoke.LambdaForm::useCount (90 bytes)
Event: 0.428 Thread 0x00000225e9d9d000 nmethod 704 0x00000225d338cf90 code [0x00000225d338d160, 0x00000225d338d538]
Event: 0.428 Thread 0x00000225e9d9d000  705       3       java.lang.invoke.LambdaForm$Name::internArguments (59 bytes)
Event: 0.429 Thread 0x00000225e9d9d000 nmethod 705 0x00000225d338d710 code [0x00000225d338d900, 0x00000225d338e048]
Event: 0.429 Thread 0x00000225e9d9d000  703       3       java.util.Arrays::copyOf (10 bytes)
Event: 0.429 Thread 0x00000225e9d9d000 nmethod 703 0x00000225d338e210 code [0x00000225d338e3c0, 0x00000225d338e508]
Event: 0.429 Thread 0x00000225e9d9d000  707       3       java.lang.invoke.LambdaFormBuffer::ownedCount (7 bytes)
Event: 0.429 Thread 0x00000225e9d9d000 nmethod 707 0x00000225d338e610 code [0x00000225d338e7a0, 0x00000225d338e8b8]
Event: 0.429 Thread 0x00000225e9d9d000  706       3       java.lang.invoke.LambdaFormBuffer::changeName (149 bytes)
Event: 0.429 Thread 0x00000225e9d9d000 nmethod 706 0x00000225d338e990 code [0x00000225d338eb60, 0x00000225d338f0c8]
Event: 0.429 Thread 0x00000225e9d9d000  708       3       jdk.internal.org.objectweb.asm.MethodWriter::visitFieldInsn (258 bytes)
Event: 0.430 Thread 0x00000225e9d9d000 nmethod 708 0x00000225d338f290 code [0x00000225d338f500, 0x00000225d33900c8]
Event: 0.430 Thread 0x00000225e9d9d000  710       3       jdk.internal.org.objectweb.asm.Frame::push (63 bytes)

GC Heap History (0 events):
No events

Deoptimization events (20 events):
Event: 0.330 Thread 0x00000225eaa66800 DEOPT PACKING pc=0x00000225d334b2ec sp=0x00000035566ff150
Event: 0.330 Thread 0x00000225eaa66800 DEOPT UNPACKING pc=0x00000225d2d0964e sp=0x00000035566fe7c0 mode 0
Event: 0.331 Thread 0x00000225eaa66800 DEOPT PACKING pc=0x00000225d334b2ec sp=0x00000035566ff150
Event: 0.331 Thread 0x00000225eaa66800 DEOPT UNPACKING pc=0x00000225d2d0964e sp=0x00000035566fe7c0 mode 0
Event: 0.332 Thread 0x00000225eaa66800 DEOPT PACKING pc=0x00000225d334b2ec sp=0x00000035566ff150
Event: 0.332 Thread 0x00000225eaa66800 DEOPT UNPACKING pc=0x00000225d2d0964e sp=0x00000035566fe7c0 mode 0
Event: 0.332 Thread 0x00000225eaa66800 DEOPT PACKING pc=0x00000225d334b2ec sp=0x00000035566ff150
Event: 0.332 Thread 0x00000225eaa66800 DEOPT UNPACKING pc=0x00000225d2d0964e sp=0x00000035566fe7c0 mode 0
Event: 0.333 Thread 0x00000225eaa66800 DEOPT PACKING pc=0x00000225d334b2ec sp=0x00000035566ff150
Event: 0.333 Thread 0x00000225eaa66800 DEOPT UNPACKING pc=0x00000225d2d0964e sp=0x00000035566fe7c0 mode 0
Event: 0.333 Thread 0x00000225eaa66800 DEOPT PACKING pc=0x00000225d334b2ec sp=0x00000035566ff150
Event: 0.333 Thread 0x00000225eaa66800 DEOPT UNPACKING pc=0x00000225d2d0964e sp=0x00000035566fe7c0 mode 0
Event: 0.339 Thread 0x00000225ea9ee800 Uncommon trap: trap_request=0xffffff45 fr.pc=0x00000225da7af22c relative=0x000000000000018c
Event: 0.339 Thread 0x00000225ea9ee800 Uncommon trap: reason=unstable_if action=reinterpret pc=0x00000225da7af22c method=java.lang.String.equals(Ljava/lang/Object;)Z @ 33 c2
Event: 0.339 Thread 0x00000225ea9ee800 DEOPT PACKING pc=0x00000225da7af22c sp=0x00000035565feee0
Event: 0.339 Thread 0x00000225ea9ee800 DEOPT UNPACKING pc=0x00000225d2d0912f sp=0x00000035565fee80 mode 2
Event: 0.415 Thread 0x00000225ea9ee800 Uncommon trap: trap_request=0xffffff45 fr.pc=0x00000225da7c5708 relative=0x0000000000000a08
Event: 0.415 Thread 0x00000225ea9ee800 Uncommon trap: reason=unstable_if action=reinterpret pc=0x00000225da7c5708 method=java.util.HashMap.putVal(ILjava/lang/Object;Ljava/lang/Object;ZZ)Ljava/lang/Object; @ 181 c2
Event: 0.415 Thread 0x00000225ea9ee800 DEOPT PACKING pc=0x00000225da7c5708 sp=0x00000035565fd020
Event: 0.415 Thread 0x00000225ea9ee800 DEOPT UNPACKING pc=0x00000225d2d0912f sp=0x00000035565fcfc0 mode 2

Classes unloaded (0 events):
No events

Classes redefined (0 events):
No events

Internal exceptions (13 events):
Event: 0.083 Thread 0x00000225c8a89800 Exception <a 'java/lang/ClassNotFoundException'{0x00000000891eb058}: sun/awt/resources/spi/awtProvider> (0x00000000891eb058) 
thrown [./src/hotspot/share/classfile/systemDictionary.cpp, line 226]
Event: 0.112 Thread 0x00000225c8a89800 Exception <a 'java/io/FileNotFoundException'{0x00000000890546e8}> (0x00000000890546e8) 
thrown [./src/hotspot/share/prims/jni.cpp, line 599]
Event: 0.124 Thread 0x00000225c8a89800 Exception <a 'java/io/FileNotFoundException'{0x000000008907af20}> (0x000000008907af20) 
thrown [./src/hotspot/share/prims/jni.cpp, line 599]
Event: 0.169 Thread 0x00000225ea9d0000 Exception <a 'java/lang/NoSuchMethodError'{0x00000000890f0f68}: 'void java.lang.invoke.DirectMethodHandle$Holder.invokeSpecial(java.lang.Object, java.lang.Object)'> (0x00000000890f0f68) 
thrown [./src/hotspot/share/interpreter/linkResolver.cpp, line 766]
Event: 0.214 Thread 0x00000225ea9ee800 Exception <a 'java/lang/NoSuchMethodError'{0x0000000088feeec8}: 'java.lang.Object java.lang.invoke.DirectMethodHandle$Holder.invokeStatic(java.lang.Object, int, java.lang.Object, java.lang.Object, java.lang.Object, java.lang.Object)'> (0x0000000088feeec8) 
thrown [./src/hotspot/share/interpreter/linkResolver.cpp, line 766]
Event: 0.215 Thread 0x00000225ea9ee800 Exception <a 'java/lang/NoSuchMethodError'{0x0000000088ff57e8}: 'java.lang.Object java.lang.invoke.DirectMethodHandle$Holder.invokeStatic(java.lang.Object, int, java.lang.Object, java.lang.Object, java.lang.Object)'> (0x0000000088ff57e8) 
thrown [./src/hotspot/share/interpreter/linkResolver.cpp, line 766]
Event: 0.215 Thread 0x00000225ea9ee800 Exception <a 'java/lang/NoSuchMethodError'{0x0000000088ff9038}: 'java.lang.Object java.lang.invoke.DirectMethodHandle$Holder.invokeSpecial(java.lang.Object, java.lang.Object, int, java.lang.Object, java.lang.Object, java.lang.Object)'> (0x0000000088ff9038) 
thrown [./src/hotspot/share/interpreter/linkResolver.cpp, line 766]
Event: 0.218 Thread 0x00000225ea9ee800 Exception <a 'java/lang/NoSuchMethodError'{0x0000000088e0f928}: 'java.lang.Object java.lang.invoke.DirectMethodHandle$Holder.invokeStatic(java.lang.Object, int, java.lang.Object)'> (0x0000000088e0f928) 
thrown [./src/hotspot/share/interpreter/linkResolver.cpp, line 766]
Event: 0.240 Thread 0x00000225ea9ee800 Exception <a 'java/lang/ClassNotFoundException'{0x0000000088eb3080}: com/sun/swing/internal/plaf/metal/resources/spi/metalProvider> (0x0000000088eb3080) 
thrown [./src/hotspot/share/classfile/systemDictionary.cpp, line 226]
Event: 0.241 Thread 0x00000225ea9ee800 Exception <a 'java/lang/ClassNotFoundException'{0x0000000088eb7ae0}: com/sun/swing/internal/plaf/basic/resources/spi/basicProvider> (0x0000000088eb7ae0) 
thrown [./src/hotspot/share/classfile/systemDictionary.cpp, line 226]
Event: 0.399 Thread 0x00000225ea9ee800 Exception <a 'java/lang/NoSuchMethodError'{0x000000008867c6e8}: 'void java.lang.invoke.DirectMethodHandle$Holder.invokeStaticInit(java.lang.Object)'> (0x000000008867c6e8) 
thrown [./src/hotspot/share/interpreter/linkResolver.cpp, line 766]
Event: 0.410 Thread 0x00000225ea9ee800 Exception <a 'java/io/FileNotFoundException'{0x0000000088688cd8}> (0x0000000088688cd8) 
thrown [./src/hotspot/share/prims/jni.cpp, line 599]
Event: 0.430 Thread 0x00000225ea9ee800 Exception <a 'java/lang/NoSuchMethodError'{0x00000000886db800}: 'java.lang.Object java.lang.invoke.Invokers$Holder.linkToTargetMethod(java.lang.Object, int, java.lang.Object)'> (0x00000000886db800) 
thrown [./src/hotspot/share/interpreter/linkResolver.cpp, line 766]

Events (20 events):
Event: 0.426 loading class sun/awt/windows/WDefaultFontCharset$Encoder
Event: 0.426 loading class sun/awt/AWTCharset$Encoder
Event: 0.426 loading class sun/awt/AWTCharset$Encoder done
Event: 0.426 loading class sun/awt/windows/WDefaultFontCharset$Encoder done
Event: 0.426 loading class java/io/ByteArrayOutputStream
Event: 0.426 loading class java/io/ByteArrayOutputStream done
Event: 0.426 loading class sun/awt/windows/WingDings
Event: 0.426 loading class sun/awt/windows/WingDings done
Event: 0.427 loading class sun/awt/windows/WingDings$Encoder
Event: 0.427 loading class sun/awt/windows/WingDings$Encoder done
Event: 0.427 loading class sun/awt/Symbol
Event: 0.427 loading class sun/awt/Symbol done
Event: 0.427 loading class sun/awt/Symbol$Encoder
Event: 0.427 loading class sun/awt/Symbol$Encoder done
Event: 0.427 Executing VM operation: HandshakeOneThread
Event: 0.427 Executing VM operation: HandshakeOneThread done
Event: 0.429 Executing VM operation: HandshakeOneThread
Event: 0.429 Executing VM operation: HandshakeOneThread done
Event: 0.430 Executing VM operation: HandshakeOneThread
Event: 0.430 Executing VM operation: HandshakeOneThread done


Dynamic libraries:
0x00007ff673af0000 - 0x00007ff673afd000 	C:\Program Files\AdoptOpenJDK\jdk-14.0.2.12-hotspot\bin\javaw.exe
0x00007ffb0a890000 - 0x00007ffb0aa86000 	C:\WINDOWS\SYSTEM32\ntdll.dll
0x00007ffb08bd0000 - 0x00007ffb08c8d000 	C:\WINDOWS\System32\KERNEL32.DLL
0x00007ffb08420000 - 0x00007ffb086e8000 	C:\WINDOWS\System32\KERNELBASE.dll
0x00007ffb07fd0000 - 0x00007ffb080d0000 	C:\WINDOWS\System32\ucrtbase.dll
0x00007ffaf7330000 - 0x00007ffaf7348000 	C:\Program Files\AdoptOpenJDK\jdk-14.0.2.12-hotspot\bin\jli.dll
0x00007ffafc4b0000 - 0x00007ffafc4c5000 	C:\Program Files\AdoptOpenJDK\jdk-14.0.2.12-hotspot\bin\VCRUNTIME140.dll
0x00007ffb09310000 - 0x00007ffb094b0000 	C:\WINDOWS\System32\USER32.dll
0x00007ffb083f0000 - 0x00007ffb08412000 	C:\WINDOWS\System32\win32u.dll
0x00007ffaefad0000 - 0x00007ffaefd6b000 	C:\WINDOWS\WinSxS\amd64_microsoft.windows.common-controls_6595b64144ccf1df_6.0.19041.488_none_ca04af081b815d21\COMCTL32.dll
0x00007ffb09560000 - 0x00007ffb0958a000 	C:\WINDOWS\System32\GDI32.dll
0x00007ffb0a7b0000 - 0x00007ffb0a84e000 	C:\WINDOWS\System32\msvcrt.dll
0x00007ffb08180000 - 0x00007ffb08289000 	C:\WINDOWS\System32\gdi32full.dll
0x00007ffb086f0000 - 0x00007ffb0878d000 	C:\WINDOWS\System32\msvcp_win.dll
0x00007ffb09a10000 - 0x00007ffb09a40000 	C:\WINDOWS\System32\IMM32.DLL
0x00007ffafa570000 - 0x00007ffafa60b000 	C:\Program Files\AdoptOpenJDK\jdk-14.0.2.12-hotspot\bin\msvcp140.dll
0x00007ffae2e90000 - 0x00007ffae3a24000 	C:\Program Files\AdoptOpenJDK\jdk-14.0.2.12-hotspot\bin\server\jvm.dll
0x00007ffb094b0000 - 0x00007ffb0955c000 	C:\WINDOWS\System32\ADVAPI32.dll
0x00007ffb09ba0000 - 0x00007ffb09c3b000 	C:\WINDOWS\System32\sechost.dll
0x00007ffb08aa0000 - 0x00007ffb08bc4000 	C:\WINDOWS\System32\RPCRT4.dll
0x00007ffb09b90000 - 0x00007ffb09b98000 	C:\WINDOWS\System32\PSAPI.DLL
0x00007ffaf1870000 - 0x00007ffaf1879000 	C:\WINDOWS\SYSTEM32\WSOCK32.dll
0x00007ffaf71e0000 - 0x00007ffaf7207000 	C:\WINDOWS\SYSTEM32\WINMM.dll
0x00007ffb02e60000 - 0x00007ffb02e6a000 	C:\WINDOWS\SYSTEM32\VERSION.dll
0x00007ffb09d80000 - 0x00007ffb09deb000 	C:\WINDOWS\System32\WS2_32.dll
0x00007ffb068e0000 - 0x00007ffb068f2000 	C:\WINDOWS\SYSTEM32\kernel.appcore.dll
0x00007ffb03ac0000 - 0x00007ffb03aca000 	C:\Program Files\AdoptOpenJDK\jdk-14.0.2.12-hotspot\bin\jimage.dll
0x00007ffb066a0000 - 0x00007ffb06884000 	C:\WINDOWS\SYSTEM32\DBGHELP.DLL
0x00007ffafe190000 - 0x00007ffafe1bc000 	C:\WINDOWS\SYSTEM32\dbgcore.DLL
0x00007ffb08310000 - 0x00007ffb0838f000 	C:\WINDOWS\System32\bcryptPrimitives.dll
0x00007ffaea8b0000 - 0x00007ffaea8d5000 	C:\Program Files\AdoptOpenJDK\jdk-14.0.2.12-hotspot\bin\java.dll
0x00007ffae9db0000 - 0x00007ffae9dc6000 	C:\Program Files\AdoptOpenJDK\jdk-14.0.2.12-hotspot\bin\zip.dll
0x00007ffb09e00000 - 0x00007ffb0a541000 	C:\WINDOWS\System32\SHELL32.dll
0x00007ffb05e30000 - 0x00007ffb065c5000 	C:\WINDOWS\SYSTEM32\windows.storage.dll
0x00007ffb096b0000 - 0x00007ffb09a05000 	C:\WINDOWS\System32\combase.dll
0x00007ffb07a40000 - 0x00007ffb07a6c000 	C:\WINDOWS\SYSTEM32\Wldp.dll
0x00007ffb0a550000 - 0x00007ffb0a5fe000 	C:\WINDOWS\System32\SHCORE.dll
0x00007ffb08d70000 - 0x00007ffb08dc5000 	C:\WINDOWS\System32\shlwapi.dll
0x00007ffb07f00000 - 0x00007ffb07f26000 	C:\WINDOWS\SYSTEM32\profapi.dll
0x00007ffafa3d0000 - 0x00007ffafa568000 	C:\Program Files\AdoptOpenJDK\jdk-14.0.2.12-hotspot\bin\awt.dll
0x00007ffb088f0000 - 0x00007ffb089bd000 	C:\WINDOWS\System32\OLEAUT32.dll
0x00007ffb056a0000 - 0x00007ffb05730000 	C:\WINDOWS\SYSTEM32\apphelp.dll
0x00007ffb05ab0000 - 0x00007ffb05b4e000 	C:\WINDOWS\system32\uxtheme.dll
0x00007ffb09590000 - 0x00007ffb096a5000 	C:\WINDOWS\System32\MSCTF.dll
0x00007ffb09a60000 - 0x00007ffb09b8a000 	C:\WINDOWS\System32\ole32.dll
0x00007ffb05b90000 - 0x00007ffb05bbf000 	C:\WINDOWS\system32\DWMAPI.DLL
0x00007ffae82a0000 - 0x00007ffae83c5000 	C:\WINDOWS\system32\opengl32.dll
0x00007ffafc030000 - 0x00007ffafc05c000 	C:\WINDOWS\SYSTEM32\GLU32.dll
0x00007ffafa340000 - 0x00007ffafa3c2000 	C:\Program Files\AdoptOpenJDK\jdk-14.0.2.12-hotspot\bin\freetype.dll
0x00007ffae9cc0000 - 0x00007ffae9d66000 	C:\Program Files\AdoptOpenJDK\jdk-14.0.2.12-hotspot\bin\fontmanager.dll

dbghelp: loaded successfully - version: 4.0.5 - missing functions: none
symbol engine: initialized successfully - sym options: 0x614 - pdb path: .;C:\Program Files\AdoptOpenJDK\jdk-14.0.2.12-hotspot\bin;C:\WINDOWS\SYSTEM32;C:\WINDOWS\WinSxS\amd64_microsoft.windows.common-controls_6595b64144ccf1df_6.0.19041.488_none_ca04af081b815d21;C:\Program Files\AdoptOpenJDK\jdk-14.0.2.12-hotspot\bin\server

VM Arguments:
jvm_args: -Dfile.encoding=UTF-8 -XX:+ShowCodeDetailsInExceptionMessages 
java_command: Pazzsample
java_class_path (initial): C:\Users\yusei\git\repository\King No!!\bin
Launcher Type: SUN_STANDARD

[Global flags]
     intx CICompilerCount                          = 4                                         {product} {ergonomic}
     uint ConcGCThreads                            = 2                                         {product} {ergonomic}
     uint G1ConcRefinementThreads                  = 8                                         {product} {ergonomic}
   size_t G1HeapRegionSize                         = 1048576                                   {product} {ergonomic}
    uintx GCDrainStackTargetSize                   = 64                                        {product} {ergonomic}
   size_t InitialHeapSize                          = 134217728                                 {product} {ergonomic}
   size_t MarkStackSize                            = 4194304                                   {product} {ergonomic}
   size_t MaxHeapSize                              = 2128609280                                {product} {ergonomic}
   size_t MaxNewSize                               = 1277165568                                {product} {ergonomic}
   size_t MinHeapDeltaBytes                        = 1048576                                   {product} {ergonomic}
   size_t MinHeapSize                              = 8388608                                   {product} {ergonomic}
    uintx NonNMethodCodeHeapSize                   = 5839372                                {pd product} {ergonomic}
    uintx NonProfiledCodeHeapSize                  = 122909434                              {pd product} {ergonomic}
    uintx ProfiledCodeHeapSize                     = 122909434                              {pd product} {ergonomic}
    uintx ReservedCodeCacheSize                    = 251658240                              {pd product} {ergonomic}
     bool SegmentedCodeCache                       = true                                      {product} {ergonomic}
     bool ShowCodeDetailsInExceptionMessages       = true                                   {manageable} {command line}
   size_t SoftMaxHeapSize                          = 2128609280                             {manageable} {ergonomic}
     bool UseCompressedClassPointers               = true                                 {lp64_product} {ergonomic}
     bool UseCompressedOops                        = true                                 {lp64_product} {ergonomic}
     bool UseG1GC                                  = true                                      {product} {ergonomic}
     bool UseLargePagesIndividualAllocation        = false                                  {pd product} {ergonomic}

Logging:
Log output configuration:
 #0: stdout all=warning uptime,level,tags
 #1: stderr all=off uptime,level,tags

Environment Variables:
PATH=C:/Program Files/AdoptOpenJDK/jdk-14.0.2.12-hotspot/bin/client;C:/Program Files/AdoptOpenJDK/jdk-14.0.2.12-hotspot/bin;C:\Program Files\AdoptOpenJDK\jdk-14.0.2.12-hotspot\bin;C:\Program Files (x86)\Common Files\Oracle\Java\javapath;C:\WINDOWS\system32;C:\WINDOWS;C:\WINDOWS\System32\Wbem;C:\WINDOWS\System32\WindowsPowerShell\v1.0\;C:\WINDOWS\System32\OpenSSH\;C:\Program Files\Intel\WiFi\bin\;C:\Program Files\Common Files\Intel\WirelessCommon\;C:\Program Files\Microsoft SQL Server\130\Tools\Binn\;C:\Program Files\dotnet\;C:\HashiCorp\Vagrant\bin;C:\java\derby\bin;C:\Program Files\AdoptOpenJDK\jdk-14.0.1.7-hotspot\bin;C:\WINDOWS\system32;C:\WINDOWS;C:\WINDOWS\System32\Wbem;C:\WINDOWS\System32\WindowsPowerShell\v1.0\;C:\WINDOWS\System32\OpenSSH\;C:\Program Files\Intel\WiFi\bin\;C:\Program Files\Common Files\Intel\WirelessCommon\;C:\Program Files\Microsoft SQL Server\130\Tools\Binn\;C:\Program Files\dotnet\;C:\Python\Python3;C:\Python\Python3\Library\mingw-w64\bin;C:\Python\Python3\Library\usr\bin;C:\Python\Python3\Library\bin;C:\Python\Python3\Scripts;C:\Users\yusei\AppData\Local\Microsoft\WindowsApps;C:\MinGW\bin;C:\Users\yusei\AppData\Local\Microsoft\WindowsApps;;C:\java\eclipse;
USERNAME=yusei
OS=Windows_NT
PROCESSOR_IDENTIFIER=Intel64 Family 6 Model 142 Stepping 10, GenuineIntel



---------------  S Y S T E M  ---------------

OS: Windows 10 , 64 bit Build 19041 (10.0.19041.546)
OS uptime: 0 days 20:44 hours

CPU:total 8 (initial active 8) (4 cores per cpu, 2 threads per core) family 6 model 142 stepping 10, cmov, cx8, fxsr, mmx, sse, sse2, sse3, ssse3, sse4.1, sse4.2, popcnt, avx, avx2, aes, clmul, erms, 3dnowpref, lzcnt, ht, tsc, tscinvbit, bmi1, bmi2, adx, fma

Memory: 4k page, system-wide physical 8118M (1769M free)
TotalPageFile size 9398M (AvailPageFile size 1453M)
current process WorkingSet (physical memory assigned to process): 60M, peak: 60M
current process commit charge ("private bytes"): 223M, peak: 223M

vm_info: OpenJDK 64-Bit Server VM (14.0.2+12) for windows-amd64 JRE (14.0.2+12), built on Jul 15 2020 11:30:16 by "" with MS VC++ 15.9 (VS2017)

END.
