#
# A fatal error has been detected by the Java Runtime Environment:
#
#  EXCEPTION_ACCESS_VIOLATION (0xc0000005) at pc=0x00007ffa97f9f74a, pid=14796, tid=3720
#
# JRE version: OpenJDK Runtime Environment AdoptOpenJDK (14.0.1+7) (build 14.0.1+7)
# Java VM: OpenJDK 64-Bit Server VM AdoptOpenJDK (14.0.1+7, mixed mode, sharing, tiered, compressed oops, g1 gc, windows-amd64)
# Problematic frame:
# C  [awt.dll+0x8f74a]
#
# No core dump will be written. Minidumps are not enabled by default on client versions of Windows
#
# If you would like to submit a bug report, please visit:
#   https://github.com/AdoptOpenJDK/openjdk-support/issues
# The crash happened outside the Java Virtual Machine in native code.
# See problematic frame for where to report the bug.
#

---------------  S U M M A R Y ------------

Command Line: -Dfile.encoding=UTF-8 -XX:+ShowCodeDetailsInExceptionMessages Result

Host: Intel(R) Core(TM) i5-8250U CPU @ 1.60GHz, 8 cores, 7G,  Windows 10 , 64 bit Build 19041 (10.0.19041.662)
Time: Fri Jan  8 14:49:19 2021 東京 (標準時) elapsed time: 0 seconds (0d 0h 0m 0s)

---------------  T H R E A D  ---------------

Current thread (0x000001f386fd5000):  JavaThread "AWT-EventQueue-0" [_thread_in_native, id=3720, stack(0x0000001a9d400000,0x0000001a9d500000)]

Stack: [0x0000001a9d400000,0x0000001a9d500000],  sp=0x0000001a9d4fe510,  free space=1017k
Native frames: (J=compiled Java code, j=interpreted, Vv=VM code, C=native code)
C  [awt.dll+0x8f74a]

Java frames: (J=compiled Java code, j=interpreted, Vv=VM code)
j  sun.awt.windows.WComponentPeer._setFont(Ljava/awt/Font;)V+0 java.desktop@14.0.1
j  sun.awt.windows.WComponentPeer.setFont(Ljava/awt/Font;)V+7 java.desktop@14.0.1
j  sun.awt.windows.WWindowPeer.initialize()V+42 java.desktop@14.0.1
j  sun.awt.windows.WFramePeer.initialize()V+1 java.desktop@14.0.1
j  sun.awt.windows.WComponentPeer.<init>(Ljava/awt/Component;)V+83 java.desktop@14.0.1
j  sun.awt.windows.WCanvasPeer.<init>(Ljava/awt/Component;)V+2 java.desktop@14.0.1
j  sun.awt.windows.WPanelPeer.<init>(Ljava/awt/Component;)V+2 java.desktop@14.0.1
j  sun.awt.windows.WWindowPeer.<init>(Ljava/awt/Window;)V+2 java.desktop@14.0.1
j  sun.awt.windows.WFramePeer.<init>(Ljava/awt/Frame;)V+2 java.desktop@14.0.1
j  sun.awt.windows.WToolkit.createFrame(Ljava/awt/Frame;)Ljava/awt/peer/FramePeer;+5 java.desktop@14.0.1
j  java.awt.Frame.addNotify()V+20 java.desktop@14.0.1
j  java.awt.Window.show()V+8 java.desktop@14.0.1
j  java.awt.Component.show(Z)V+5 java.desktop@14.0.1
j  java.awt.Component.setVisible(Z)V+2 java.desktop@14.0.1
j  java.awt.Window.setVisible(Z)V+2 java.desktop@14.0.1
j  Result$1.run()V+10
j  java.awt.event.InvocationEvent.dispatch()V+47 java.desktop@14.0.1
j  java.awt.EventQueue.dispatchEventImpl(Ljava/awt/AWTEvent;Ljava/lang/Object;)V+21 java.desktop@14.0.1
j  java.awt.EventQueue$4.run()Ljava/lang/Void;+32 java.desktop@14.0.1
j  java.awt.EventQueue$4.run()Ljava/lang/Object;+1 java.desktop@14.0.1
j  java.security.AccessController.executePrivileged(Ljava/security/PrivilegedAction;Ljava/security/AccessControlContext;Ljava/lang/Class;)Ljava/lang/Object;+29 java.base@14.0.1
j  java.security.AccessController.doPrivileged(Ljava/security/PrivilegedAction;Ljava/security/AccessControlContext;)Ljava/lang/Object;+13 java.base@14.0.1
j  java.security.ProtectionDomain$JavaSecurityAccessImpl.doIntersectionPrivilege(Ljava/security/PrivilegedAction;Ljava/security/AccessControlContext;Ljava/security/AccessControlContext;)Ljava/lang/Object;+18 java.base@14.0.1
j  java.awt.EventQueue.dispatchEvent(Ljava/awt/AWTEvent;)V+46 java.desktop@14.0.1
j  java.awt.EventDispatchThread.pumpOneEventForFilters(I)V+78 java.desktop@14.0.1
j  java.awt.EventDispatchThread.pumpEventsForFilter(ILjava/awt/Conditional;Ljava/awt/EventFilter;)V+35 java.desktop@14.0.1
j  java.awt.EventDispatchThread.pumpEventsForHierarchy(ILjava/awt/Conditional;Ljava/awt/Component;)V+11 java.desktop@14.0.1
j  java.awt.EventDispatchThread.pumpEvents(ILjava/awt/Conditional;)V+4 java.desktop@14.0.1
j  java.awt.EventDispatchThread.pumpEvents(Ljava/awt/Conditional;)V+3 java.desktop@14.0.1
j  java.awt.EventDispatchThread.run()V+9 java.desktop@14.0.1
v  ~StubRoutines::call_stub

siginfo: EXCEPTION_ACCESS_VIOLATION (0xc0000005), reading address 0x0000000000000058


Register to memory mapping:

RIP=0x00007ffa97f9f74a awt.dll
RAX=0x00007ffa9801a660 awt.dll
RBX=0x000001f386fd5310 points into unknown readable memory: 50 3c 26 5d fa 7f 00 00
RCX=0x000001f387c68750 points into unknown readable memory: 60 a6 01 98 fa 7f 00 00
RDX=0x0 is NULL
RSP=0x0000001a9d4fe510 is pointing into the stack for thread: 0x000001f386fd5000
RBP=0x0 is NULL
RSI=0x000001f387c0e278 is a global jni handle
RDI=0x000001f387c0e280 is a global jni handle
R8 =0x0000000000000042 is an unknown value
R9 =0x0000000800b4bd90 is a pointer to class: 
java.awt.Font {0x0000000800b4bd98}
R10=0x0000000000008000 is an unknown value
R11=0x0000001a9d4fe510 is pointing into the stack for thread: 0x000001f386fd5000
R12=0x0 is NULL
R13={method} {0x000001f3870fca80} '_setFont' '(Ljava/awt/Font;)V' in 'sun/awt/windows/WComponentPeer'
R14=0x000001f387c68750 points into unknown readable memory: 60 a6 01 98 fa 7f 00 00
R15=0x000001f3886f5b00 points into unknown readable memory: 78 e2 c0 87 f3 01 00 00


Registers:
RAX=0x00007ffa9801a660, RBX=0x000001f386fd5310, RCX=0x000001f387c68750, RDX=0x0000000000000000
RSP=0x0000001a9d4fe510, RBP=0x0000000000000000, RSI=0x000001f387c0e278, RDI=0x000001f387c0e280
R8 =0x0000000000000042, R9 =0x0000000800b4bd90, R10=0x0000000000008000, R11=0x0000001a9d4fe510
R12=0x0000000000000000, R13=0x000001f3870fca78, R14=0x000001f387c68750, R15=0x000001f3886f5b00
RIP=0x00007ffa97f9f74a, EFLAGS=0x0000000000010202

Top of Stack: (sp=0x0000001a9d4fe510)
0x0000001a9d4fe510:   000001f3886f5b00 000001f387c68750
0x0000001a9d4fe520:   000001f3886f5b00 000001f387c68750
0x0000001a9d4fe530:   000001f387c0e280 00007ffa97fa4655
0x0000001a9d4fe540:   000001f386fd5310 000001f386fd5310
0x0000001a9d4fe550:   0000000000000000 000001f387c0e278
0x0000001a9d4fe560:   000001f386fd5000 0000001a9d4fe6b8
0x0000001a9d4fe570:   000001f3886f5b00 00007ffa97fdd59b
0x0000001a9d4fe580:   00007ffa9805f018 0000001a9d4fe690
0x0000001a9d4fe590:   00007ffa97fa4528 0000000000000000
0x0000001a9d4fe5a0:   fffffffffffffffe fffffffffffffffe
0x0000001a9d4fe5b0:   000001f387c0e278 00007ffa97fa581c
0x0000001a9d4fe5c0:   000001f387c0e280 0000001a9d4fe6b0
0x0000001a9d4fe5d0:   0000001a9d4fe6b0 00007ffa9805f018
0x0000001a9d4fe5e0:   fffffffffffffffe 00007ffa5cb59859
0x0000001a9d4fe5f0:   000001f3f064a1b3 000001f3f06500b4
0x0000001a9d4fe600:   000001f3870fca78 0000000000000000 

Instructions: (pc=0x00007ffa97f9f74a)
0x00007ffa97f9f64a:   00 48 8b d9 e8 d9 dc ff ff 48 8b f8 48 85 c0 75
0x00007ffa97f9f65a:   04 48 8b 7b 48 48 8b cf e8 93 15 05 00 48 8b d8
0x00007ffa97f9f66a:   48 85 c0 74 60 83 64 24 20 00 0f 57 c0 83 64 24
0x00007ffa97f9f67a:   34 00 b9 11 00 00 00 83 64 24 38 00 f3 0f 7f 44
0x00007ffa97f9f68a:   24 24 ff 15 86 bc 0b 00 4c 8d 44 24 40 ba 5c 00
0x00007ffa97f9f69a:   00 00 48 8b c8 ff 15 2b bf 0b 00 83 f8 5c 75 0d
0x00007ffa97f9f6aa:   48 8d 54 24 40 48 8b cb e8 f2 15 05 00 48 8d 54
0x00007ffa97f9f6ba:   24 20 48 8b cb e8 09 16 05 00 48 8b d3 48 8b cf
0x00007ffa97f9f6ca:   e8 b6 15 05 00 48 8b 8c 24 a0 00 00 00 48 33 cc
0x00007ffa97f9f6da:   e8 e1 22 05 00 48 8b 9c 24 c8 00 00 00 48 81 c4
0x00007ffa97f9f6ea:   b0 00 00 00 5f c3 40 53 48 83 ec 20 48 8b d9 ff
0x00007ffa97f9f6fa:   15 69 c4 0b 00 48 85 c0 75 0a 48 8b 4b 48 ff 15
0x00007ffa97f9f70a:   52 c4 0b 00 48 83 c4 20 5b c3 4c 63 c2 48 8b 15
0x00007ffa97f9f71a:   2a a8 0b 00 48 ff 25 e3 c2 0b 00 cc cc cc 48 8b
0x00007ffa97f9f72a:   d1 48 8b 0d 1e d8 0b 00 48 89 15 17 d8 0b 00 e9
0x00007ffa97f9f73a:   f6 63 04 00 cc cc 48 89 5c 24 08 57 48 83 ec 20
0x00007ffa97f9f74a:   83 7a 58 00 48 8b da 48 8b f9 7d 08 48 8b ca e8
0x00007ffa97f9f75a:   4a 95 01 00 4c 8b 43 48 45 33 c9 48 8b 4f 48 4d
0x00007ffa97f9f76a:   8b 00 41 8d 51 30 ff 15 5a c5 0b 00 48 8b 4f 48
0x00007ffa97f9f77a:   33 d2 44 8d 42 01 48 8b 5c 24 30 48 83 c4 20 5f
0x00007ffa97f9f78a:   48 ff 25 f7 c3 0b 00 cc cc cc 48 8b c4 48 89 58
0x00007ffa97f9f79a:   08 48 89 68 10 48 89 70 18 48 89 78 20 41 56 48
0x00007ffa97f9f7aa:   83 ec 20 4c 8b f2 48 8b f9 48 8b 0d 3e f6 0b 00
0x00007ffa97f9f7ba:   ba 02 00 01 00 41 8b e8 e8 04 21 05 00 48 8b 97
0x00007ffa97f9f7ca:   c0 00 00 00 33 db 48 8b f0 48 85 d2 74 0d 4c 8b
0x00007ffa97f9f7da:   08 48 8b c8 41 ff 91 b0 00 00 00 4d 85 f6 74 14
0x00007ffa97f9f7ea:   48 8b 06 49 8b d6 48 8b ce ff 90 a8 00 00 00 48
0x00007ffa97f9f7fa:   8b d8 eb 05 bd 01 00 00 00 48 89 9f c0 00 00 00
0x00007ffa97f9f80a:   89 af c8 00 00 00 48 8b 5c 24 30 48 8b 6c 24 38
0x00007ffa97f9f81a:   48 8b 74 24 40 48 8b 7c 24 48 48 83 c4 20 41 5e
0x00007ffa97f9f82a:   c3 cc 48 89 5c 24 08 48 89 6c 24 10 48 89 74 24
0x00007ffa97f9f83a:   18 57 48 83 ec 20 33 db 48 8b f9 48 85 c9 75 09 


Stack slot to memory mapping:
stack at sp + 0 slots: 0x000001f3886f5b00 points into unknown readable memory: 78 e2 c0 87 f3 01 00 00
stack at sp + 1 slots: 0x000001f387c68750 points into unknown readable memory: 60 a6 01 98 fa 7f 00 00
stack at sp + 2 slots: 0x000001f3886f5b00 points into unknown readable memory: 78 e2 c0 87 f3 01 00 00
stack at sp + 3 slots: 0x000001f387c68750 points into unknown readable memory: 60 a6 01 98 fa 7f 00 00
stack at sp + 4 slots: 0x000001f387c0e280 is a global jni handle
stack at sp + 5 slots: 0x00007ffa97fa4655 awt.dll
stack at sp + 6 slots: 0x000001f386fd5310 points into unknown readable memory: 50 3c 26 5d fa 7f 00 00
stack at sp + 7 slots: 0x000001f386fd5310 points into unknown readable memory: 50 3c 26 5d fa 7f 00 00


---------------  P R O C E S S  ---------------

Threads class SMR info:
_java_thread_list=0x000001f387b91440, length=15, elements={
0x000001f386f81800, 0x000001f386f83000, 0x000001f386f9f800, 0x000001f386fa2800,
0x000001f386fac000, 0x000001f386fb9800, 0x000001f386fbc800, 0x000001f386fd3800,
0x000001f386fd5800, 0x000001f386fd1800, 0x000001f386fd4000, 0x000001f386fd0000,
0x000001f386fd2800, 0x000001f386fd5000, 0x000001f386fd6800
}

Java Threads: ( => current thread )
  0x000001f386f81800 JavaThread "Reference Handler" daemon [_thread_blocked, id=14828, stack(0x0000001a9c600000,0x0000001a9c700000)]
  0x000001f386f83000 JavaThread "Finalizer" daemon [_thread_blocked, id=8924, stack(0x0000001a9c700000,0x0000001a9c800000)]
  0x000001f386f9f800 JavaThread "Signal Dispatcher" daemon [_thread_blocked, id=5644, stack(0x0000001a9c800000,0x0000001a9c900000)]
  0x000001f386fa2800 JavaThread "Attach Listener" daemon [_thread_blocked, id=8572, stack(0x0000001a9c900000,0x0000001a9ca00000)]
  0x000001f386fac000 JavaThread "Service Thread" daemon [_thread_blocked, id=19976, stack(0x0000001a9ca00000,0x0000001a9cb00000)]
  0x000001f386fb9800 JavaThread "C2 CompilerThread0" daemon [_thread_blocked, id=4040, stack(0x0000001a9cb00000,0x0000001a9cc00000)]
  0x000001f386fbc800 JavaThread "C1 CompilerThread0" daemon [_thread_blocked, id=10940, stack(0x0000001a9cc00000,0x0000001a9cd00000)]
  0x000001f386fd3800 JavaThread "Sweeper thread" daemon [_thread_blocked, id=7876, stack(0x0000001a9cd00000,0x0000001a9ce00000)]
  0x000001f386fd5800 JavaThread "Notification Thread" daemon [_thread_blocked, id=18592, stack(0x0000001a9ce00000,0x0000001a9cf00000)]
  0x000001f386fd1800 JavaThread "Common-Cleaner" daemon [_thread_blocked, id=3004, stack(0x0000001a9d000000,0x0000001a9d100000)]
  0x000001f386fd4000 JavaThread "Java2D Disposer" daemon [_thread_blocked, id=1236, stack(0x0000001a9d100000,0x0000001a9d200000)]
  0x000001f386fd0000 JavaThread "AWT-Shutdown" [_thread_blocked, id=8400, stack(0x0000001a9d200000,0x0000001a9d300000)]
  0x000001f386fd2800 JavaThread "AWT-Windows" daemon [_thread_in_native, id=5148, stack(0x0000001a9d300000,0x0000001a9d400000)]
=>0x000001f386fd5000 JavaThread "AWT-EventQueue-0" [_thread_in_native, id=3720, stack(0x0000001a9d400000,0x0000001a9d500000)]
  0x000001f386fd6800 JavaThread "DestroyJavaVM" [_thread_blocked, id=12036, stack(0x0000001a9bf00000,0x0000001a9c000000)]

Other Threads:
  0x000001f386f81000 VMThread "VM Thread" [stack: 0x0000001a9c500000,0x0000001a9c600000] [id=13764]
  0x000001f3879a8000 WatcherThread [stack: 0x0000001a9cf00000,0x0000001a9d000000] [id=2816]
  0x000001f3e7c0b800 GCTaskThread "GC Thread#0" [stack: 0x0000001a9c000000,0x0000001a9c100000] [id=988]
  0x000001f3e7c1e800 ConcurrentGCThread "G1 Main Marker" [stack: 0x0000001a9c100000,0x0000001a9c200000] [id=8676]
  0x000001f3e7c1f800 ConcurrentGCThread "G1 Conc#0" [stack: 0x0000001a9c200000,0x0000001a9c300000] [id=18356]
  0x000001f3e7cae000 ConcurrentGCThread "G1 Refine#0" [stack: 0x0000001a9c300000,0x0000001a9c400000] [id=12184]
  0x000001f386df8800 ConcurrentGCThread "G1 Young RemSet Sampling" [stack: 0x0000001a9c400000,0x0000001a9c500000] [id=17820]

Threads with active compile tasks:

VM state:not at safepoint (normal execution)

VM Mutex/Monitor currently owned by a thread: None

Heap address: 0x0000000081200000, size: 2030 MB, Compressed Oops mode: 32-bit
Narrow klass base: 0x0000000800000000, Narrow klass shift: 3
Compressed class space size: 1073741824 Address: 0x0000000800b30000

Heap:
 garbage-first heap   total 131072K, used 4096K [0x0000000081200000, 0x0000000100000000)
  region size 1024K, 5 young (5120K), 0 survivors (0K)
 Metaspace       used 5454K, capacity 5686K, committed 5888K, reserved 1056768K
  class space    used 624K, capacity 757K, committed 768K, reserved 1048576K
Heap Regions: E=young(eden), S=young(survivor), O=old, HS=humongous(starts), HC=humongous(continues), CS=collection set, F=free, OA=open archive, CA=closed archive, TAMS=top-at-mark-start (previous, next)
|   0|0x0000000081200000, 0x0000000081200000, 0x0000000081300000|  0%| F|  |TAMS 0x0000000081200000, 0x0000000081200000| Untracked 
|   1|0x0000000081300000, 0x0000000081300000, 0x0000000081400000|  0%| F|  |TAMS 0x0000000081300000, 0x0000000081300000| Untracked 
|   2|0x0000000081400000, 0x0000000081400000, 0x0000000081500000|  0%| F|  |TAMS 0x0000000081400000, 0x0000000081400000| Untracked 
|   3|0x0000000081500000, 0x0000000081500000, 0x0000000081600000|  0%| F|  |TAMS 0x0000000081500000, 0x0000000081500000| Untracked 
|   4|0x0000000081600000, 0x0000000081600000, 0x0000000081700000|  0%| F|  |TAMS 0x0000000081600000, 0x0000000081600000| Untracked 
|   5|0x0000000081700000, 0x0000000081700000, 0x0000000081800000|  0%| F|  |TAMS 0x0000000081700000, 0x0000000081700000| Untracked 
|   6|0x0000000081800000, 0x0000000081800000, 0x0000000081900000|  0%| F|  |TAMS 0x0000000081800000, 0x0000000081800000| Untracked 
|   7|0x0000000081900000, 0x0000000081900000, 0x0000000081a00000|  0%| F|  |TAMS 0x0000000081900000, 0x0000000081900000| Untracked 
|   8|0x0000000081a00000, 0x0000000081a00000, 0x0000000081b00000|  0%| F|  |TAMS 0x0000000081a00000, 0x0000000081a00000| Untracked 
|   9|0x0000000081b00000, 0x0000000081b00000, 0x0000000081c00000|  0%| F|  |TAMS 0x0000000081b00000, 0x0000000081b00000| Untracked 
|  10|0x0000000081c00000, 0x0000000081c00000, 0x0000000081d00000|  0%| F|  |TAMS 0x0000000081c00000, 0x0000000081c00000| Untracked 
|  11|0x0000000081d00000, 0x0000000081d00000, 0x0000000081e00000|  0%| F|  |TAMS 0x0000000081d00000, 0x0000000081d00000| Untracked 
|  12|0x0000000081e00000, 0x0000000081e00000, 0x0000000081f00000|  0%| F|  |TAMS 0x0000000081e00000, 0x0000000081e00000| Untracked 
|  13|0x0000000081f00000, 0x0000000081f00000, 0x0000000082000000|  0%| F|  |TAMS 0x0000000081f00000, 0x0000000081f00000| Untracked 
|  14|0x0000000082000000, 0x0000000082000000, 0x0000000082100000|  0%| F|  |TAMS 0x0000000082000000, 0x0000000082000000| Untracked 
|  15|0x0000000082100000, 0x0000000082100000, 0x0000000082200000|  0%| F|  |TAMS 0x0000000082100000, 0x0000000082100000| Untracked 
|  16|0x0000000082200000, 0x0000000082200000, 0x0000000082300000|  0%| F|  |TAMS 0x0000000082200000, 0x0000000082200000| Untracked 
|  17|0x0000000082300000, 0x0000000082300000, 0x0000000082400000|  0%| F|  |TAMS 0x0000000082300000, 0x0000000082300000| Untracked 
|  18|0x0000000082400000, 0x0000000082400000, 0x0000000082500000|  0%| F|  |TAMS 0x0000000082400000, 0x0000000082400000| Untracked 
|  19|0x0000000082500000, 0x0000000082500000, 0x0000000082600000|  0%| F|  |TAMS 0x0000000082500000, 0x0000000082500000| Untracked 
|  20|0x0000000082600000, 0x0000000082600000, 0x0000000082700000|  0%| F|  |TAMS 0x0000000082600000, 0x0000000082600000| Untracked 
|  21|0x0000000082700000, 0x0000000082700000, 0x0000000082800000|  0%| F|  |TAMS 0x0000000082700000, 0x0000000082700000| Untracked 
|  22|0x0000000082800000, 0x0000000082800000, 0x0000000082900000|  0%| F|  |TAMS 0x0000000082800000, 0x0000000082800000| Untracked 
|  23|0x0000000082900000, 0x0000000082900000, 0x0000000082a00000|  0%| F|  |TAMS 0x0000000082900000, 0x0000000082900000| Untracked 
|  24|0x0000000082a00000, 0x0000000082a00000, 0x0000000082b00000|  0%| F|  |TAMS 0x0000000082a00000, 0x0000000082a00000| Untracked 
|  25|0x0000000082b00000, 0x0000000082b00000, 0x0000000082c00000|  0%| F|  |TAMS 0x0000000082b00000, 0x0000000082b00000| Untracked 
|  26|0x0000000082c00000, 0x0000000082c00000, 0x0000000082d00000|  0%| F|  |TAMS 0x0000000082c00000, 0x0000000082c00000| Untracked 
|  27|0x0000000082d00000, 0x0000000082d00000, 0x0000000082e00000|  0%| F|  |TAMS 0x0000000082d00000, 0x0000000082d00000| Untracked 
|  28|0x0000000082e00000, 0x0000000082e00000, 0x0000000082f00000|  0%| F|  |TAMS 0x0000000082e00000, 0x0000000082e00000| Untracked 
|  29|0x0000000082f00000, 0x0000000082f00000, 0x0000000083000000|  0%| F|  |TAMS 0x0000000082f00000, 0x0000000082f00000| Untracked 
|  30|0x0000000083000000, 0x0000000083000000, 0x0000000083100000|  0%| F|  |TAMS 0x0000000083000000, 0x0000000083000000| Untracked 
|  31|0x0000000083100000, 0x0000000083100000, 0x0000000083200000|  0%| F|  |TAMS 0x0000000083100000, 0x0000000083100000| Untracked 
|  32|0x0000000083200000, 0x0000000083200000, 0x0000000083300000|  0%| F|  |TAMS 0x0000000083200000, 0x0000000083200000| Untracked 
|  33|0x0000000083300000, 0x0000000083300000, 0x0000000083400000|  0%| F|  |TAMS 0x0000000083300000, 0x0000000083300000| Untracked 
|  34|0x0000000083400000, 0x0000000083400000, 0x0000000083500000|  0%| F|  |TAMS 0x0000000083400000, 0x0000000083400000| Untracked 
|  35|0x0000000083500000, 0x0000000083500000, 0x0000000083600000|  0%| F|  |TAMS 0x0000000083500000, 0x0000000083500000| Untracked 
|  36|0x0000000083600000, 0x0000000083600000, 0x0000000083700000|  0%| F|  |TAMS 0x0000000083600000, 0x0000000083600000| Untracked 
|  37|0x0000000083700000, 0x0000000083700000, 0x0000000083800000|  0%| F|  |TAMS 0x0000000083700000, 0x0000000083700000| Untracked 
|  38|0x0000000083800000, 0x0000000083800000, 0x0000000083900000|  0%| F|  |TAMS 0x0000000083800000, 0x0000000083800000| Untracked 
|  39|0x0000000083900000, 0x0000000083900000, 0x0000000083a00000|  0%| F|  |TAMS 0x0000000083900000, 0x0000000083900000| Untracked 
|  40|0x0000000083a00000, 0x0000000083a00000, 0x0000000083b00000|  0%| F|  |TAMS 0x0000000083a00000, 0x0000000083a00000| Untracked 
|  41|0x0000000083b00000, 0x0000000083b00000, 0x0000000083c00000|  0%| F|  |TAMS 0x0000000083b00000, 0x0000000083b00000| Untracked 
|  42|0x0000000083c00000, 0x0000000083c00000, 0x0000000083d00000|  0%| F|  |TAMS 0x0000000083c00000, 0x0000000083c00000| Untracked 
|  43|0x0000000083d00000, 0x0000000083d00000, 0x0000000083e00000|  0%| F|  |TAMS 0x0000000083d00000, 0x0000000083d00000| Untracked 
|  44|0x0000000083e00000, 0x0000000083e00000, 0x0000000083f00000|  0%| F|  |TAMS 0x0000000083e00000, 0x0000000083e00000| Untracked 
|  45|0x0000000083f00000, 0x0000000083f00000, 0x0000000084000000|  0%| F|  |TAMS 0x0000000083f00000, 0x0000000083f00000| Untracked 
|  46|0x0000000084000000, 0x0000000084000000, 0x0000000084100000|  0%| F|  |TAMS 0x0000000084000000, 0x0000000084000000| Untracked 
|  47|0x0000000084100000, 0x0000000084100000, 0x0000000084200000|  0%| F|  |TAMS 0x0000000084100000, 0x0000000084100000| Untracked 
|  48|0x0000000084200000, 0x0000000084200000, 0x0000000084300000|  0%| F|  |TAMS 0x0000000084200000, 0x0000000084200000| Untracked 
|  49|0x0000000084300000, 0x0000000084300000, 0x0000000084400000|  0%| F|  |TAMS 0x0000000084300000, 0x0000000084300000| Untracked 
|  50|0x0000000084400000, 0x0000000084400000, 0x0000000084500000|  0%| F|  |TAMS 0x0000000084400000, 0x0000000084400000| Untracked 
|  51|0x0000000084500000, 0x0000000084500000, 0x0000000084600000|  0%| F|  |TAMS 0x0000000084500000, 0x0000000084500000| Untracked 
|  52|0x0000000084600000, 0x0000000084600000, 0x0000000084700000|  0%| F|  |TAMS 0x0000000084600000, 0x0000000084600000| Untracked 
|  53|0x0000000084700000, 0x0000000084700000, 0x0000000084800000|  0%| F|  |TAMS 0x0000000084700000, 0x0000000084700000| Untracked 
|  54|0x0000000084800000, 0x0000000084800000, 0x0000000084900000|  0%| F|  |TAMS 0x0000000084800000, 0x0000000084800000| Untracked 
|  55|0x0000000084900000, 0x0000000084900000, 0x0000000084a00000|  0%| F|  |TAMS 0x0000000084900000, 0x0000000084900000| Untracked 
|  56|0x0000000084a00000, 0x0000000084a00000, 0x0000000084b00000|  0%| F|  |TAMS 0x0000000084a00000, 0x0000000084a00000| Untracked 
|  57|0x0000000084b00000, 0x0000000084b00000, 0x0000000084c00000|  0%| F|  |TAMS 0x0000000084b00000, 0x0000000084b00000| Untracked 
|  58|0x0000000084c00000, 0x0000000084c00000, 0x0000000084d00000|  0%| F|  |TAMS 0x0000000084c00000, 0x0000000084c00000| Untracked 
|  59|0x0000000084d00000, 0x0000000084d00000, 0x0000000084e00000|  0%| F|  |TAMS 0x0000000084d00000, 0x0000000084d00000| Untracked 
|  60|0x0000000084e00000, 0x0000000084e00000, 0x0000000084f00000|  0%| F|  |TAMS 0x0000000084e00000, 0x0000000084e00000| Untracked 
|  61|0x0000000084f00000, 0x0000000084f00000, 0x0000000085000000|  0%| F|  |TAMS 0x0000000084f00000, 0x0000000084f00000| Untracked 
|  62|0x0000000085000000, 0x0000000085000000, 0x0000000085100000|  0%| F|  |TAMS 0x0000000085000000, 0x0000000085000000| Untracked 
|  63|0x0000000085100000, 0x0000000085100000, 0x0000000085200000|  0%| F|  |TAMS 0x0000000085100000, 0x0000000085100000| Untracked 
|  64|0x0000000085200000, 0x0000000085200000, 0x0000000085300000|  0%| F|  |TAMS 0x0000000085200000, 0x0000000085200000| Untracked 
|  65|0x0000000085300000, 0x0000000085300000, 0x0000000085400000|  0%| F|  |TAMS 0x0000000085300000, 0x0000000085300000| Untracked 
|  66|0x0000000085400000, 0x0000000085400000, 0x0000000085500000|  0%| F|  |TAMS 0x0000000085400000, 0x0000000085400000| Untracked 
|  67|0x0000000085500000, 0x0000000085500000, 0x0000000085600000|  0%| F|  |TAMS 0x0000000085500000, 0x0000000085500000| Untracked 
|  68|0x0000000085600000, 0x0000000085600000, 0x0000000085700000|  0%| F|  |TAMS 0x0000000085600000, 0x0000000085600000| Untracked 
|  69|0x0000000085700000, 0x0000000085700000, 0x0000000085800000|  0%| F|  |TAMS 0x0000000085700000, 0x0000000085700000| Untracked 
|  70|0x0000000085800000, 0x0000000085800000, 0x0000000085900000|  0%| F|  |TAMS 0x0000000085800000, 0x0000000085800000| Untracked 
|  71|0x0000000085900000, 0x0000000085900000, 0x0000000085a00000|  0%| F|  |TAMS 0x0000000085900000, 0x0000000085900000| Untracked 
|  72|0x0000000085a00000, 0x0000000085a00000, 0x0000000085b00000|  0%| F|  |TAMS 0x0000000085a00000, 0x0000000085a00000| Untracked 
|  73|0x0000000085b00000, 0x0000000085b00000, 0x0000000085c00000|  0%| F|  |TAMS 0x0000000085b00000, 0x0000000085b00000| Untracked 
|  74|0x0000000085c00000, 0x0000000085c00000, 0x0000000085d00000|  0%| F|  |TAMS 0x0000000085c00000, 0x0000000085c00000| Untracked 
|  75|0x0000000085d00000, 0x0000000085d00000, 0x0000000085e00000|  0%| F|  |TAMS 0x0000000085d00000, 0x0000000085d00000| Untracked 
|  76|0x0000000085e00000, 0x0000000085e00000, 0x0000000085f00000|  0%| F|  |TAMS 0x0000000085e00000, 0x0000000085e00000| Untracked 
|  77|0x0000000085f00000, 0x0000000085f00000, 0x0000000086000000|  0%| F|  |TAMS 0x0000000085f00000, 0x0000000085f00000| Untracked 
|  78|0x0000000086000000, 0x0000000086000000, 0x0000000086100000|  0%| F|  |TAMS 0x0000000086000000, 0x0000000086000000| Untracked 
|  79|0x0000000086100000, 0x0000000086100000, 0x0000000086200000|  0%| F|  |TAMS 0x0000000086100000, 0x0000000086100000| Untracked 
|  80|0x0000000086200000, 0x0000000086200000, 0x0000000086300000|  0%| F|  |TAMS 0x0000000086200000, 0x0000000086200000| Untracked 
|  81|0x0000000086300000, 0x0000000086300000, 0x0000000086400000|  0%| F|  |TAMS 0x0000000086300000, 0x0000000086300000| Untracked 
|  82|0x0000000086400000, 0x0000000086400000, 0x0000000086500000|  0%| F|  |TAMS 0x0000000086400000, 0x0000000086400000| Untracked 
|  83|0x0000000086500000, 0x0000000086500000, 0x0000000086600000|  0%| F|  |TAMS 0x0000000086500000, 0x0000000086500000| Untracked 
|  84|0x0000000086600000, 0x0000000086600000, 0x0000000086700000|  0%| F|  |TAMS 0x0000000086600000, 0x0000000086600000| Untracked 
|  85|0x0000000086700000, 0x0000000086700000, 0x0000000086800000|  0%| F|  |TAMS 0x0000000086700000, 0x0000000086700000| Untracked 
|  86|0x0000000086800000, 0x0000000086800000, 0x0000000086900000|  0%| F|  |TAMS 0x0000000086800000, 0x0000000086800000| Untracked 
|  87|0x0000000086900000, 0x0000000086900000, 0x0000000086a00000|  0%| F|  |TAMS 0x0000000086900000, 0x0000000086900000| Untracked 
|  88|0x0000000086a00000, 0x0000000086a00000, 0x0000000086b00000|  0%| F|  |TAMS 0x0000000086a00000, 0x0000000086a00000| Untracked 
|  89|0x0000000086b00000, 0x0000000086b00000, 0x0000000086c00000|  0%| F|  |TAMS 0x0000000086b00000, 0x0000000086b00000| Untracked 
|  90|0x0000000086c00000, 0x0000000086c00000, 0x0000000086d00000|  0%| F|  |TAMS 0x0000000086c00000, 0x0000000086c00000| Untracked 
|  91|0x0000000086d00000, 0x0000000086d00000, 0x0000000086e00000|  0%| F|  |TAMS 0x0000000086d00000, 0x0000000086d00000| Untracked 
|  92|0x0000000086e00000, 0x0000000086e00000, 0x0000000086f00000|  0%| F|  |TAMS 0x0000000086e00000, 0x0000000086e00000| Untracked 
|  93|0x0000000086f00000, 0x0000000086f00000, 0x0000000087000000|  0%| F|  |TAMS 0x0000000086f00000, 0x0000000086f00000| Untracked 
|  94|0x0000000087000000, 0x0000000087000000, 0x0000000087100000|  0%| F|  |TAMS 0x0000000087000000, 0x0000000087000000| Untracked 
|  95|0x0000000087100000, 0x0000000087100000, 0x0000000087200000|  0%| F|  |TAMS 0x0000000087100000, 0x0000000087100000| Untracked 
|  96|0x0000000087200000, 0x0000000087200000, 0x0000000087300000|  0%| F|  |TAMS 0x0000000087200000, 0x0000000087200000| Untracked 
|  97|0x0000000087300000, 0x0000000087300000, 0x0000000087400000|  0%| F|  |TAMS 0x0000000087300000, 0x0000000087300000| Untracked 
|  98|0x0000000087400000, 0x0000000087400000, 0x0000000087500000|  0%| F|  |TAMS 0x0000000087400000, 0x0000000087400000| Untracked 
|  99|0x0000000087500000, 0x0000000087500000, 0x0000000087600000|  0%| F|  |TAMS 0x0000000087500000, 0x0000000087500000| Untracked 
| 100|0x0000000087600000, 0x0000000087600000, 0x0000000087700000|  0%| F|  |TAMS 0x0000000087600000, 0x0000000087600000| Untracked 
| 101|0x0000000087700000, 0x0000000087700000, 0x0000000087800000|  0%| F|  |TAMS 0x0000000087700000, 0x0000000087700000| Untracked 
| 102|0x0000000087800000, 0x0000000087800000, 0x0000000087900000|  0%| F|  |TAMS 0x0000000087800000, 0x0000000087800000| Untracked 
| 103|0x0000000087900000, 0x0000000087900000, 0x0000000087a00000|  0%| F|  |TAMS 0x0000000087900000, 0x0000000087900000| Untracked 
| 104|0x0000000087a00000, 0x0000000087a00000, 0x0000000087b00000|  0%| F|  |TAMS 0x0000000087a00000, 0x0000000087a00000| Untracked 
| 105|0x0000000087b00000, 0x0000000087b00000, 0x0000000087c00000|  0%| F|  |TAMS 0x0000000087b00000, 0x0000000087b00000| Untracked 
| 106|0x0000000087c00000, 0x0000000087c00000, 0x0000000087d00000|  0%| F|  |TAMS 0x0000000087c00000, 0x0000000087c00000| Untracked 
| 107|0x0000000087d00000, 0x0000000087d00000, 0x0000000087e00000|  0%| F|  |TAMS 0x0000000087d00000, 0x0000000087d00000| Untracked 
| 108|0x0000000087e00000, 0x0000000087e00000, 0x0000000087f00000|  0%| F|  |TAMS 0x0000000087e00000, 0x0000000087e00000| Untracked 
| 109|0x0000000087f00000, 0x0000000087f00000, 0x0000000088000000|  0%| F|  |TAMS 0x0000000087f00000, 0x0000000087f00000| Untracked 
| 110|0x0000000088000000, 0x0000000088000000, 0x0000000088100000|  0%| F|  |TAMS 0x0000000088000000, 0x0000000088000000| Untracked 
| 111|0x0000000088100000, 0x0000000088100000, 0x0000000088200000|  0%| F|  |TAMS 0x0000000088100000, 0x0000000088100000| Untracked 
| 112|0x0000000088200000, 0x0000000088200000, 0x0000000088300000|  0%| F|  |TAMS 0x0000000088200000, 0x0000000088200000| Untracked 
| 113|0x0000000088300000, 0x0000000088300000, 0x0000000088400000|  0%| F|  |TAMS 0x0000000088300000, 0x0000000088300000| Untracked 
| 114|0x0000000088400000, 0x0000000088400000, 0x0000000088500000|  0%| F|  |TAMS 0x0000000088400000, 0x0000000088400000| Untracked 
| 115|0x0000000088500000, 0x0000000088500000, 0x0000000088600000|  0%| F|  |TAMS 0x0000000088500000, 0x0000000088500000| Untracked 
| 116|0x0000000088600000, 0x0000000088600000, 0x0000000088700000|  0%| F|  |TAMS 0x0000000088600000, 0x0000000088600000| Untracked 
| 117|0x0000000088700000, 0x0000000088700000, 0x0000000088800000|  0%| F|  |TAMS 0x0000000088700000, 0x0000000088700000| Untracked 
| 118|0x0000000088800000, 0x0000000088800000, 0x0000000088900000|  0%| F|  |TAMS 0x0000000088800000, 0x0000000088800000| Untracked 
| 119|0x0000000088900000, 0x0000000088900000, 0x0000000088a00000|  0%| F|  |TAMS 0x0000000088900000, 0x0000000088900000| Untracked 
| 120|0x0000000088a00000, 0x0000000088a00000, 0x0000000088b00000|  0%| F|  |TAMS 0x0000000088a00000, 0x0000000088a00000| Untracked 
| 121|0x0000000088b00000, 0x0000000088b00000, 0x0000000088c00000|  0%| F|  |TAMS 0x0000000088b00000, 0x0000000088b00000| Untracked 
| 122|0x0000000088c00000, 0x0000000088c00000, 0x0000000088d00000|  0%| F|  |TAMS 0x0000000088c00000, 0x0000000088c00000| Untracked 
| 123|0x0000000088d00000, 0x0000000088d76460, 0x0000000088e00000| 46%| E|  |TAMS 0x0000000088d00000, 0x0000000088d00000| Complete 
| 124|0x0000000088e00000, 0x0000000088f00000, 0x0000000088f00000|100%| E|CS|TAMS 0x0000000088e00000, 0x0000000088e00000| Complete 
| 125|0x0000000088f00000, 0x0000000089000000, 0x0000000089000000|100%| E|CS|TAMS 0x0000000088f00000, 0x0000000088f00000| Complete 
| 126|0x0000000089000000, 0x0000000089100000, 0x0000000089100000|100%| E|CS|TAMS 0x0000000089000000, 0x0000000089000000| Complete 
| 127|0x0000000089100000, 0x0000000089200000, 0x0000000089200000|100%| E|CS|TAMS 0x0000000089100000, 0x0000000089100000| Complete 

Card table byte_map: [0x000001f380000000,0x000001f380400000] _byte_map_base: 0x000001f37fbf7000

Marking Bits (Prev, Next): (CMBitMap*) 0x000001f3e7c0d1c8, (CMBitMap*) 0x000001f3e7c0d208
 Prev Bits: [0x000001f380800000, 0x000001f3827b8000)
 Next Bits: [0x000001f3827c0000, 0x000001f384778000)

Polling page: 0x000001f3e5be0000

Metaspace:

Usage:
  Non-class:      4.81 MB capacity,     4.72 MB ( 98%) used,    83.45 KB (  2%) free+waste,    15.56 KB ( <1%) overhead. 
      Class:    757.00 KB capacity,   624.65 KB ( 83%) used,   120.91 KB ( 16%) free+waste,    11.44 KB (  2%) overhead. 
       Both:      5.55 MB capacity,     5.33 MB ( 96%) used,   204.36 KB (  4%) free+waste,    27.00 KB ( <1%) overhead. 

Virtual space:
  Non-class space:        8.00 MB reserved,       5.00 MB ( 63%) committed 
      Class space:        1.00 GB reserved,     768.00 KB ( <1%) committed 
             Both:        1.01 GB reserved,       5.75 MB ( <1%) committed 

Chunk freelists:
   Non-Class:  0 bytes
       Class:  11.00 KB
        Both:  11.00 KB

MaxMetaspaceSize: 17179869184.00 GB
CompressedClassSpaceSize: 1.00 GB

CodeHeap 'non-profiled nmethods': size=120000Kb used=147Kb max_used=147Kb free=119852Kb
 bounds [0x000001f3f8110000, 0x000001f3f8380000, 0x000001f3ff640000]
CodeHeap 'profiled nmethods': size=120000Kb used=800Kb max_used=800Kb free=119199Kb
 bounds [0x000001f3f0be0000, 0x000001f3f0e50000, 0x000001f3f8110000]
CodeHeap 'non-nmethods': size=5760Kb used=1219Kb max_used=1233Kb free=4540Kb
 bounds [0x000001f3f0640000, 0x000001f3f08b0000, 0x000001f3f0be0000]
 total_blobs=1364 nmethods=530 adapters=403
 compilation: enabled
              stopped_count=0, restarted_count=0
 full_count=0

Compilation events (20 events):
Event: 0.249 Thread 0x000001f386fbc800  520       3       java.lang.invoke.InvokerBytecodeGenerator::emitStoreResult (27 bytes)
Event: 0.249 Thread 0x000001f386fbc800 nmethod 520 0x000001f3f0ca3410 code [0x000001f3f0ca35e0, 0x000001f3f0ca3958]
Event: 0.249 Thread 0x000001f386fbc800  521       3       java.lang.invoke.LambdaForm$NamedFunction::member (26 bytes)
Event: 0.249 Thread 0x000001f386fbc800 nmethod 521 0x000001f3f0ca3b10 code [0x000001f3f0ca3ca0, 0x000001f3f0ca3dd8]
Event: 0.249 Thread 0x000001f386fbc800  522       3       jdk.internal.org.objectweb.asm.MethodWriter::visitAnnotation (73 bytes)
Event: 0.249 Thread 0x000001f386fb9800  523       4       jdk.internal.org.objectweb.asm.ByteVector::putShort (52 bytes)
Event: 0.250 Thread 0x000001f386fbc800 nmethod 522 0x000001f3f0ca3e90 code [0x000001f3f0ca40c0, 0x000001f3f0ca4868]
Event: 0.250 Thread 0x000001f386fbc800  525       3       java.lang.invoke.LambdaForm$Name::internArguments (59 bytes)
Event: 0.250 Thread 0x000001f386fbc800 nmethod 525 0x000001f3f0ca4b10 code [0x000001f3f0ca4d00, 0x000001f3f0ca5448]
Event: 0.250 Thread 0x000001f386fbc800  527       3       java.lang.invoke.LambdaFormBuffer::ownedCount (7 bytes)
Event: 0.250 Thread 0x000001f386fbc800 nmethod 527 0x000001f3f0ca5610 code [0x000001f3f0ca57a0, 0x000001f3f0ca58b8]
Event: 0.250 Thread 0x000001f386fbc800  528       3       jdk.internal.org.objectweb.asm.MethodWriter::visitInsn (115 bytes)
Event: 0.250 Thread 0x000001f386fb9800 nmethod 523 0x000001f3f8134490 code [0x000001f3f8134640, 0x000001f3f81347d8]
Event: 0.250 Thread 0x000001f386fbc800 nmethod 528 0x000001f3f0ca5990 code [0x000001f3f0ca5b80, 0x000001f3f0ca5fa8]
Event: 0.250 Thread 0x000001f386fbc800  526       3       sun.invoke.util.BytecodeDescriptor::unparse (37 bytes)
Event: 0.251 Thread 0x000001f386fbc800 nmethod 526 0x000001f3f0ca6190 code [0x000001f3f0ca63c0, 0x000001f3f0ca6ab8]
Event: 0.251 Thread 0x000001f386fbc800  524       3       java.util.AbstractList::<init> (10 bytes)
Event: 0.251 Thread 0x000001f386fbc800 nmethod 524 0x000001f3f0ca6d10 code [0x000001f3f0ca6ec0, 0x000001f3f0ca7098]
Event: 0.251 Thread 0x000001f386fbc800  531       3       jdk.internal.org.objectweb.asm.Frame::push (63 bytes)
Event: 0.251 Thread 0x000001f386fbc800 nmethod 531 0x000001f3f0ca7190 code [0x000001f3f0ca7400, 0x000001f3f0ca7da8]

GC Heap History (0 events):
No events

Deoptimization events (8 events):
Event: 0.055 Thread 0x000001f3e7bcc000 Uncommon trap: trap_request=0xffffff45 fr.pc=0x000001f3f8114c2c relative=0x000000000000024c
Event: 0.055 Thread 0x000001f3e7bcc000 Uncommon trap: reason=unstable_if action=reinterpret pc=0x000001f3f8114c2c method=java.lang.String.hashCode()I @ 13 c2
Event: 0.055 Thread 0x000001f3e7bcc000 DEOPT PACKING pc=0x000001f3f8114c2c sp=0x0000001a9bffdf80
Event: 0.055 Thread 0x000001f3e7bcc000 DEOPT UNPACKING pc=0x000001f3f068912f sp=0x0000001a9bffdf18 mode 2
Event: 0.206 Thread 0x000001f386fd5000 Uncommon trap: trap_request=0xffffff45 fr.pc=0x000001f3f812eeac relative=0x000000000000018c
Event: 0.206 Thread 0x000001f386fd5000 Uncommon trap: reason=unstable_if action=reinterpret pc=0x000001f3f812eeac method=java.lang.String.equals(Ljava/lang/Object;)Z @ 33 c2
Event: 0.206 Thread 0x000001f386fd5000 DEOPT PACKING pc=0x000001f3f812eeac sp=0x0000001a9d4fea70
Event: 0.206 Thread 0x000001f386fd5000 DEOPT UNPACKING pc=0x000001f3f068912f sp=0x0000001a9d4fea10 mode 2

Classes unloaded (0 events):
No events

Classes redefined (0 events):
No events

Internal exceptions (14 events):
Event: 0.075 Thread 0x000001f3e7bcc000 Exception <a 'java/lang/ClassNotFoundException'{0x0000000089000308}: sun/awt/resources/spi/awtProvider> (0x0000000089000308) 
thrown [./src/hotspot/share/classfile/systemDictionary.cpp, line 226]
Event: 0.098 Thread 0x000001f3e7bcc000 Exception <a 'java/io/FileNotFoundException'{0x0000000089055270}> (0x0000000089055270) 
thrown [./src/hotspot/share/prims/jni.cpp, line 599]
Event: 0.105 Thread 0x000001f3e7bcc000 Exception <a 'java/io/FileNotFoundException'{0x000000008907ba90}> (0x000000008907ba90) 
thrown [./src/hotspot/share/prims/jni.cpp, line 599]
Event: 0.139 Thread 0x000001f386fd2800 Exception <a 'java/lang/NoSuchMethodError'{0x00000000890f1068}: 'void java.lang.invoke.DirectMethodHandle$Holder.invokeSpecial(java.lang.Object, java.lang.Object)'> (0x00000000890f1068) 
thrown [./src/hotspot/share/interpreter/linkResolver.cpp, line 766]
Event: 0.176 Thread 0x000001f386fd5000 Exception <a 'java/lang/NoSuchMethodError'{0x0000000088feed38}: 'java.lang.Object java.lang.invoke.DirectMethodHandle$Holder.invokeStatic(java.lang.Object, int, java.lang.Object, java.lang.Object, java.lang.Object, java.lang.Object)'> (0x0000000088feed38) 
thrown [./src/hotspot/share/interpreter/linkResolver.cpp, line 766]
Event: 0.177 Thread 0x000001f386fd5000 Exception <a 'java/lang/NoSuchMethodError'{0x0000000088ff5658}: 'java.lang.Object java.lang.invoke.DirectMethodHandle$Holder.invokeStatic(java.lang.Object, int, java.lang.Object, java.lang.Object, java.lang.Object)'> (0x0000000088ff5658) 
thrown [./src/hotspot/share/interpreter/linkResolver.cpp, line 766]
Event: 0.178 Thread 0x000001f386fd5000 Exception <a 'java/lang/NoSuchMethodError'{0x0000000088ff8ea8}: 'java.lang.Object java.lang.invoke.DirectMethodHandle$Holder.invokeSpecial(java.lang.Object, java.lang.Object, int, java.lang.Object, java.lang.Object, java.lang.Object)'> (0x0000000088ff8ea8) 
thrown [./src/hotspot/share/interpreter/linkResolver.cpp, line 766]
Event: 0.180 Thread 0x000001f386fd5000 Exception <a 'java/lang/NoSuchMethodError'{0x0000000088e0f6e8}: 'java.lang.Object java.lang.invoke.DirectMethodHandle$Holder.invokeStatic(java.lang.Object, int, java.lang.Object)'> (0x0000000088e0f6e8) 
thrown [./src/hotspot/share/interpreter/linkResolver.cpp, line 766]
Event: 0.197 Thread 0x000001f386fd5000 Exception <a 'java/lang/ClassNotFoundException'{0x0000000088eb2e78}: com/sun/swing/internal/plaf/metal/resources/spi/metalProvider> (0x0000000088eb2e78) 
thrown [./src/hotspot/share/classfile/systemDictionary.cpp, line 226]
Event: 0.198 Thread 0x000001f386fd5000 Exception <a 'java/lang/ClassNotFoundException'{0x0000000088eb7b38}: com/sun/swing/internal/plaf/basic/resources/spi/basicProvider> (0x0000000088eb7b38) 
thrown [./src/hotspot/share/classfile/systemDictionary.cpp, line 226]
Event: 0.227 Thread 0x000001f386fd5000 Exception <a 'java/lang/NoSuchMethodError'{0x0000000088efc000}: 'void java.lang.invoke.DirectMethodHandle$Holder.invokeStaticInit(java.lang.Object)'> (0x0000000088efc000) 
thrown [./src/hotspot/share/interpreter/linkResolver.cpp, line 766]
Event: 0.235 Thread 0x000001f386fd5000 Exception <a 'java/io/FileNotFoundException'{0x0000000088d092b8}> (0x0000000088d092b8) 
thrown [./src/hotspot/share/prims/jni.cpp, line 599]
Event: 0.235 Thread 0x000001f386fd5000 Exception <a 'java/lang/NullPointerException'{0x0000000088d09ba8}> (0x0000000088d09ba8) 
thrown [./src/hotspot/share/interpreter/linkResolver.cpp, line 1348]
Event: 0.251 Thread 0x000001f386fd5000 Exception <a 'java/lang/NoSuchMethodError'{0x0000000088d5b288}: 'java.lang.Object java.lang.invoke.Invokers$Holder.linkToTargetMethod(java.lang.Object, int, java.lang.Object)'> (0x0000000088d5b288) 
thrown [./src/hotspot/share/interpreter/linkResolver.cpp, line 766]

Events (20 events):
Event: 0.247 loading class sun/awt/windows/WDefaultFontCharset$Encoder
Event: 0.247 loading class sun/awt/AWTCharset$Encoder
Event: 0.247 loading class sun/awt/AWTCharset$Encoder done
Event: 0.247 loading class sun/awt/windows/WDefaultFontCharset$Encoder done
Event: 0.248 loading class java/io/ByteArrayOutputStream
Event: 0.248 loading class java/io/ByteArrayOutputStream done
Event: 0.248 loading class sun/awt/windows/WingDings
Event: 0.248 loading class sun/awt/windows/WingDings done
Event: 0.248 loading class sun/awt/windows/WingDings$Encoder
Event: 0.248 loading class sun/awt/windows/WingDings$Encoder done
Event: 0.248 loading class sun/awt/Symbol
Event: 0.248 loading class sun/awt/Symbol done
Event: 0.248 loading class sun/awt/Symbol$Encoder
Event: 0.249 loading class sun/awt/Symbol$Encoder done
Event: 0.249 Executing VM operation: HandshakeOneThread
Event: 0.249 Executing VM operation: HandshakeOneThread done
Event: 0.250 Executing VM operation: HandshakeOneThread
Event: 0.251 Executing VM operation: HandshakeOneThread done
Event: 0.251 Executing VM operation: HandshakeOneThread
Event: 0.251 Executing VM operation: HandshakeOneThread done


Dynamic libraries:
0x00007ff620ae0000 - 0x00007ff620aed000 	C:\Program Files\AdoptOpenJDK\jdk-14.0.1.7-hotspot\bin\javaw.exe
0x00007ffaa5db0000 - 0x00007ffaa5fa6000 	C:\WINDOWS\SYSTEM32\ntdll.dll
0x00007ffaa5a60000 - 0x00007ffaa5b1d000 	C:\WINDOWS\System32\KERNEL32.DLL
0x00007ffaa3a40000 - 0x00007ffaa3d09000 	C:\WINDOWS\System32\KERNELBASE.dll
0x00007ffaa34f0000 - 0x00007ffaa35f0000 	C:\WINDOWS\System32\ucrtbase.dll
0x00007ffa9d340000 - 0x00007ffa9d358000 	C:\Program Files\AdoptOpenJDK\jdk-14.0.1.7-hotspot\bin\jli.dll
0x00007ffaa0ab0000 - 0x00007ffaa0ac5000 	C:\Program Files\AdoptOpenJDK\jdk-14.0.1.7-hotspot\bin\VCRUNTIME140.dll
0x00007ffaa4130000 - 0x00007ffaa42d0000 	C:\WINDOWS\System32\USER32.dll
0x00007ffaa3a10000 - 0x00007ffaa3a32000 	C:\WINDOWS\System32\win32u.dll
0x00007ffa89a50000 - 0x00007ffa89ceb000 	C:\WINDOWS\WinSxS\amd64_microsoft.windows.common-controls_6595b64144ccf1df_6.0.19041.488_none_ca04af081b815d21\COMCTL32.dll
0x00007ffaa4520000 - 0x00007ffaa454a000 	C:\WINDOWS\System32\GDI32.dll
0x00007ffaa42d0000 - 0x00007ffaa436e000 	C:\WINDOWS\System32\msvcrt.dll
0x00007ffaa3900000 - 0x00007ffaa3a09000 	C:\WINDOWS\System32\gdi32full.dll
0x00007ffaa3d10000 - 0x00007ffaa3dad000 	C:\WINDOWS\System32\msvcp_win.dll
0x00007ffaa4040000 - 0x00007ffaa4070000 	C:\WINDOWS\System32\IMM32.DLL
0x00007ffa989f0000 - 0x00007ffa98a8b000 	C:\Program Files\AdoptOpenJDK\jdk-14.0.1.7-hotspot\bin\msvcp140.dll
0x00007ffa5c820000 - 0x00007ffa5d3cc000 	C:\Program Files\AdoptOpenJDK\jdk-14.0.1.7-hotspot\bin\server\jvm.dll
0x00007ffaa59b0000 - 0x00007ffaa5a5c000 	C:\WINDOWS\System32\ADVAPI32.dll
0x00007ffaa5430000 - 0x00007ffaa54cc000 	C:\WINDOWS\System32\sechost.dll
0x00007ffaa45b0000 - 0x00007ffaa46db000 	C:\WINDOWS\System32\RPCRT4.dll
0x00007ffaa59a0000 - 0x00007ffaa59a8000 	C:\WINDOWS\System32\PSAPI.DLL
0x00007ffa8acb0000 - 0x00007ffa8acb9000 	C:\WINDOWS\SYSTEM32\WSOCK32.dll
0x00007ffaa4fe0000 - 0x00007ffaa504b000 	C:\WINDOWS\System32\WS2_32.dll
0x00007ffa944d0000 - 0x00007ffa944f7000 	C:\WINDOWS\SYSTEM32\WINMM.dll
0x00007ffa9c310000 - 0x00007ffa9c31a000 	C:\WINDOWS\SYSTEM32\VERSION.dll
0x00007ffaa1dd0000 - 0x00007ffaa1de2000 	C:\WINDOWS\SYSTEM32\kernel.appcore.dll
0x00007ffa9d8a0000 - 0x00007ffa9d8aa000 	C:\Program Files\AdoptOpenJDK\jdk-14.0.1.7-hotspot\bin\jimage.dll
0x00007ffaa1410000 - 0x00007ffaa15f4000 	C:\WINDOWS\SYSTEM32\DBGHELP.DLL
0x00007ffa90940000 - 0x00007ffa9096c000 	C:\WINDOWS\SYSTEM32\dbgcore.DLL
0x00007ffaa3670000 - 0x00007ffaa36f0000 	C:\WINDOWS\System32\bcryptPrimitives.dll
0x00007ffa9d360000 - 0x00007ffa9d385000 	C:\Program Files\AdoptOpenJDK\jdk-14.0.1.7-hotspot\bin\java.dll
0x00007ffa9d320000 - 0x00007ffa9d336000 	C:\Program Files\AdoptOpenJDK\jdk-14.0.1.7-hotspot\bin\zip.dll
0x00007ffaa46e0000 - 0x00007ffaa4e22000 	C:\WINDOWS\System32\SHELL32.dll
0x00007ffaa1620000 - 0x00007ffaa1db5000 	C:\WINDOWS\SYSTEM32\windows.storage.dll
0x00007ffaa5050000 - 0x00007ffaa53a6000 	C:\WINDOWS\System32\combase.dll
0x00007ffaa2e90000 - 0x00007ffaa2ebc000 	C:\WINDOWS\SYSTEM32\Wldp.dll
0x00007ffaa4080000 - 0x00007ffaa412e000 	C:\WINDOWS\System32\SHCORE.dll
0x00007ffaa4f80000 - 0x00007ffaa4fd5000 	C:\WINDOWS\System32\shlwapi.dll
0x00007ffaa3420000 - 0x00007ffaa3446000 	C:\WINDOWS\SYSTEM32\profapi.dll
0x00007ffa97f10000 - 0x00007ffa980a7000 	C:\Program Files\AdoptOpenJDK\jdk-14.0.1.7-hotspot\bin\awt.dll
0x00007ffaa3e10000 - 0x00007ffaa3edd000 	C:\WINDOWS\System32\OLEAUT32.dll
0x00007ffaa0ae0000 - 0x00007ffaa0b70000 	C:\WINDOWS\SYSTEM32\apphelp.dll
0x00007ffaa0c90000 - 0x00007ffaa0d2e000 	C:\WINDOWS\system32\uxtheme.dll
0x00007ffaa5c50000 - 0x00007ffaa5d66000 	C:\WINDOWS\System32\MSCTF.dll
0x00007ffaa5b20000 - 0x00007ffaa5c4a000 	C:\WINDOWS\System32\ole32.dll
0x00007ffaa0e80000 - 0x00007ffaa0eaf000 	C:\WINDOWS\system32\DWMAPI.DLL
0x00007ffa96d10000 - 0x00007ffa96e35000 	C:\WINDOWS\system32\opengl32.dll
0x00007ffa9c7d0000 - 0x00007ffa9c7fc000 	C:\WINDOWS\SYSTEM32\GLU32.dll
0x00007ffa987a0000 - 0x00007ffa98822000 	C:\Program Files\AdoptOpenJDK\jdk-14.0.1.7-hotspot\bin\freetype.dll
0x00007ffa97e60000 - 0x00007ffa97f06000 	C:\Program Files\AdoptOpenJDK\jdk-14.0.1.7-hotspot\bin\fontmanager.dll

dbghelp: loaded successfully - version: 4.0.5 - missing functions: none
symbol engine: initialized successfully - sym options: 0x614 - pdb path: .;C:\Program Files\AdoptOpenJDK\jdk-14.0.1.7-hotspot\bin;C:\WINDOWS\SYSTEM32;C:\WINDOWS\WinSxS\amd64_microsoft.windows.common-controls_6595b64144ccf1df_6.0.19041.488_none_ca04af081b815d21;C:\Program Files\AdoptOpenJDK\jdk-14.0.1.7-hotspot\bin\server

VM Arguments:
jvm_args: -Dfile.encoding=UTF-8 -XX:+ShowCodeDetailsInExceptionMessages 
java_command: Result
java_class_path (initial): C:\Users\レルダ\git\King-No-\King No!!\bin
Launcher Type: SUN_STANDARD

[Global flags]
     intx CICompilerCount                          = 4                                         {product} {ergonomic}
     uint ConcGCThreads                            = 2                                         {product} {ergonomic}
     uint G1ConcRefinementThreads                  = 8                                         {product} {ergonomic}
   size_t G1HeapRegionSize                         = 1048576                                   {product} {ergonomic}
    uintx GCDrainStackTargetSize                   = 64                                        {product} {ergonomic}
   size_t InitialHeapSize                          = 134217728                                 {product} {ergonomic}
   size_t MarkStackSize                            = 4194304                                   {product} {ergonomic}
   size_t MaxHeapSize                              = 2128609280                                {product} {ergonomic}
   size_t MaxNewSize                               = 1277165568                                {product} {ergonomic}
   size_t MinHeapDeltaBytes                        = 1048576                                   {product} {ergonomic}
   size_t MinHeapSize                              = 8388608                                   {product} {ergonomic}
    uintx NonNMethodCodeHeapSize                   = 5839372                                {pd product} {ergonomic}
    uintx NonProfiledCodeHeapSize                  = 122909434                              {pd product} {ergonomic}
    uintx ProfiledCodeHeapSize                     = 122909434                              {pd product} {ergonomic}
    uintx ReservedCodeCacheSize                    = 251658240                              {pd product} {ergonomic}
     bool SegmentedCodeCache                       = true                                      {product} {ergonomic}
     bool ShowCodeDetailsInExceptionMessages       = true                                   {manageable} {command line}
   size_t SoftMaxHeapSize                          = 2128609280                             {manageable} {ergonomic}
     bool UseCompressedClassPointers               = true                                 {lp64_product} {ergonomic}
     bool UseCompressedOops                        = true                                 {lp64_product} {ergonomic}
     bool UseG1GC                                  = true                                      {product} {ergonomic}
     bool UseLargePagesIndividualAllocation        = false                                  {pd product} {ergonomic}

Logging:
Log output configuration:
 #0: stdout all=warning uptime,level,tags
 #1: stderr all=off uptime,level,tags

Environment Variables:
JAVA_HOME=C:\Program Files\AdoptOpenJDK\jdk-14.0.1.7-hotspot\
PATH=C:/Program Files/AdoptOpenJDK/jdk-14.0.1.7-hotspot/bin/client;C:/Program Files/AdoptOpenJDK/jdk-14.0.1.7-hotspot/bin;C:\Program Files\AdoptOpenJDK\jdk-14.0.1.7-hotspot\bin;C:\WINDOWS\system32;C:\WINDOWS;C:\WINDOWS\System32\Wbem;C:\WINDOWS\System32\WindowsPowerShell\v1.0\;C:\WINDOWS\System32\OpenSSH\;C:\Program Files\Intel\WiFi\bin\;C:\Program Files\Common Files\Intel\WirelessCommon\;C:\MinGW\bin;C:\Program Files\dotnet\;C:\java\derby\bin;C:\Program Files\AdoptOpenJDK\jdk-14.0.1.7-hotspot\bin;C:\WINDOWS\system32;C:\WINDOWS;C:\WINDOWS\System32\Wbem;C:\WINDOWS\System32\WindowsPowerShell\v1.0\;C:\WINDOWS\System32\OpenSSH\;C:\Program Files\Intel\WiFi\bin\;C:\Program Files\Common Files\Intel\WirelessCommon\;C:\MinGW\bin;C:\Program Files\dotnet\;C:\Python\Python3;C:\Python\Python3\Library\mingw-w64\bin;C:\Python\Python3\Library\usr\bin;C:\Python\Python3\Library\bin;C:\Python\Python3\Scripts;C:\Users\レルダ\AppData\Local\Microsoft\WindowsApps;C:\Users\レルダ\AppData\Local\Programs\Microsoft VS Code\bin;C:\Users\レルダ\AppData\Local\Microsoft\WindowsApps;C:\Users\レルダ\.dotnet\tools;C:\java\eclipse;
USERNAME=レルダ
OS=Windows_NT
PROCESSOR_IDENTIFIER=Intel64 Family 6 Model 142 Stepping 10, GenuineIntel



---------------  S Y S T E M  ---------------

OS: Windows 10 , 64 bit Build 19041 (10.0.19041.662)
OS uptime: 21 days 4:02 hours

CPU:total 8 (initial active 8) (4 cores per cpu, 2 threads per core) family 6 model 142 stepping 10, cmov, cx8, fxsr, mmx, sse, sse2, sse3, ssse3, sse4.1, sse4.2, popcnt, avx, avx2, aes, clmul, erms, 3dnowpref, lzcnt, ht, tsc, tscinvbit, bmi1, bmi2, adx, fma

Memory: 4k page, system-wide physical 8118M (4574M free)
TotalPageFile size 9974M (AvailPageFile size 5639M)
current process WorkingSet (physical memory assigned to process): 46M, peak: 46M
current process commit charge ("private bytes"): 218M, peak: 218M

vm_info: OpenJDK 64-Bit Server VM (14.0.1+7) for windows-amd64 JRE (14.0.1+7), built on Apr 22 2020 14:10:56 by "" with MS VC++ 15.9 (VS2017)

END.
