#
# A fatal error has been detected by the Java Runtime Environment:
#
#  EXCEPTION_ACCESS_VIOLATION (0xc0000005) at pc=0x00007ff859bbf74a, pid=10756, tid=7964
#
# JRE version: OpenJDK Runtime Environment AdoptOpenJDK (14.0.1+7) (build 14.0.1+7)
# Java VM: OpenJDK 64-Bit Server VM AdoptOpenJDK (14.0.1+7, mixed mode, sharing, tiered, compressed oops, g1 gc, windows-amd64)
# Problematic frame:
# C  [awt.dll+0x8f74a]
#
# No core dump will be written. Minidumps are not enabled by default on client versions of Windows
#
# If you would like to submit a bug report, please visit:
#   https://github.com/AdoptOpenJDK/openjdk-support/issues
# The crash happened outside the Java Virtual Machine in native code.
# See problematic frame for where to report the bug.
#

---------------  S U M M A R Y ------------

Command Line: -Dfile.encoding=UTF-8 -XX:+ShowCodeDetailsInExceptionMessages NewTextPazzle

Host: Intel(R) Core(TM) i5-8250U CPU @ 1.60GHz, 8 cores, 7G,  Windows 10 , 64 bit Build 18362 (10.0.18362.1316)
Time: Mon Jan 18 14:00:13 2021 ???? (?W?€??) elapsed time: 1 seconds (0d 0h 0m 1s)

---------------  T H R E A D  ---------------

Current thread (0x000001dea0c18000):  JavaThread "AWT-EventQueue-0" [_thread_in_native, id=7964, stack(0x000000d027900000,0x000000d027a00000)]

Stack: [0x000000d027900000,0x000000d027a00000],  sp=0x000000d0279fe8f0,  free space=1018k
Native frames: (J=compiled Java code, j=interpreted, Vv=VM code, C=native code)
C  [awt.dll+0x8f74a]

Java frames: (J=compiled Java code, j=interpreted, Vv=VM code)
j  sun.awt.windows.WComponentPeer._setFont(Ljava/awt/Font;)V+0 java.desktop@14.0.1
j  sun.awt.windows.WComponentPeer.setFont(Ljava/awt/Font;)V+7 java.desktop@14.0.1
j  sun.awt.windows.WWindowPeer.initialize()V+42 java.desktop@14.0.1
j  sun.awt.windows.WFramePeer.initialize()V+1 java.desktop@14.0.1
j  sun.awt.windows.WComponentPeer.<init>(Ljava/awt/Component;)V+83 java.desktop@14.0.1
j  sun.awt.windows.WCanvasPeer.<init>(Ljava/awt/Component;)V+2 java.desktop@14.0.1
j  sun.awt.windows.WPanelPeer.<init>(Ljava/awt/Component;)V+2 java.desktop@14.0.1
j  sun.awt.windows.WWindowPeer.<init>(Ljava/awt/Window;)V+2 java.desktop@14.0.1
j  sun.awt.windows.WFramePeer.<init>(Ljava/awt/Frame;)V+2 java.desktop@14.0.1
j  sun.awt.windows.WToolkit.createFrame(Ljava/awt/Frame;)Ljava/awt/peer/FramePeer;+5 java.desktop@14.0.1
j  java.awt.Frame.addNotify()V+20 java.desktop@14.0.1
j  java.awt.Window.show()V+8 java.desktop@14.0.1
j  java.awt.Component.show(Z)V+5 java.desktop@14.0.1
j  java.awt.Component.setVisible(Z)V+2 java.desktop@14.0.1
j  java.awt.Window.setVisible(Z)V+2 java.desktop@14.0.1
j  NewTextPazzle$1.run()V+29
j  java.awt.event.InvocationEvent.dispatch()V+47 java.desktop@14.0.1
j  java.awt.EventQueue.dispatchEventImpl(Ljava/awt/AWTEvent;Ljava/lang/Object;)V+21 java.desktop@14.0.1
j  java.awt.EventQueue$4.run()Ljava/lang/Void;+32 java.desktop@14.0.1
j  java.awt.EventQueue$4.run()Ljava/lang/Object;+1 java.desktop@14.0.1
j  java.security.AccessController.executePrivileged(Ljava/security/PrivilegedAction;Ljava/security/AccessControlContext;Ljava/lang/Class;)Ljava/lang/Object;+29 java.base@14.0.1
j  java.security.AccessController.doPrivileged(Ljava/security/PrivilegedAction;Ljava/security/AccessControlContext;)Ljava/lang/Object;+13 java.base@14.0.1
j  java.security.ProtectionDomain$JavaSecurityAccessImpl.doIntersectionPrivilege(Ljava/security/PrivilegedAction;Ljava/security/AccessControlContext;Ljava/security/AccessControlContext;)Ljava/lang/Object;+18 java.base@14.0.1
j  java.awt.EventQueue.dispatchEvent(Ljava/awt/AWTEvent;)V+46 java.desktop@14.0.1
j  java.awt.EventDispatchThread.pumpOneEventForFilters(I)V+78 java.desktop@14.0.1
j  java.awt.EventDispatchThread.pumpEventsForFilter(ILjava/awt/Conditional;Ljava/awt/EventFilter;)V+35 java.desktop@14.0.1
j  java.awt.EventDispatchThread.pumpEventsForHierarchy(ILjava/awt/Conditional;Ljava/awt/Component;)V+11 java.desktop@14.0.1
j  java.awt.EventDispatchThread.pumpEvents(ILjava/awt/Conditional;)V+4 java.desktop@14.0.1
j  java.awt.EventDispatchThread.pumpEvents(Ljava/awt/Conditional;)V+3 java.desktop@14.0.1
j  java.awt.EventDispatchThread.run()V+9 java.desktop@14.0.1
v  ~StubRoutines::call_stub

siginfo: EXCEPTION_ACCESS_VIOLATION (0xc0000005), reading address 0x0000000000000058


Register to memory mapping:

RIP=0x00007ff859bbf74a awt.dll
RAX=0x00007ff859c3a660 awt.dll
RBX=0x000001dea0c18310 points into unknown readable memory: 50 3c 7d 45 f8 7f 00 00
RCX=0x000001dea1ad9d60 points into unknown readable memory: 60 a6 c3 59 f8 7f 00 00
RDX=0x0 is NULL
RSP=0x000000d0279fe8f0 is pointing into the stack for thread: 0x000001dea0c18000
RBP=0x0 is NULL
RSI=0x000001dea1adab78 is a global jni handle
RDI=0x000001dea1adab80 is a global jni handle
R8 =0x0000000000000042 is an unknown value
R9 =0x0000000800b50fa0 is a pointer to class: 
java.awt.Font {0x0000000800b50fa8}
R10=0x0000000000008000 is an unknown value
R11=0x000000d0279fe8f0 is pointing into the stack for thread: 0x000001dea0c18000
R12=0x0 is NULL
R13={method} {0x000001dea01a7070} '_setFont' '(Ljava/awt/Font;)V' in 'sun/awt/windows/WComponentPeer'
R14=0x000001dea1ad9d60 points into unknown readable memory: 60 a6 c3 59 f8 7f 00 00
R15=0x000001dea1ae1a40 points into unknown readable memory: 78 ab ad a1 de 01 00 00


Registers:
RAX=0x00007ff859c3a660, RBX=0x000001dea0c18310, RCX=0x000001dea1ad9d60, RDX=0x0000000000000000
RSP=0x000000d0279fe8f0, RBP=0x0000000000000000, RSI=0x000001dea1adab78, RDI=0x000001dea1adab80
R8 =0x0000000000000042, R9 =0x0000000800b50fa0, R10=0x0000000000008000, R11=0x000000d0279fe8f0
R12=0x0000000000000000, R13=0x000001dea01a7068, R14=0x000001dea1ad9d60, R15=0x000001dea1ae1a40
RIP=0x00007ff859bbf74a, EFLAGS=0x0000000000010206

Top of Stack: (sp=0x000000d0279fe8f0)
0x000000d0279fe8f0:   000001dea1ae1a40 000001dea1ad9d60
0x000000d0279fe900:   000001dea1ae1a40 000001dea1ad9d60
0x000000d0279fe910:   000001dea1adab80 00007ff859bc4655
0x000000d0279fe920:   000001dea0c18310 000001dea0c18310
0x000000d0279fe930:   0000000000000000 000001dea1adab78
0x000000d0279fe940:   000001dea0c18000 000000d0279fea98
0x000000d0279fe950:   000001dea1ae1a40 00007ff859bfd59b
0x000000d0279fe960:   00007ff859c7f018 000000d0279fea70
0x000000d0279fe970:   00007ff859bc4528 0000000000000000
0x000000d0279fe980:   fffffffffffffffe fffffffffffffffe
0x000000d0279fe990:   000001dea1adab78 00007ff859bc581c
0x000000d0279fe9a0:   000001dea1adab80 000000d0279fea90
0x000000d0279fe9b0:   000000d0279fea90 00007ff859c7f018
0x000000d0279fe9c0:   fffffffffffffffe 00007ff8450c9859
0x000000d0279fe9d0:   0000000085be82b8 000001de89db00b4
0x000000d0279fe9e0:   000001dea01a7068 0000000000000968 

Instructions: (pc=0x00007ff859bbf74a)
0x00007ff859bbf64a:   00 48 8b d9 e8 d9 dc ff ff 48 8b f8 48 85 c0 75
0x00007ff859bbf65a:   04 48 8b 7b 48 48 8b cf e8 93 15 05 00 48 8b d8
0x00007ff859bbf66a:   48 85 c0 74 60 83 64 24 20 00 0f 57 c0 83 64 24
0x00007ff859bbf67a:   34 00 b9 11 00 00 00 83 64 24 38 00 f3 0f 7f 44
0x00007ff859bbf68a:   24 24 ff 15 86 bc 0b 00 4c 8d 44 24 40 ba 5c 00
0x00007ff859bbf69a:   00 00 48 8b c8 ff 15 2b bf 0b 00 83 f8 5c 75 0d
0x00007ff859bbf6aa:   48 8d 54 24 40 48 8b cb e8 f2 15 05 00 48 8d 54
0x00007ff859bbf6ba:   24 20 48 8b cb e8 09 16 05 00 48 8b d3 48 8b cf
0x00007ff859bbf6ca:   e8 b6 15 05 00 48 8b 8c 24 a0 00 00 00 48 33 cc
0x00007ff859bbf6da:   e8 e1 22 05 00 48 8b 9c 24 c8 00 00 00 48 81 c4
0x00007ff859bbf6ea:   b0 00 00 00 5f c3 40 53 48 83 ec 20 48 8b d9 ff
0x00007ff859bbf6fa:   15 69 c4 0b 00 48 85 c0 75 0a 48 8b 4b 48 ff 15
0x00007ff859bbf70a:   52 c4 0b 00 48 83 c4 20 5b c3 4c 63 c2 48 8b 15
0x00007ff859bbf71a:   2a a8 0b 00 48 ff 25 e3 c2 0b 00 cc cc cc 48 8b
0x00007ff859bbf72a:   d1 48 8b 0d 1e d8 0b 00 48 89 15 17 d8 0b 00 e9
0x00007ff859bbf73a:   f6 63 04 00 cc cc 48 89 5c 24 08 57 48 83 ec 20
0x00007ff859bbf74a:   83 7a 58 00 48 8b da 48 8b f9 7d 08 48 8b ca e8
0x00007ff859bbf75a:   4a 95 01 00 4c 8b 43 48 45 33 c9 48 8b 4f 48 4d
0x00007ff859bbf76a:   8b 00 41 8d 51 30 ff 15 5a c5 0b 00 48 8b 4f 48
0x00007ff859bbf77a:   33 d2 44 8d 42 01 48 8b 5c 24 30 48 83 c4 20 5f
0x00007ff859bbf78a:   48 ff 25 f7 c3 0b 00 cc cc cc 48 8b c4 48 89 58
0x00007ff859bbf79a:   08 48 89 68 10 48 89 70 18 48 89 78 20 41 56 48
0x00007ff859bbf7aa:   83 ec 20 4c 8b f2 48 8b f9 48 8b 0d 3e f6 0b 00
0x00007ff859bbf7ba:   ba 02 00 01 00 41 8b e8 e8 04 21 05 00 48 8b 97
0x00007ff859bbf7ca:   c0 00 00 00 33 db 48 8b f0 48 85 d2 74 0d 4c 8b
0x00007ff859bbf7da:   08 48 8b c8 41 ff 91 b0 00 00 00 4d 85 f6 74 14
0x00007ff859bbf7ea:   48 8b 06 49 8b d6 48 8b ce ff 90 a8 00 00 00 48
0x00007ff859bbf7fa:   8b d8 eb 05 bd 01 00 00 00 48 89 9f c0 00 00 00
0x00007ff859bbf80a:   89 af c8 00 00 00 48 8b 5c 24 30 48 8b 6c 24 38
0x00007ff859bbf81a:   48 8b 74 24 40 48 8b 7c 24 48 48 83 c4 20 41 5e
0x00007ff859bbf82a:   c3 cc 48 89 5c 24 08 48 89 6c 24 10 48 89 74 24
0x00007ff859bbf83a:   18 57 48 83 ec 20 33 db 48 8b f9 48 85 c9 75 09 


Stack slot to memory mapping:
stack at sp + 0 slots: 0x000001dea1ae1a40 points into unknown readable memory: 78 ab ad a1 de 01 00 00
stack at sp + 1 slots: 0x000001dea1ad9d60 points into unknown readable memory: 60 a6 c3 59 f8 7f 00 00
stack at sp + 2 slots: 0x000001dea1ae1a40 points into unknown readable memory: 78 ab ad a1 de 01 00 00
stack at sp + 3 slots: 0x000001dea1ad9d60 points into unknown readable memory: 60 a6 c3 59 f8 7f 00 00
stack at sp + 4 slots: 0x000001dea1adab80 is a global jni handle
stack at sp + 5 slots: 0x00007ff859bc4655 awt.dll
stack at sp + 6 slots: 0x000001dea0c18310 points into unknown readable memory: 50 3c 7d 45 f8 7f 00 00
stack at sp + 7 slots: 0x000001dea0c18310 points into unknown readable memory: 50 3c 7d 45 f8 7f 00 00


---------------  P R O C E S S  ---------------

Threads class SMR info:
_java_thread_list=0x000001dea1a4ef40, length=21, elements={
0x000001dea0045000, 0x000001dea0048800, 0x000001dea0064800, 0x000001dea0065800,
0x000001dea006a000, 0x000001dea0895800, 0x000001dea0896800, 0x000001dea089d000,
0x000001dea09cd000, 0x000001dea09cf000, 0x000001dea0bd8800, 0x000001dea0bd9800,
0x000001dea0bda800, 0x000001dea0c18000, 0x000001deff83c800, 0x000001dea17a5000,
0x000001dea19be800, 0x000001dea1985800, 0x000001dea1a56000, 0x000001dea17fb800,
0x000001dea17fc800
}

Java Threads: ( => current thread )
  0x000001dea0045000 JavaThread "Reference Handler" daemon [_thread_blocked, id=8572, stack(0x000000d026b00000,0x000000d026c00000)]
  0x000001dea0048800 JavaThread "Finalizer" daemon [_thread_blocked, id=7620, stack(0x000000d026c00000,0x000000d026d00000)]
  0x000001dea0064800 JavaThread "Signal Dispatcher" daemon [_thread_blocked, id=11948, stack(0x000000d026d00000,0x000000d026e00000)]
  0x000001dea0065800 JavaThread "Attach Listener" daemon [_thread_blocked, id=10292, stack(0x000000d026e00000,0x000000d026f00000)]
  0x000001dea006a000 JavaThread "Service Thread" daemon [_thread_blocked, id=8560, stack(0x000000d026f00000,0x000000d027000000)]
  0x000001dea0895800 JavaThread "C2 CompilerThread0" daemon [_thread_blocked, id=2440, stack(0x000000d027000000,0x000000d027100000)]
  0x000001dea0896800 JavaThread "C1 CompilerThread0" daemon [_thread_blocked, id=1496, stack(0x000000d027100000,0x000000d027200000)]
  0x000001dea089d000 JavaThread "Sweeper thread" daemon [_thread_blocked, id=7752, stack(0x000000d027200000,0x000000d027300000)]
  0x000001dea09cd000 JavaThread "Notification Thread" daemon [_thread_blocked, id=2456, stack(0x000000d027300000,0x000000d027400000)]
  0x000001dea09cf000 JavaThread "Common-Cleaner" daemon [_thread_blocked, id=4620, stack(0x000000d027500000,0x000000d027600000)]
  0x000001dea0bd8800 JavaThread "Java2D Disposer" daemon [_thread_blocked, id=12036, stack(0x000000d027600000,0x000000d027700000)]
  0x000001dea0bd9800 JavaThread "AWT-Shutdown" [_thread_blocked, id=11324, stack(0x000000d027700000,0x000000d027800000)]
  0x000001dea0bda800 JavaThread "AWT-Windows" daemon [_thread_in_native, id=6980, stack(0x000000d027800000,0x000000d027900000)]
=>0x000001dea0c18000 JavaThread "AWT-EventQueue-0" [_thread_in_native, id=7964, stack(0x000000d027900000,0x000000d027a00000)]
  0x000001deff83c800 JavaThread "DestroyJavaVM" [_thread_blocked, id=8028, stack(0x000000d026400000,0x000000d026500000)]
  0x000001dea17a5000 JavaThread "Image Fetcher 0" daemon [_thread_blocked, id=2528, stack(0x000000d027a00000,0x000000d027b00000)]
  0x000001dea19be800 JavaThread "Java Sound Event Dispatcher" daemon [_thread_blocked, id=7008, stack(0x000000d027d00000,0x000000d027e00000)]
  0x000001dea1985800 JavaThread "Direct Clip" daemon [_thread_blocked, id=888, stack(0x000000d028100000,0x000000d028200000)]
  0x000001dea1a56000 JavaThread "Direct Clip" daemon [_thread_blocked, id=8244, stack(0x000000d028200000,0x000000d028300000)]
  0x000001dea17fb800 JavaThread "Direct Clip" daemon [_thread_blocked, id=10708, stack(0x000000d028900000,0x000000d028a00000)]
  0x000001dea17fc800 JavaThread "Direct Clip" daemon [_thread_blocked, id=6888, stack(0x000000d028a00000,0x000000d028b00000)]

Other Threads:
  0x000001dea0041800 VMThread "VM Thread" [stack: 0x000000d026a00000,0x000000d026b00000] [id=1564]
  0x000001dea09e0800 WatcherThread [stack: 0x000000d027400000,0x000000d027500000] [id=3156]
  0x000001deff87f000 GCTaskThread "GC Thread#0" [stack: 0x000000d026500000,0x000000d026600000] [id=4552]
  0x000001dea1a5b800 GCTaskThread "GC Thread#1" [stack: 0x000000d028300000,0x000000d028400000] [id=11240]
  0x000001dea1a5c800 GCTaskThread "GC Thread#2" [stack: 0x000000d028400000,0x000000d028500000] [id=12884]
  0x000001dea1a5d000 GCTaskThread "GC Thread#3" [stack: 0x000000d028500000,0x000000d028600000] [id=2508]
  0x000001dea1a60800 GCTaskThread "GC Thread#4" [stack: 0x000000d028600000,0x000000d028700000] [id=11296]
  0x000001dea1a63800 GCTaskThread "GC Thread#5" [stack: 0x000000d028700000,0x000000d028800000] [id=6452]
  0x000001deff891000 ConcurrentGCThread "G1 Main Marker" [stack: 0x000000d026600000,0x000000d026700000] [id=13064]
  0x000001deff892800 ConcurrentGCThread "G1 Conc#0" [stack: 0x000000d026700000,0x000000d026800000] [id=11784]
  0x000001dea0bc7000 ConcurrentGCThread "G1 Conc#1" [stack: 0x000000d028800000,0x000000d028900000] [id=8628]
  0x000001de9feb7800 ConcurrentGCThread "G1 Refine#0" [stack: 0x000000d026800000,0x000000d026900000] [id=2860]
  0x000001de9feb8000 ConcurrentGCThread "G1 Young RemSet Sampling" [stack: 0x000000d026900000,0x000000d026a00000] [id=11196]

Threads with active compile tasks:

VM state:not at safepoint (normal execution)

VM Mutex/Monitor currently owned by a thread: None

Heap address: 0x0000000081200000, size: 2030 MB, Compressed Oops mode: 32-bit
Narrow klass base: 0x0000000800000000, Narrow klass shift: 3
Compressed class space size: 1073741824 Address: 0x0000000800b30000

Heap:
 garbage-first heap   total 137216K, used 81521K [0x0000000081200000, 0x0000000100000000)
  region size 1024K, 3 young (3072K), 1 survivors (1024K)
 Metaspace       used 7918K, capacity 8192K, committed 8320K, reserved 1056768K
  class space    used 925K, capacity 1041K, committed 1152K, reserved 1048576K
Heap Regions: E=young(eden), S=young(survivor), O=old, HS=humongous(starts), HC=humongous(continues), CS=collection set, F=free, OA=open archive, CA=closed archive, TAMS=top-at-mark-start (previous, next)
|   0|0x0000000081200000, 0x0000000081300000, 0x0000000081300000|100%|HS|  |TAMS 0x0000000081300000, 0x0000000081200000| Complete 
|   1|0x0000000081300000, 0x0000000081400000, 0x0000000081400000|100%|HC|  |TAMS 0x0000000081400000, 0x0000000081300000| Complete 
|   2|0x0000000081400000, 0x0000000081500000, 0x0000000081500000|100%|HS|  |TAMS 0x0000000081500000, 0x0000000081400000| Complete 
|   3|0x0000000081500000, 0x0000000081600000, 0x0000000081600000|100%|HC|  |TAMS 0x0000000081600000, 0x0000000081500000| Complete 
|   4|0x0000000081600000, 0x0000000081700000, 0x0000000081700000|100%|HC|  |TAMS 0x0000000081700000, 0x0000000081600000| Complete 
|   5|0x0000000081700000, 0x0000000081800000, 0x0000000081800000|100%|HS|  |TAMS 0x0000000081800000, 0x0000000081700000| Complete 
|   6|0x0000000081800000, 0x0000000081900000, 0x0000000081900000|100%|HC|  |TAMS 0x0000000081900000, 0x0000000081800000| Complete 
|   7|0x0000000081900000, 0x0000000081a00000, 0x0000000081a00000|100%|HC|  |TAMS 0x0000000081a00000, 0x0000000081900000| Complete 
|   8|0x0000000081a00000, 0x0000000081b00000, 0x0000000081b00000|100%|HC|  |TAMS 0x0000000081b00000, 0x0000000081a00000| Complete 
|   9|0x0000000081b00000, 0x0000000081c00000, 0x0000000081c00000|100%|HC|  |TAMS 0x0000000081c00000, 0x0000000081b00000| Complete 
|  10|0x0000000081c00000, 0x0000000081d00000, 0x0000000081d00000|100%|HC|  |TAMS 0x0000000081d00000, 0x0000000081c00000| Complete 
|  11|0x0000000081d00000, 0x0000000081e00000, 0x0000000081e00000|100%|HC|  |TAMS 0x0000000081e00000, 0x0000000081d00000| Complete 
|  12|0x0000000081e00000, 0x0000000081f00000, 0x0000000081f00000|100%|HC|  |TAMS 0x0000000081f00000, 0x0000000081e00000| Complete 
|  13|0x0000000081f00000, 0x0000000082000000, 0x0000000082000000|100%|HC|  |TAMS 0x0000000082000000, 0x0000000081f00000| Complete 
|  14|0x0000000082000000, 0x0000000082100000, 0x0000000082100000|100%|HC|  |TAMS 0x0000000082100000, 0x0000000082000000| Complete 
|  15|0x0000000082100000, 0x0000000082200000, 0x0000000082200000|100%|HC|  |TAMS 0x0000000082200000, 0x0000000082100000| Complete 
|  16|0x0000000082200000, 0x0000000082300000, 0x0000000082300000|100%|HC|  |TAMS 0x0000000082300000, 0x0000000082200000| Complete 
|  17|0x0000000082300000, 0x0000000082400000, 0x0000000082400000|100%|HC|  |TAMS 0x0000000082400000, 0x0000000082300000| Complete 
|  18|0x0000000082400000, 0x0000000082500000, 0x0000000082500000|100%|HC|  |TAMS 0x0000000082500000, 0x0000000082400000| Complete 
|  19|0x0000000082500000, 0x0000000082600000, 0x0000000082600000|100%|HC|  |TAMS 0x0000000082600000, 0x0000000082500000| Complete 
|  20|0x0000000082600000, 0x0000000082700000, 0x0000000082700000|100%|HC|  |TAMS 0x0000000082700000, 0x0000000082600000| Complete 
|  21|0x0000000082700000, 0x0000000082800000, 0x0000000082800000|100%|HC|  |TAMS 0x0000000082800000, 0x0000000082700000| Complete 
|  22|0x0000000082800000, 0x0000000082900000, 0x0000000082900000|100%|HC|  |TAMS 0x0000000082900000, 0x0000000082800000| Complete 
|  23|0x0000000082900000, 0x0000000082a00000, 0x0000000082a00000|100%|HC|  |TAMS 0x0000000082a00000, 0x0000000082900000| Complete 
|  24|0x0000000082a00000, 0x0000000082b00000, 0x0000000082b00000|100%|HC|  |TAMS 0x0000000082b00000, 0x0000000082a00000| Complete 
|  25|0x0000000082b00000, 0x0000000082c00000, 0x0000000082c00000|100%|HS|  |TAMS 0x0000000082c00000, 0x0000000082b00000| Complete 
|  26|0x0000000082c00000, 0x0000000082d00000, 0x0000000082d00000|100%|HC|  |TAMS 0x0000000082d00000, 0x0000000082c00000| Complete 
|  27|0x0000000082d00000, 0x0000000082e00000, 0x0000000082e00000|100%|HC|  |TAMS 0x0000000082e00000, 0x0000000082d00000| Complete 
|  28|0x0000000082e00000, 0x0000000082f00000, 0x0000000082f00000|100%|HC|  |TAMS 0x0000000082f00000, 0x0000000082e00000| Complete 
|  29|0x0000000082f00000, 0x0000000083000000, 0x0000000083000000|100%|HC|  |TAMS 0x0000000083000000, 0x0000000082f00000| Complete 
|  30|0x0000000083000000, 0x0000000083100000, 0x0000000083100000|100%|HC|  |TAMS 0x0000000083100000, 0x0000000083000000| Complete 
|  31|0x0000000083100000, 0x0000000083200000, 0x0000000083200000|100%|HC|  |TAMS 0x0000000083200000, 0x0000000083100000| Complete 
|  32|0x0000000083200000, 0x0000000083300000, 0x0000000083300000|100%|HC|  |TAMS 0x0000000083300000, 0x0000000083200000| Complete 
|  33|0x0000000083300000, 0x0000000083400000, 0x0000000083400000|100%|HC|  |TAMS 0x0000000083400000, 0x0000000083300000| Complete 
|  34|0x0000000083400000, 0x0000000083500000, 0x0000000083500000|100%|HC|  |TAMS 0x0000000083500000, 0x0000000083400000| Complete 
|  35|0x0000000083500000, 0x0000000083600000, 0x0000000083600000|100%|HC|  |TAMS 0x0000000083600000, 0x0000000083500000| Complete 
|  36|0x0000000083600000, 0x0000000083700000, 0x0000000083700000|100%|HC|  |TAMS 0x0000000083700000, 0x0000000083600000| Complete 
|  37|0x0000000083700000, 0x0000000083800000, 0x0000000083800000|100%|HC|  |TAMS 0x0000000083800000, 0x0000000083700000| Complete 
|  38|0x0000000083800000, 0x0000000083900000, 0x0000000083900000|100%|HC|  |TAMS 0x0000000083900000, 0x0000000083800000| Complete 
|  39|0x0000000083900000, 0x0000000083a00000, 0x0000000083a00000|100%|HC|  |TAMS 0x0000000083a00000, 0x0000000083900000| Complete 
|  40|0x0000000083a00000, 0x0000000083b00000, 0x0000000083b00000|100%|HC|  |TAMS 0x0000000083b00000, 0x0000000083a00000| Complete 
|  41|0x0000000083b00000, 0x0000000083c00000, 0x0000000083c00000|100%|HC|  |TAMS 0x0000000083c00000, 0x0000000083b00000| Complete 
|  42|0x0000000083c00000, 0x0000000083d00000, 0x0000000083d00000|100%|HC|  |TAMS 0x0000000083d00000, 0x0000000083c00000| Complete 
|  43|0x0000000083d00000, 0x0000000083e00000, 0x0000000083e00000|100%|HC|  |TAMS 0x0000000083e00000, 0x0000000083d00000| Complete 
|  44|0x0000000083e00000, 0x0000000083f00000, 0x0000000083f00000|100%|HC|  |TAMS 0x0000000083f00000, 0x0000000083e00000| Complete 
|  45|0x0000000083f00000, 0x0000000084000000, 0x0000000084000000|100%|HC|  |TAMS 0x0000000084000000, 0x0000000083f00000| Complete 
|  46|0x0000000084000000, 0x0000000084100000, 0x0000000084100000|100%|HC|  |TAMS 0x0000000084100000, 0x0000000084000000| Complete 
|  47|0x0000000084100000, 0x0000000084200000, 0x0000000084200000|100%|HC|  |TAMS 0x0000000084200000, 0x0000000084100000| Complete 
|  48|0x0000000084200000, 0x0000000084300000, 0x0000000084300000|100%|HC|  |TAMS 0x0000000084300000, 0x0000000084200000| Complete 
|  49|0x0000000084300000, 0x0000000084400000, 0x0000000084400000|100%|HC|  |TAMS 0x0000000084400000, 0x0000000084300000| Complete 
|  50|0x0000000084400000, 0x0000000084500000, 0x0000000084500000|100%|HC|  |TAMS 0x0000000084500000, 0x0000000084400000| Complete 
|  51|0x0000000084500000, 0x0000000084600000, 0x0000000084600000|100%|HC|  |TAMS 0x0000000084600000, 0x0000000084500000| Complete 
|  52|0x0000000084600000, 0x0000000084700000, 0x0000000084700000|100%|HC|  |TAMS 0x0000000084700000, 0x0000000084600000| Complete 
|  53|0x0000000084700000, 0x0000000084800000, 0x0000000084800000|100%|HC|  |TAMS 0x0000000084800000, 0x0000000084700000| Complete 
|  54|0x0000000084800000, 0x0000000084900000, 0x0000000084900000|100%|HC|  |TAMS 0x0000000084900000, 0x0000000084800000| Complete 
|  55|0x0000000084900000, 0x0000000084a00000, 0x0000000084a00000|100%|HC|  |TAMS 0x0000000084a00000, 0x0000000084900000| Complete 
|  56|0x0000000084a00000, 0x0000000084b00000, 0x0000000084b00000|100%|HC|  |TAMS 0x0000000084b00000, 0x0000000084a00000| Complete 
|  57|0x0000000084b00000, 0x0000000084c00000, 0x0000000084c00000|100%|HC|  |TAMS 0x0000000084c00000, 0x0000000084b00000| Complete 
|  58|0x0000000084c00000, 0x0000000084d00000, 0x0000000084d00000|100%|HC|  |TAMS 0x0000000084d00000, 0x0000000084c00000| Complete 
|  59|0x0000000084d00000, 0x0000000084e00000, 0x0000000084e00000|100%|HC|  |TAMS 0x0000000084e00000, 0x0000000084d00000| Complete 
|  60|0x0000000084e00000, 0x0000000084f00000, 0x0000000084f00000|100%|HC|  |TAMS 0x0000000084f00000, 0x0000000084e00000| Complete 
|  61|0x0000000084f00000, 0x0000000085000000, 0x0000000085000000|100%|HC|  |TAMS 0x0000000085000000, 0x0000000084f00000| Complete 
|  62|0x0000000085000000, 0x0000000085100000, 0x0000000085100000|100%|HC|  |TAMS 0x0000000085100000, 0x0000000085000000| Complete 
|  63|0x0000000085100000, 0x0000000085200000, 0x0000000085200000|100%|HC|  |TAMS 0x0000000085200000, 0x0000000085100000| Complete 
|  64|0x0000000085200000, 0x0000000085300000, 0x0000000085300000|100%|HC|  |TAMS 0x0000000085300000, 0x0000000085200000| Complete 
|  65|0x0000000085300000, 0x0000000085400000, 0x0000000085400000|100%|HC|  |TAMS 0x0000000085400000, 0x0000000085300000| Complete 
|  66|0x0000000085400000, 0x0000000085500000, 0x0000000085500000|100%|HC|  |TAMS 0x0000000085500000, 0x0000000085400000| Complete 
|  67|0x0000000085500000, 0x0000000085600000, 0x0000000085600000|100%|HC|  |TAMS 0x0000000085600000, 0x0000000085500000| Complete 
|  68|0x0000000085600000, 0x0000000085700000, 0x0000000085700000|100%|HC|  |TAMS 0x0000000085700000, 0x0000000085600000| Complete 
|  69|0x0000000085700000, 0x0000000085800000, 0x0000000085800000|100%|HC|  |TAMS 0x0000000085800000, 0x0000000085700000| Complete 
|  70|0x0000000085800000, 0x0000000085900000, 0x0000000085900000|100%|HC|  |TAMS 0x0000000085900000, 0x0000000085800000| Complete 
|  71|0x0000000085900000, 0x0000000085a00000, 0x0000000085a00000|100%|HC|  |TAMS 0x0000000085a00000, 0x0000000085900000| Complete 
|  72|0x0000000085a00000, 0x0000000085b00000, 0x0000000085b00000|100%| O|  |TAMS 0x0000000085a00000, 0x0000000085a00000| Untracked 
|  73|0x0000000085b00000, 0x0000000085c00000, 0x0000000085c00000|100%| O|  |TAMS 0x0000000085b00000, 0x0000000085b00000| Untracked 
|  74|0x0000000085c00000, 0x0000000085c46a00, 0x0000000085d00000| 27%| O|  |TAMS 0x0000000085c00000, 0x0000000085c00000| Untracked 
|  75|0x0000000085d00000, 0x0000000085e00000, 0x0000000085e00000|100%|HS|  |TAMS 0x0000000085d00000, 0x0000000085d00000| Complete 
|  76|0x0000000085e00000, 0x0000000085f00000, 0x0000000085f00000|100%|HC|  |TAMS 0x0000000085e00000, 0x0000000085e00000| Complete 
|  77|0x0000000085f00000, 0x0000000086000000, 0x0000000086000000|100%|HC|  |TAMS 0x0000000085f00000, 0x0000000085f00000| Complete 
|  78|0x0000000086000000, 0x0000000086100000, 0x0000000086100000|100%|HC|  |TAMS 0x0000000086000000, 0x0000000086000000| Complete 
|  79|0x0000000086100000, 0x0000000086100000, 0x0000000086200000|  0%| F|  |TAMS 0x0000000086100000, 0x0000000086100000| Untracked 
|  80|0x0000000086200000, 0x0000000086200000, 0x0000000086300000|  0%| F|  |TAMS 0x0000000086200000, 0x0000000086200000| Untracked 
|  81|0x0000000086300000, 0x0000000086300000, 0x0000000086400000|  0%| F|  |TAMS 0x0000000086300000, 0x0000000086300000| Untracked 
|  82|0x0000000086400000, 0x0000000086400000, 0x0000000086500000|  0%| F|  |TAMS 0x0000000086400000, 0x0000000086400000| Untracked 
|  83|0x0000000086500000, 0x0000000086500000, 0x0000000086600000|  0%| F|  |TAMS 0x0000000086500000, 0x0000000086500000| Untracked 
|  84|0x0000000086600000, 0x0000000086600000, 0x0000000086700000|  0%| F|  |TAMS 0x0000000086600000, 0x0000000086600000| Untracked 
|  85|0x0000000086700000, 0x0000000086700000, 0x0000000086800000|  0%| F|  |TAMS 0x0000000086700000, 0x0000000086700000| Untracked 
|  86|0x0000000086800000, 0x0000000086800000, 0x0000000086900000|  0%| F|  |TAMS 0x0000000086800000, 0x0000000086800000| Untracked 
|  87|0x0000000086900000, 0x0000000086900000, 0x0000000086a00000|  0%| F|  |TAMS 0x0000000086900000, 0x0000000086900000| Untracked 
|  88|0x0000000086a00000, 0x0000000086a00000, 0x0000000086b00000|  0%| F|  |TAMS 0x0000000086a00000, 0x0000000086a00000| Untracked 
|  89|0x0000000086b00000, 0x0000000086b00000, 0x0000000086c00000|  0%| F|  |TAMS 0x0000000086b00000, 0x0000000086b00000| Untracked 
|  90|0x0000000086c00000, 0x0000000086c00000, 0x0000000086d00000|  0%| F|  |TAMS 0x0000000086c00000, 0x0000000086c00000| Untracked 
|  91|0x0000000086d00000, 0x0000000086d00000, 0x0000000086e00000|  0%| F|  |TAMS 0x0000000086d00000, 0x0000000086d00000| Untracked 
|  92|0x0000000086e00000, 0x0000000086e00000, 0x0000000086f00000|  0%| F|  |TAMS 0x0000000086e00000, 0x0000000086e00000| Untracked 
|  93|0x0000000086f00000, 0x0000000086f00000, 0x0000000087000000|  0%| F|  |TAMS 0x0000000086f00000, 0x0000000086f00000| Untracked 
|  94|0x0000000087000000, 0x0000000087000000, 0x0000000087100000|  0%| F|  |TAMS 0x0000000087000000, 0x0000000087000000| Untracked 
|  95|0x0000000087100000, 0x0000000087100000, 0x0000000087200000|  0%| F|  |TAMS 0x0000000087100000, 0x0000000087100000| Untracked 
|  96|0x0000000087200000, 0x0000000087200000, 0x0000000087300000|  0%| F|  |TAMS 0x0000000087200000, 0x0000000087200000| Untracked 
|  97|0x0000000087300000, 0x0000000087300000, 0x0000000087400000|  0%| F|  |TAMS 0x0000000087300000, 0x0000000087300000| Untracked 
|  98|0x0000000087400000, 0x0000000087400000, 0x0000000087500000|  0%| F|  |TAMS 0x0000000087400000, 0x0000000087400000| Untracked 
|  99|0x0000000087500000, 0x0000000087500000, 0x0000000087600000|  0%| F|  |TAMS 0x0000000087500000, 0x0000000087500000| Untracked 
| 100|0x0000000087600000, 0x0000000087600000, 0x0000000087700000|  0%| F|  |TAMS 0x0000000087600000, 0x0000000087600000| Untracked 
| 101|0x0000000087700000, 0x0000000087700000, 0x0000000087800000|  0%| F|  |TAMS 0x0000000087700000, 0x0000000087700000| Untracked 
| 102|0x0000000087800000, 0x0000000087800000, 0x0000000087900000|  0%| F|  |TAMS 0x0000000087800000, 0x0000000087800000| Untracked 
| 103|0x0000000087900000, 0x0000000087900000, 0x0000000087a00000|  0%| F|  |TAMS 0x0000000087900000, 0x0000000087900000| Untracked 
| 104|0x0000000087a00000, 0x0000000087a00000, 0x0000000087b00000|  0%| F|  |TAMS 0x0000000087a00000, 0x0000000087a00000| Untracked 
| 105|0x0000000087b00000, 0x0000000087b00000, 0x0000000087c00000|  0%| F|  |TAMS 0x0000000087b00000, 0x0000000087b00000| Untracked 
| 106|0x0000000087c00000, 0x0000000087c00000, 0x0000000087d00000|  0%| F|  |TAMS 0x0000000087c00000, 0x0000000087c00000| Untracked 
| 107|0x0000000087d00000, 0x0000000087d00000, 0x0000000087e00000|  0%| F|  |TAMS 0x0000000087d00000, 0x0000000087d00000| Untracked 
| 108|0x0000000087e00000, 0x0000000087e00000, 0x0000000087f00000|  0%| F|  |TAMS 0x0000000087e00000, 0x0000000087e00000| Untracked 
| 109|0x0000000087f00000, 0x0000000087f00000, 0x0000000088000000|  0%| F|  |TAMS 0x0000000087f00000, 0x0000000087f00000| Untracked 
| 110|0x0000000088000000, 0x0000000088000000, 0x0000000088100000|  0%| F|  |TAMS 0x0000000088000000, 0x0000000088000000| Untracked 
| 111|0x0000000088100000, 0x0000000088100000, 0x0000000088200000|  0%| F|  |TAMS 0x0000000088100000, 0x0000000088100000| Untracked 
| 112|0x0000000088200000, 0x0000000088200000, 0x0000000088300000|  0%| F|  |TAMS 0x0000000088200000, 0x0000000088200000| Untracked 
| 113|0x0000000088300000, 0x0000000088300000, 0x0000000088400000|  0%| F|  |TAMS 0x0000000088300000, 0x0000000088300000| Untracked 
| 114|0x0000000088400000, 0x0000000088400000, 0x0000000088500000|  0%| F|  |TAMS 0x0000000088400000, 0x0000000088400000| Untracked 
| 115|0x0000000088500000, 0x0000000088500000, 0x0000000088600000|  0%| F|  |TAMS 0x0000000088500000, 0x0000000088500000| Untracked 
| 116|0x0000000088600000, 0x0000000088600000, 0x0000000088700000|  0%| F|  |TAMS 0x0000000088600000, 0x0000000088600000| Untracked 
| 117|0x0000000088700000, 0x0000000088700000, 0x0000000088800000|  0%| F|  |TAMS 0x0000000088700000, 0x0000000088700000| Untracked 
| 118|0x0000000088800000, 0x0000000088800000, 0x0000000088900000|  0%| F|  |TAMS 0x0000000088800000, 0x0000000088800000| Untracked 
| 119|0x0000000088900000, 0x0000000088900000, 0x0000000088a00000|  0%| F|  |TAMS 0x0000000088900000, 0x0000000088900000| Untracked 
| 120|0x0000000088a00000, 0x0000000088a00000, 0x0000000088b00000|  0%| F|  |TAMS 0x0000000088a00000, 0x0000000088a00000| Untracked 
| 121|0x0000000088b00000, 0x0000000088b00000, 0x0000000088c00000|  0%| F|  |TAMS 0x0000000088b00000, 0x0000000088b00000| Untracked 
| 122|0x0000000088c00000, 0x0000000088c00000, 0x0000000088d00000|  0%| F|  |TAMS 0x0000000088c00000, 0x0000000088c00000| Untracked 
| 123|0x0000000088d00000, 0x0000000088d00000, 0x0000000088e00000|  0%| F|  |TAMS 0x0000000088d00000, 0x0000000088d00000| Untracked 
| 124|0x0000000088e00000, 0x0000000088e00000, 0x0000000088f00000|  0%| F|  |TAMS 0x0000000088e00000, 0x0000000088e00000| Untracked 
| 125|0x0000000088f00000, 0x0000000088f00000, 0x0000000089000000|  0%| F|  |TAMS 0x0000000088f00000, 0x0000000088f00000| Untracked 
| 126|0x0000000089000000, 0x0000000089055a00, 0x0000000089100000| 33%| S|CS|TAMS 0x0000000089000000, 0x0000000089000000| Complete 
| 127|0x0000000089100000, 0x0000000089100000, 0x0000000089200000|  0%| F|  |TAMS 0x0000000089100000, 0x0000000089100000| Untracked 
| 128|0x0000000089200000, 0x0000000089200000, 0x0000000089300000|  0%| F|  |TAMS 0x0000000089200000, 0x0000000089200000| Untracked 
| 129|0x0000000089300000, 0x0000000089300000, 0x0000000089400000|  0%| F|  |TAMS 0x0000000089300000, 0x0000000089300000| Untracked 
| 130|0x0000000089400000, 0x0000000089400000, 0x0000000089500000|  0%| F|  |TAMS 0x0000000089400000, 0x0000000089400000| Untracked 
| 131|0x0000000089500000, 0x0000000089500000, 0x0000000089600000|  0%| F|  |TAMS 0x0000000089500000, 0x0000000089500000| Untracked 
| 132|0x0000000089600000, 0x0000000089662088, 0x0000000089700000| 38%| E|  |TAMS 0x0000000089600000, 0x0000000089600000| Complete 
| 133|0x0000000089700000, 0x0000000089800000, 0x0000000089800000|100%| E|CS|TAMS 0x0000000089700000, 0x0000000089700000| Complete 

Card table byte_map: [0x000001de991a0000,0x000001de995a0000] _byte_map_base: 0x000001de98d97000

Marking Bits (Prev, Next): (CMBitMap*) 0x000001deff87ff08, (CMBitMap*) 0x000001deff87ff48
 Prev Bits: [0x000001de999a0000, 0x000001de9b958000)
 Next Bits: [0x000001de9b960000, 0x000001de9d918000)

Polling page: 0x000001deff010000

Metaspace:

Usage:
  Non-class:      6.98 MB capacity,     6.83 MB ( 98%) used,   137.41 KB (  2%) free+waste,    20.56 KB ( <1%) overhead. 
      Class:      1.02 MB capacity,   925.66 KB ( 89%) used,   101.72 KB ( 10%) free+waste,    13.63 KB (  1%) overhead. 
       Both:      8.00 MB capacity,     7.73 MB ( 97%) used,   239.13 KB (  3%) free+waste,    34.19 KB ( <1%) overhead. 

Virtual space:
  Non-class space:        8.00 MB reserved,       7.00 MB ( 88%) committed 
      Class space:        1.00 GB reserved,       1.13 MB ( <1%) committed 
             Both:        1.01 GB reserved,       8.13 MB ( <1%) committed 

Chunk freelists:
   Non-Class:  17.00 KB
       Class:  15.00 KB
        Both:  32.00 KB

MaxMetaspaceSize: 17179869184.00 GB
CompressedClassSpaceSize: 1.00 GB

CodeHeap 'non-profiled nmethods': size=120000Kb used=254Kb max_used=254Kb free=119745Kb
 bounds [0x000001de91870000, 0x000001de91ae0000, 0x000001de98da0000]
CodeHeap 'profiled nmethods': size=120000Kb used=1426Kb max_used=1426Kb free=118573Kb
 bounds [0x000001de8a340000, 0x000001de8a5b0000, 0x000001de91870000]
CodeHeap 'non-nmethods': size=5760Kb used=1278Kb max_used=1295Kb free=4481Kb
 bounds [0x000001de89da0000, 0x000001de8a010000, 0x000001de8a340000]
 total_blobs=1769 nmethods=795 adapters=479
 compilation: enabled
              stopped_count=0, restarted_count=0
 full_count=0

Compilation events (20 events):
Event: 1.637 Thread 0x000001dea0896800 nmethod 784 0x000001de8a49d090 code [0x000001de8a49d280, 0x000001de8a49d7e8]
Event: 1.637 Thread 0x000001dea0896800  786       3       java.lang.String::startsWith (7 bytes)
Event: 1.637 Thread 0x000001dea0896800 nmethod 786 0x000001de8a49d990 code [0x000001de8a49db40, 0x000001de8a49dca8]
Event: 1.637 Thread 0x000001dea0896800  785       3       java.lang.invoke.MethodHandleNatives::canBeCalledVirtual (94 bytes)
Event: 1.637 Thread 0x000001dea0895800 nmethod 763 0x000001de918ad510 code [0x000001de918ad6c0, 0x000001de918ad8f8]
Event: 1.637 Thread 0x000001dea0895800  778       4       java.util.HashMap::put (13 bytes)
Event: 1.637 Thread 0x000001dea0896800 nmethod 785 0x000001de8a49dd90 code [0x000001de8a49dfa0, 0x000001de8a49e518]
Event: 1.639 Thread 0x000001dea0896800  787       3       java.lang.reflect.AccessibleObject::<init> (5 bytes)
Event: 1.639 Thread 0x000001dea0896800 nmethod 787 0x000001de8a49e710 code [0x000001de8a49e8a0, 0x000001de8a49ea18]
Event: 1.641 Thread 0x000001dea0896800  788       3       java.lang.invoke.LambdaForm::useCount (90 bytes)
Event: 1.642 Thread 0x000001dea0896800 nmethod 788 0x000001de8a49eb10 code [0x000001de8a49ece0, 0x000001de8a49f0b8]
Event: 1.642 Thread 0x000001dea0896800  789       3       java.lang.invoke.LambdaForm::lastUseIndex (76 bytes)
Event: 1.642 Thread 0x000001dea0896800 nmethod 789 0x000001de8a49f290 code [0x000001de8a49f440, 0x000001de8a49f768]
Event: 1.642 Thread 0x000001dea0896800  790       3       java.lang.invoke.LambdaForm$Name::internArguments (59 bytes)
Event: 1.643 Thread 0x000001dea0896800 nmethod 790 0x000001de8a49f910 code [0x000001de8a49fb00, 0x000001de8a4a0248]
Event: 1.643 Thread 0x000001dea0896800  792       3       java.lang.invoke.LambdaFormBuffer::ownedCount (7 bytes)
Event: 1.643 Thread 0x000001dea0896800 nmethod 792 0x000001de8a4a0410 code [0x000001de8a4a05a0, 0x000001de8a4a06b8]
Event: 1.643 Thread 0x000001dea0896800  791       3       java.lang.invoke.LambdaFormBuffer::changeName (149 bytes)
Event: 1.644 Thread 0x000001dea0896800 nmethod 791 0x000001de8a4a0790 code [0x000001de8a4a0960, 0x000001de8a4a0ec8]
Event: 1.644 Thread 0x000001dea0896800  793       3       jdk.internal.org.objectweb.asm.MethodWriter::visitFieldInsn (258 bytes)

GC Heap History (4 events):
Event: 1.343 GC heap before
{Heap before GC invocations=0 (full 0):
 garbage-first heap   total 131072K, used 38912K [0x0000000081200000, 0x0000000100000000)
  region size 1024K, 14 young (14336K), 0 survivors (0K)
 Metaspace       used 5702K, capacity 5981K, committed 6272K, reserved 1056768K
  class space    used 636K, capacity 772K, committed 896K, reserved 1048576K
}
Event: 1.350 GC heap after
{Heap after GC invocations=1 (full 0):
 garbage-first heap   total 131072K, used 27959K [0x0000000081200000, 0x0000000100000000)
  region size 1024K, 3 young (3072K), 3 survivors (3072K)
 Metaspace       used 5702K, capacity 5981K, committed 6272K, reserved 1056768K
  class space    used 636K, capacity 772K, committed 896K, reserved 1048576K
}
Event: 1.481 GC heap before
{Heap before GC invocations=2 (full 0):
 garbage-first heap   total 131072K, used 76087K [0x0000000081200000, 0x0000000100000000)
  region size 1024K, 4 young (4096K), 3 survivors (3072K)
 Metaspace       used 5704K, capacity 5981K, committed 6272K, reserved 1056768K
  class space    used 636K, capacity 772K, committed 896K, reserved 1048576K
}
Event: 1.486 GC heap after
{Heap after GC invocations=3 (full 0):
 garbage-first heap   total 131072K, used 76401K [0x0000000081200000, 0x0000000100000000)
  region size 1024K, 1 young (1024K), 1 survivors (1024K)
 Metaspace       used 5704K, capacity 5981K, committed 6272K, reserved 1056768K
  class space    used 636K, capacity 772K, committed 896K, reserved 1048576K
}

Deoptimization events (20 events):
Event: 1.516 Thread 0x000001dea0c18000 Uncommon trap: trap_request=0xffffff45 fr.pc=0x000001de9188eb2c relative=0x000000000000018c
Event: 1.516 Thread 0x000001dea0c18000 Uncommon trap: reason=unstable_if action=reinterpret pc=0x000001de9188eb2c method=java.lang.String.equals(Ljava/lang/Object;)Z @ 33 c2
Event: 1.516 Thread 0x000001dea0c18000 DEOPT PACKING pc=0x000001de9188eb2c sp=0x000000d0279fee20
Event: 1.516 Thread 0x000001dea0c18000 DEOPT UNPACKING pc=0x000001de89de912f sp=0x000000d0279fedc0 mode 2
Event: 1.634 Thread 0x000001dea0c18000 Uncommon trap: trap_request=0xffffffc6 fr.pc=0x000001de918ac044 relative=0x0000000000000ac4
Event: 1.634 Thread 0x000001dea0c18000 Uncommon trap: reason=bimorphic_or_optimized_type_check action=maybe_recompile pc=0x000001de918ac044 method=java.util.HashMap.putVal(ILjava/lang/Object;Ljava/lang/Object;ZZ)Ljava/lang/Object; @ 152 c2
Event: 1.634 Thread 0x000001dea0c18000 DEOPT PACKING pc=0x000001de918ac044 sp=0x000000d0279fc430
Event: 1.634 Thread 0x000001dea0c18000 DEOPT UNPACKING pc=0x000001de89de912f sp=0x000000d0279fc358 mode 2
Event: 1.634 Thread 0x000001dea0c18000 Uncommon trap: trap_request=0xffffffc6 fr.pc=0x000001de918ac044 relative=0x0000000000000ac4
Event: 1.634 Thread 0x000001dea0c18000 Uncommon trap: reason=bimorphic_or_optimized_type_check action=maybe_recompile pc=0x000001de918ac044 method=java.util.HashMap.putVal(ILjava/lang/Object;Ljava/lang/Object;ZZ)Ljava/lang/Object; @ 152 c2
Event: 1.634 Thread 0x000001dea0c18000 DEOPT PACKING pc=0x000001de918ac044 sp=0x000000d0279fc430
Event: 1.634 Thread 0x000001dea0c18000 DEOPT UNPACKING pc=0x000001de89de912f sp=0x000000d0279fc358 mode 2
Event: 1.634 Thread 0x000001dea0c18000 Uncommon trap: trap_request=0xffffffc6 fr.pc=0x000001de918ac044 relative=0x0000000000000ac4
Event: 1.634 Thread 0x000001dea0c18000 Uncommon trap: reason=bimorphic_or_optimized_type_check action=maybe_recompile pc=0x000001de918ac044 method=java.util.HashMap.putVal(ILjava/lang/Object;Ljava/lang/Object;ZZ)Ljava/lang/Object; @ 152 c2
Event: 1.634 Thread 0x000001dea0c18000 DEOPT PACKING pc=0x000001de918ac044 sp=0x000000d0279fc430
Event: 1.634 Thread 0x000001dea0c18000 DEOPT UNPACKING pc=0x000001de89de912f sp=0x000000d0279fc358 mode 2
Event: 1.634 Thread 0x000001dea0c18000 Uncommon trap: trap_request=0xffffffc6 fr.pc=0x000001de918ac044 relative=0x0000000000000ac4
Event: 1.634 Thread 0x000001dea0c18000 Uncommon trap: reason=bimorphic_or_optimized_type_check action=maybe_recompile pc=0x000001de918ac044 method=java.util.HashMap.putVal(ILjava/lang/Object;Ljava/lang/Object;ZZ)Ljava/lang/Object; @ 152 c2
Event: 1.634 Thread 0x000001dea0c18000 DEOPT PACKING pc=0x000001de918ac044 sp=0x000000d0279fc430
Event: 1.634 Thread 0x000001dea0c18000 DEOPT UNPACKING pc=0x000001de89de912f sp=0x000000d0279fc358 mode 2

Classes unloaded (0 events):
No events

Classes redefined (0 events):
No events

Internal exceptions (14 events):
Event: 0.193 Thread 0x000001deff83c800 Exception <a 'java/lang/ClassNotFoundException'{0x000000008900d930}: sun/awt/resources/spi/awtProvider> (0x000000008900d930) 
thrown [./src/hotspot/share/classfile/systemDictionary.cpp, line 226]
Event: 0.249 Thread 0x000001deff83c800 Exception <a 'java/io/FileNotFoundException'{0x00000000890624b8}> (0x00000000890624b8) 
thrown [./src/hotspot/share/prims/jni.cpp, line 599]
Event: 0.268 Thread 0x000001deff83c800 Exception <a 'java/io/FileNotFoundException'{0x0000000089088d18}> (0x0000000089088d18) 
thrown [./src/hotspot/share/prims/jni.cpp, line 599]
Event: 0.349 Thread 0x000001dea0bda800 Exception <a 'java/lang/NoSuchMethodError'{0x00000000890f10f0}: 'void java.lang.invoke.DirectMethodHandle$Holder.invokeSpecial(java.lang.Object, java.lang.Object)'> (0x00000000890f10f0) 
thrown [./src/hotspot/share/interpreter/linkResolver.cpp, line 766]
Event: 0.431 Thread 0x000001dea0c18000 Exception <a 'java/lang/NoSuchMethodError'{0x0000000088fef848}: 'java.lang.Object java.lang.invoke.DirectMethodHandle$Holder.invokeStatic(java.lang.Object, int, java.lang.Object, java.lang.Object, java.lang.Object, java.lang.Object)'> (0x0000000088fef848) 
thrown [./src/hotspot/share/interpreter/linkResolver.cpp, line 766]
Event: 0.432 Thread 0x000001dea0c18000 Exception <a 'java/lang/NoSuchMethodError'{0x0000000088ff6168}: 'java.lang.Object java.lang.invoke.DirectMethodHandle$Holder.invokeStatic(java.lang.Object, int, java.lang.Object, java.lang.Object, java.lang.Object)'> (0x0000000088ff6168) 
thrown [./src/hotspot/share/interpreter/linkResolver.cpp, line 766]
Event: 0.433 Thread 0x000001dea0c18000 Exception <a 'java/lang/NoSuchMethodError'{0x0000000088ff99b8}: 'java.lang.Object java.lang.invoke.DirectMethodHandle$Holder.invokeSpecial(java.lang.Object, java.lang.Object, int, java.lang.Object, java.lang.Object, java.lang.Object)'> (0x0000000088ff99b8) 
thrown [./src/hotspot/share/interpreter/linkResolver.cpp, line 766]
Event: 0.438 Thread 0x000001dea0c18000 Exception <a 'java/lang/NoSuchMethodError'{0x0000000088e10200}: 'java.lang.Object java.lang.invoke.DirectMethodHandle$Holder.invokeStatic(java.lang.Object, int, java.lang.Object)'> (0x0000000088e10200) 
thrown [./src/hotspot/share/interpreter/linkResolver.cpp, line 766]
Event: 0.480 Thread 0x000001dea0c18000 Exception <a 'java/lang/ClassNotFoundException'{0x0000000088eb3938}: com/sun/swing/internal/plaf/metal/resources/spi/metalProvider> (0x0000000088eb3938) 
thrown [./src/hotspot/share/classfile/systemDictionary.cpp, line 226]
Event: 0.483 Thread 0x000001dea0c18000 Exception <a 'java/lang/ClassNotFoundException'{0x0000000088eb85f8}: com/sun/swing/internal/plaf/basic/resources/spi/basicProvider> (0x0000000088eb85f8) 
thrown [./src/hotspot/share/classfile/systemDictionary.cpp, line 226]
Event: 1.598 Thread 0x000001dea0c18000 Exception <a 'java/lang/NoSuchMethodError'{0x0000000089756ab8}: 'void java.lang.invoke.DirectMethodHandle$Holder.invokeStaticInit(java.lang.Object)'> (0x0000000089756ab8) 
thrown [./src/hotspot/share/interpreter/linkResolver.cpp, line 766]
Event: 1.614 Thread 0x000001dea0c18000 Exception <a 'java/io/FileNotFoundException'{0x00000000897c47b0}> (0x00000000897c47b0) 
thrown [./src/hotspot/share/prims/jni.cpp, line 599]
Event: 1.614 Thread 0x000001dea0c18000 Exception <a 'java/lang/NullPointerException'{0x00000000897c50a0}> (0x00000000897c50a0) 
thrown [./src/hotspot/share/interpreter/linkResolver.cpp, line 1348]
Event: 1.645 Thread 0x000001dea0c18000 Exception <a 'java/lang/NoSuchMethodError'{0x0000000089615c70}: 'java.lang.Object java.lang.invoke.Invokers$Holder.linkToTargetMethod(java.lang.Object, int, java.lang.Object)'> (0x0000000089615c70) 
thrown [./src/hotspot/share/interpreter/linkResolver.cpp, line 766]

Events (20 events):
Event: 1.637 loading class sun/awt/AWTCharset done
Event: 1.637 loading class sun/awt/windows/WDefaultFontCharset done
Event: 1.637 loading class sun/awt/windows/WDefaultFontCharset$Encoder
Event: 1.637 loading class sun/awt/AWTCharset$Encoder
Event: 1.637 loading class sun/awt/AWTCharset$Encoder done
Event: 1.637 loading class sun/awt/windows/WDefaultFontCharset$Encoder done
Event: 1.638 loading class java/io/ByteArrayOutputStream
Event: 1.638 loading class java/io/ByteArrayOutputStream done
Event: 1.639 loading class sun/awt/windows/WingDings
Event: 1.639 loading class sun/awt/windows/WingDings done
Event: 1.639 loading class sun/awt/windows/WingDings$Encoder
Event: 1.639 loading class sun/awt/windows/WingDings$Encoder done
Event: 1.639 loading class sun/awt/Symbol
Event: 1.639 loading class sun/awt/Symbol done
Event: 1.639 loading class sun/awt/Symbol$Encoder
Event: 1.639 loading class sun/awt/Symbol$Encoder done
Event: 1.640 Executing VM operation: HandshakeOneThread
Event: 1.640 Executing VM operation: HandshakeOneThread done
Event: 1.645 Executing VM operation: HandshakeOneThread
Event: 1.645 Executing VM operation: HandshakeOneThread done


Dynamic libraries:
0x00007ff71f840000 - 0x00007ff71f84d000 	C:\Program Files\AdoptOpenJDK\jdk-14.0.1.7-hotspot\bin\javaw.exe
0x00007ff8926a0000 - 0x00007ff892890000 	C:\WINDOWS\SYSTEM32\ntdll.dll
0x00007ff892420000 - 0x00007ff8924d2000 	C:\WINDOWS\System32\KERNEL32.DLL
0x00007ff88f720000 - 0x00007ff88f9c5000 	C:\WINDOWS\System32\KERNELBASE.dll
0x00007ff88f620000 - 0x00007ff88f71a000 	C:\WINDOWS\System32\ucrtbase.dll
0x00007ff884000000 - 0x00007ff884015000 	C:\Program Files\AdoptOpenJDK\jdk-14.0.1.7-hotspot\bin\VCRUNTIME140.dll
0x00007ff88abb0000 - 0x00007ff88abc8000 	C:\Program Files\AdoptOpenJDK\jdk-14.0.1.7-hotspot\bin\jli.dll
0x00007ff8917d0000 - 0x00007ff891964000 	C:\WINDOWS\System32\USER32.dll
0x00007ff88fac0000 - 0x00007ff88fae1000 	C:\WINDOWS\System32\win32u.dll
0x00007ff87d110000 - 0x00007ff87d394000 	C:\WINDOWS\WinSxS\amd64_microsoft.windows.common-controls_6595b64144ccf1df_6.0.18362.1316_none_9e7a364fe461dbd7\COMCTL32.dll
0x00007ff890b60000 - 0x00007ff890b86000 	C:\WINDOWS\System32\GDI32.dll
0x00007ff892380000 - 0x00007ff89241e000 	C:\WINDOWS\System32\msvcrt.dll
0x00007ff88faf0000 - 0x00007ff88fc88000 	C:\WINDOWS\System32\gdi32full.dll
0x00007ff88fa20000 - 0x00007ff88fabe000 	C:\WINDOWS\System32\msvcp_win.dll
0x00007ff890750000 - 0x00007ff890a87000 	C:\WINDOWS\System32\combase.dll
0x00007ff891310000 - 0x00007ff89142f000 	C:\WINDOWS\System32\RPCRT4.dll
0x00007ff8905e0000 - 0x00007ff890661000 	C:\WINDOWS\System32\bcryptPrimitives.dll
0x00007ff891790000 - 0x00007ff8917be000 	C:\WINDOWS\System32\IMM32.DLL
0x00007ff870a10000 - 0x00007ff870aab000 	C:\Program Files\AdoptOpenJDK\jdk-14.0.1.7-hotspot\bin\msvcp140.dll
0x00007ff844d90000 - 0x00007ff84593c000 	C:\Program Files\AdoptOpenJDK\jdk-14.0.1.7-hotspot\bin\server\jvm.dll
0x00007ff891cb0000 - 0x00007ff891d53000 	C:\WINDOWS\System32\ADVAPI32.dll
0x00007ff8924e0000 - 0x00007ff892577000 	C:\WINDOWS\System32\sechost.dll
0x00007ff8917c0000 - 0x00007ff8917c8000 	C:\WINDOWS\System32\PSAPI.DLL
0x00007ff886bf0000 - 0x00007ff886c14000 	C:\WINDOWS\SYSTEM32\WINMM.dll
0x00007ff881bf0000 - 0x00007ff881bf9000 	C:\WINDOWS\SYSTEM32\WSOCK32.dll
0x00007ff891a80000 - 0x00007ff891aef000 	C:\WINDOWS\System32\WS2_32.dll
0x00007ff88b770000 - 0x00007ff88b77a000 	C:\WINDOWS\SYSTEM32\VERSION.dll
0x00007ff8869b0000 - 0x00007ff8869dd000 	C:\WINDOWS\SYSTEM32\winmmbase.dll
0x00007ff88f9d0000 - 0x00007ff88fa1a000 	C:\WINDOWS\System32\cfgmgr32.dll
0x00007ff88f5b0000 - 0x00007ff88f5c1000 	C:\WINDOWS\System32\kernel.appcore.dll
0x00007ff88aba0000 - 0x00007ff88abaa000 	C:\Program Files\AdoptOpenJDK\jdk-14.0.1.7-hotspot\bin\jimage.dll
0x00007ff88df20000 - 0x00007ff88e114000 	C:\WINDOWS\SYSTEM32\DBGHELP.DLL
0x00007ff88b0e0000 - 0x00007ff88b10a000 	C:\WINDOWS\SYSTEM32\dbgcore.DLL
0x00007ff883fd0000 - 0x00007ff883ff5000 	C:\Program Files\AdoptOpenJDK\jdk-14.0.1.7-hotspot\bin\java.dll
0x00007ff883fb0000 - 0x00007ff883fc6000 	C:\Program Files\AdoptOpenJDK\jdk-14.0.1.7-hotspot\bin\zip.dll
0x00007ff890bb0000 - 0x00007ff891298000 	C:\WINDOWS\System32\SHELL32.dll
0x00007ff891970000 - 0x00007ff891a17000 	C:\WINDOWS\System32\shcore.dll
0x00007ff88fc90000 - 0x00007ff89040b000 	C:\WINDOWS\System32\windows.storage.dll
0x00007ff88f5d0000 - 0x00007ff88f5f3000 	C:\WINDOWS\System32\profapi.dll
0x00007ff88f560000 - 0x00007ff88f5aa000 	C:\WINDOWS\System32\powrprof.dll
0x00007ff88f550000 - 0x00007ff88f560000 	C:\WINDOWS\System32\UMPDC.dll
0x00007ff892600000 - 0x00007ff892652000 	C:\WINDOWS\System32\shlwapi.dll
0x00007ff890410000 - 0x00007ff890427000 	C:\WINDOWS\System32\cryptsp.dll
0x00007ff859b30000 - 0x00007ff859cc7000 	C:\Program Files\AdoptOpenJDK\jdk-14.0.1.7-hotspot\bin\awt.dll
0x00007ff891610000 - 0x00007ff8916d5000 	C:\WINDOWS\System32\OLEAUT32.dll
0x00007ff88d4d0000 - 0x00007ff88d55f000 	C:\WINDOWS\SYSTEM32\apphelp.dll
0x00007ff88d5d0000 - 0x00007ff88d669000 	C:\WINDOWS\system32\uxtheme.dll
0x00007ff891d70000 - 0x00007ff891ea5000 	C:\WINDOWS\System32\MSCTF.dll
0x00007ff8914b0000 - 0x00007ff891607000 	C:\WINDOWS\System32\ole32.dll
0x00007ff88d9f0000 - 0x00007ff88da1d000 	C:\WINDOWS\system32\DWMAPI.DLL
0x00007ff880460000 - 0x00007ff8805b6000 	C:\WINDOWS\system32\opengl32.dll
0x00007ff888bb0000 - 0x00007ff888bdc000 	C:\WINDOWS\SYSTEM32\GLU32.dll
0x00007ff88e200000 - 0x00007ff88e220000 	C:\WINDOWS\SYSTEM32\dxcore.dll
0x00007ff883f80000 - 0x00007ff883fad000 	C:\Program Files\AdoptOpenJDK\jdk-14.0.1.7-hotspot\bin\javajpeg.dll
0x00007ff8806a0000 - 0x00007ff8806b1000 	C:\Program Files\AdoptOpenJDK\jdk-14.0.1.7-hotspot\bin\jsound.dll
0x00007ff859a90000 - 0x00007ff859b29000 	C:\WINDOWS\SYSTEM32\DSOUND.dll
0x00007ff8916e0000 - 0x00007ff891782000 	C:\WINDOWS\System32\clbcatq.dll
0x00007ff88a190000 - 0x00007ff88a202000 	C:\WINDOWS\System32\MMDevApi.dll
0x00007ff88f2d0000 - 0x00007ff88f2fa000 	C:\WINDOWS\System32\DEVOBJ.dll
0x00007ff866990000 - 0x00007ff8669d4000 	C:\WINDOWS\SYSTEM32\wdmaud.drv
0x00007ff88b7a0000 - 0x00007ff88b7a9000 	C:\WINDOWS\SYSTEM32\ksuser.dll
0x00007ff88ad60000 - 0x00007ff88ad6a000 	C:\WINDOWS\SYSTEM32\AVRT.dll
0x00007ff88a270000 - 0x00007ff88a3cd000 	C:\WINDOWS\SYSTEM32\AUDIOSES.DLL
0x00007ff88b9b0000 - 0x00007ff88bb02000 	C:\WINDOWS\SYSTEM32\wintypes.dll
0x00007ff888be0000 - 0x00007ff888bed000 	C:\WINDOWS\SYSTEM32\msacm32.drv
0x00007ff880620000 - 0x00007ff88063c000 	C:\WINDOWS\SYSTEM32\MSACM32.dll
0x00007ff888980000 - 0x00007ff88898a000 	C:\WINDOWS\SYSTEM32\midimap.dll
0x00007ff880680000 - 0x00007ff880699000 	C:\Program Files\AdoptOpenJDK\jdk-14.0.1.7-hotspot\bin\net.dll
0x00007ff8896a0000 - 0x00007ff889790000 	C:\WINDOWS\SYSTEM32\WINHTTP.dll
0x00007ff88ed30000 - 0x00007ff88ed97000 	C:\WINDOWS\system32\mswsock.dll
0x00007ff8708e0000 - 0x00007ff8708f2000 	C:\Program Files\AdoptOpenJDK\jdk-14.0.1.7-hotspot\bin\nio.dll
0x00007ff88d900000 - 0x00007ff88d914000 	C:\WINDOWS\SYSTEM32\resourcepolicyclient.dll
0x00007ff8590e0000 - 0x00007ff859162000 	C:\Program Files\AdoptOpenJDK\jdk-14.0.1.7-hotspot\bin\freetype.dll
0x00007ff858080000 - 0x00007ff858126000 	C:\Program Files\AdoptOpenJDK\jdk-14.0.1.7-hotspot\bin\fontmanager.dll

dbghelp: loaded successfully - version: 4.0.5 - missing functions: none
symbol engine: initialized successfully - sym options: 0x614 - pdb path: .;C:\Program Files\AdoptOpenJDK\jdk-14.0.1.7-hotspot\bin;C:\WINDOWS\SYSTEM32;C:\WINDOWS\WinSxS\amd64_microsoft.windows.common-controls_6595b64144ccf1df_6.0.18362.1316_none_9e7a364fe461dbd7;C:\Program Files\AdoptOpenJDK\jdk-14.0.1.7-hotspot\bin\server

VM Arguments:
jvm_args: -Dfile.encoding=UTF-8 -XX:+ShowCodeDetailsInExceptionMessages 
java_command: NewTextPazzle
java_class_path (initial): C:\Users\ryosuke142\git\King-No_\King No!!\bin
Launcher Type: SUN_STANDARD

[Global flags]
     intx CICompilerCount                          = 4                                         {product} {ergonomic}
     uint ConcGCThreads                            = 2                                         {product} {ergonomic}
     uint G1ConcRefinementThreads                  = 8                                         {product} {ergonomic}
   size_t G1HeapRegionSize                         = 1048576                                   {product} {ergonomic}
    uintx GCDrainStackTargetSize                   = 64                                        {product} {ergonomic}
   size_t InitialHeapSize                          = 134217728                                 {product} {ergonomic}
   size_t MarkStackSize                            = 4194304                                   {product} {ergonomic}
   size_t MaxHeapSize                              = 2128609280                                {product} {ergonomic}
   size_t MaxNewSize                               = 1277165568                                {product} {ergonomic}
   size_t MinHeapDeltaBytes                        = 1048576                                   {product} {ergonomic}
   size_t MinHeapSize                              = 8388608                                   {product} {ergonomic}
    uintx NonNMethodCodeHeapSize                   = 5839372                                {pd product} {ergonomic}
    uintx NonProfiledCodeHeapSize                  = 122909434                              {pd product} {ergonomic}
    uintx ProfiledCodeHeapSize                     = 122909434                              {pd product} {ergonomic}
    uintx ReservedCodeCacheSize                    = 251658240                              {pd product} {ergonomic}
     bool SegmentedCodeCache                       = true                                      {product} {ergonomic}
     bool ShowCodeDetailsInExceptionMessages       = true                                   {manageable} {command line}
   size_t SoftMaxHeapSize                          = 2128609280                             {manageable} {ergonomic}
     bool UseCompressedClassPointers               = true                                 {lp64_product} {ergonomic}
     bool UseCompressedOops                        = true                                 {lp64_product} {ergonomic}
     bool UseG1GC                                  = true                                      {product} {ergonomic}
     bool UseLargePagesIndividualAllocation        = false                                  {pd product} {ergonomic}

Logging:
Log output configuration:
 #0: stdout all=warning uptime,level,tags
 #1: stderr all=off uptime,level,tags

Environment Variables:
JAVA_HOME=C:\Program Files\AdoptOpenJDK\jdk-14.0.1.7-hotspot\
PATH=C:\Program Files (x86)\Common Files\Oracle\Java\javapath;C:\Program Files\Common Files\Oracle\Java\javapath;C:\Program Files\AdoptOpenJDK\jdk-14.0.1.7-hotspot\bin;C:\WINDOWS\system32;C:\WINDOWS;C:\WINDOWS\System32\Wbem;C:\WINDOWS\System32\WindowsPowerShell\v1.0\;C:\WINDOWS\System32\OpenSSH\;C:\Program Files\Intel\WiFi\bin\;C:\Program Files\Common Files\Intel\WirelessCommon\;C:\Program Files\dotnet\;C:\java\derby\bin;C:\Program Files\AdoptOpenJDK\jdk-14.0.1.7-hotspot\bin;C:\WINDOWS\system32;C:\WINDOWS;C:\WINDOWS\System32\Wbem;C:\WINDOWS\System32\WindowsPowerShell\v1.0\;C:\WINDOWS\System32\OpenSSH\;C:\Program Files\Intel\WiFi\bin\;C:\Program Files\Common Files\Intel\WirelessCommon\;C:\Program Files\dotnet\;C:\Python\Python3;C:\Python\Python3\Library\mingw-w64\bin;C:\Python\Python3\Library\usr\bin;C:\Python\Python3\Library\bin;C:\Python\Python3\Scripts;C:\Users\ryosuke142\AppData\Local\Microsoft\WindowsApps;C:\MinGW\bin;C:\Users\ryosuke142\AppData\Local\Microsoft\WindowsApps;C:\Users\ryosuke142\.dotnet\tools
USERNAME=ryosuke142
OS=Windows_NT
PROCESSOR_IDENTIFIER=Intel64 Family 6 Model 142 Stepping 10, GenuineIntel



---------------  S Y S T E M  ---------------

OS: Windows 10 , 64 bit Build 18362 (10.0.18362.1316)
OS uptime: 4 days 10:29 hours

CPU:total 8 (initial active 8) (4 cores per cpu, 2 threads per core) family 6 model 142 stepping 10, cmov, cx8, fxsr, mmx, sse, sse2, sse3, ssse3, sse4.1, sse4.2, popcnt, avx, avx2, aes, clmul, erms, 3dnowpref, lzcnt, ht, tsc, tscinvbit, bmi1, bmi2, adx, fma

Memory: 4k page, system-wide physical 8118M (2960M free)
TotalPageFile size 9654M (AvailPageFile size 2690M)
current process WorkingSet (physical memory assigned to process): 150M, peak: 184M
current process commit charge ("private bytes"): 233M, peak: 271M

vm_info: OpenJDK 64-Bit Server VM (14.0.1+7) for windows-amd64 JRE (14.0.1+7), built on Apr 22 2020 14:10:56 by "" with MS VC++ 15.9 (VS2017)

END.
